[2025-04-30T12:49:15.639+0000] {taskinstance.py:1159} INFO - Dependencies all met for dep_context=non-requeueable deps ti=<TaskInstance: POC_orange_data2.spark_task2 manual__2025-04-30T12:49:14.996320+00:00 [queued]>
[2025-04-30T12:49:15.649+0000] {taskinstance.py:1159} INFO - Dependencies all met for dep_context=requeueable deps ti=<TaskInstance: POC_orange_data2.spark_task2 manual__2025-04-30T12:49:14.996320+00:00 [queued]>
[2025-04-30T12:49:15.649+0000] {taskinstance.py:1361} INFO - Starting attempt 1 of 1
[2025-04-30T12:49:15.664+0000] {taskinstance.py:1382} INFO - Executing <Task(PythonOperator): spark_task2> on 2025-04-30 12:49:14.996320+00:00
[2025-04-30T12:49:15.673+0000] {standard_task_runner.py:57} INFO - Started process 1932 to run task
[2025-04-30T12:49:15.678+0000] {standard_task_runner.py:84} INFO - Running: ['***', 'tasks', 'run', 'POC_orange_data2', 'spark_task2', 'manual__2025-04-30T12:49:14.996320+00:00', '--job-id', '160', '--raw', '--subdir', 'DAGS_FOLDER/pass_data.py', '--cfg-path', '/tmp/tmppueccuqn']
[2025-04-30T12:49:15.682+0000] {standard_task_runner.py:85} INFO - Job 160: Subtask spark_task2
[2025-04-30T12:49:15.744+0000] {task_command.py:416} INFO - Running <TaskInstance: POC_orange_data2.spark_task2 manual__2025-04-30T12:49:14.996320+00:00 [running]> on host d9ec160e05b6
[2025-04-30T12:49:16.124+0000] {taskinstance.py:1662} INFO - Exporting env vars: AIRFLOW_CTX_DAG_OWNER='***' AIRFLOW_CTX_DAG_ID='POC_orange_data2' AIRFLOW_CTX_TASK_ID='spark_task2' AIRFLOW_CTX_EXECUTION_DATE='2025-04-30T12:49:14.996320+00:00' AIRFLOW_CTX_TRY_NUMBER='1' AIRFLOW_CTX_DAG_RUN_ID='manual__2025-04-30T12:49:14.996320+00:00'
[2025-04-30T12:49:16.125+0000] {logging_mixin.py:154} INFO - === Starting Spark CSV Processing DAG ===
[2025-04-30T12:49:20.844+0000] {logging_mixin.py:154} INFO - [INFO] Spark session successfully created.
[2025-04-30T12:49:20.845+0000] {logging_mixin.py:154} INFO - [INFO] Looking for CSV files in directory: /opt/***/data
[2025-04-30T12:49:20.846+0000] {logging_mixin.py:154} INFO - [INFO] 34 file(s) found for processing.
[2025-04-30T12:49:20.846+0000] {logging_mixin.py:154} INFO - [INFO] Processing file 1/34: /opt/***/data/generated_data_1.csv
[2025-04-30T12:49:44.259+0000] {logging_mixin.py:154} INFO - [INFO] File /opt/***/data/generated_data_1.csv successfully read with 2000000 rows.
[2025-04-30T12:49:44.261+0000] {logging_mixin.py:154} INFO - [INFO] Applying sampling transformation...
[2025-04-30T12:49:45.688+0000] {logging_mixin.py:154} INFO - [INFO] Sampled DataFrame has 600876 rows.
[2025-04-30T12:49:45.689+0000] {logging_mixin.py:154} INFO - [INFO] Writing to Elasticsearch...
[2025-04-30T12:50:36.791+0000] {logging_mixin.py:154} INFO - [SUCCESS] Successfully processed and indexed: /opt/***/data/generated_data_1.csv
[2025-04-30T12:50:36.792+0000] {logging_mixin.py:154} INFO - [INFO] Processing file 2/34: /opt/***/data/generated_data_10.csv
[2025-04-30T12:50:50.248+0000] {logging_mixin.py:154} INFO - [INFO] File /opt/***/data/generated_data_10.csv successfully read with 2000000 rows.
[2025-04-30T12:50:50.250+0000] {logging_mixin.py:154} INFO - [INFO] Applying sampling transformation...
[2025-04-30T12:50:51.797+0000] {logging_mixin.py:154} INFO - [INFO] Sampled DataFrame has 600869 rows.
[2025-04-30T12:50:51.798+0000] {logging_mixin.py:154} INFO - [INFO] Writing to Elasticsearch...
[2025-04-30T12:51:36.336+0000] {logging_mixin.py:154} INFO - [SUCCESS] Successfully processed and indexed: /opt/***/data/generated_data_10.csv
[2025-04-30T12:51:36.337+0000] {logging_mixin.py:154} INFO - [INFO] Processing file 3/34: /opt/***/data/generated_data_11.csv
[2025-04-30T12:51:48.490+0000] {logging_mixin.py:154} INFO - [INFO] File /opt/***/data/generated_data_11.csv successfully read with 2000000 rows.
[2025-04-30T12:51:48.491+0000] {logging_mixin.py:154} INFO - [INFO] Applying sampling transformation...
[2025-04-30T12:51:49.785+0000] {logging_mixin.py:154} INFO - [INFO] Sampled DataFrame has 600869 rows.
[2025-04-30T12:51:49.787+0000] {logging_mixin.py:154} INFO - [INFO] Writing to Elasticsearch...
[2025-04-30T12:52:37.253+0000] {logging_mixin.py:154} INFO - [SUCCESS] Successfully processed and indexed: /opt/***/data/generated_data_11.csv
[2025-04-30T12:52:37.254+0000] {logging_mixin.py:154} INFO - [INFO] Processing file 4/34: /opt/***/data/generated_data_12.csv
[2025-04-30T12:52:47.221+0000] {logging_mixin.py:154} INFO - [INFO] File /opt/***/data/generated_data_12.csv successfully read with 2000000 rows.
[2025-04-30T12:52:47.223+0000] {logging_mixin.py:154} INFO - [INFO] Applying sampling transformation...
[2025-04-30T12:52:48.491+0000] {logging_mixin.py:154} INFO - [INFO] Sampled DataFrame has 600873 rows.
[2025-04-30T12:52:48.492+0000] {logging_mixin.py:154} INFO - [INFO] Writing to Elasticsearch...
[2025-04-30T12:53:34.301+0000] {logging_mixin.py:154} INFO - [SUCCESS] Successfully processed and indexed: /opt/***/data/generated_data_12.csv
[2025-04-30T12:53:34.303+0000] {logging_mixin.py:154} INFO - [INFO] Processing file 5/34: /opt/***/data/generated_data_13.csv
[2025-04-30T12:53:47.077+0000] {logging_mixin.py:154} INFO - [INFO] File /opt/***/data/generated_data_13.csv successfully read with 2000000 rows.
[2025-04-30T12:53:47.079+0000] {logging_mixin.py:154} INFO - [INFO] Applying sampling transformation...
[2025-04-30T12:53:48.355+0000] {logging_mixin.py:154} INFO - [INFO] Sampled DataFrame has 600872 rows.
[2025-04-30T12:53:48.357+0000] {logging_mixin.py:154} INFO - [INFO] Writing to Elasticsearch...
[2025-04-30T12:54:36.096+0000] {logging_mixin.py:154} INFO - [SUCCESS] Successfully processed and indexed: /opt/***/data/generated_data_13.csv
[2025-04-30T12:54:36.097+0000] {logging_mixin.py:154} INFO - [INFO] Processing file 6/34: /opt/***/data/generated_data_14.csv
[2025-04-30T12:54:49.592+0000] {logging_mixin.py:154} INFO - [INFO] File /opt/***/data/generated_data_14.csv successfully read with 2000000 rows.
[2025-04-30T12:54:49.594+0000] {logging_mixin.py:154} INFO - [INFO] Applying sampling transformation...
[2025-04-30T12:54:51.030+0000] {logging_mixin.py:154} INFO - [INFO] Sampled DataFrame has 600867 rows.
[2025-04-30T12:54:51.034+0000] {logging_mixin.py:154} INFO - [INFO] Writing to Elasticsearch...
[2025-04-30T12:55:37.965+0000] {logging_mixin.py:154} INFO - [SUCCESS] Successfully processed and indexed: /opt/***/data/generated_data_14.csv
[2025-04-30T12:55:37.966+0000] {logging_mixin.py:154} INFO - [INFO] Processing file 7/34: /opt/***/data/generated_data_15.csv
[2025-04-30T12:55:49.480+0000] {logging_mixin.py:154} INFO - [INFO] File /opt/***/data/generated_data_15.csv successfully read with 2000000 rows.
[2025-04-30T12:55:49.482+0000] {logging_mixin.py:154} INFO - [INFO] Applying sampling transformation...
[2025-04-30T12:55:50.942+0000] {logging_mixin.py:154} INFO - [INFO] Sampled DataFrame has 600872 rows.
[2025-04-30T12:55:50.942+0000] {logging_mixin.py:154} INFO - [INFO] Writing to Elasticsearch...
[2025-04-30T12:56:40.813+0000] {logging_mixin.py:154} INFO - [SUCCESS] Successfully processed and indexed: /opt/***/data/generated_data_15.csv
[2025-04-30T12:56:40.814+0000] {logging_mixin.py:154} INFO - [INFO] Processing file 8/34: /opt/***/data/generated_data_16.csv
[2025-04-30T12:56:53.201+0000] {logging_mixin.py:154} INFO - [INFO] File /opt/***/data/generated_data_16.csv successfully read with 2000000 rows.
[2025-04-30T12:56:53.203+0000] {logging_mixin.py:154} INFO - [INFO] Applying sampling transformation...
[2025-04-30T12:56:54.336+0000] {logging_mixin.py:154} INFO - [INFO] Sampled DataFrame has 600867 rows.
[2025-04-30T12:56:54.337+0000] {logging_mixin.py:154} INFO - [INFO] Writing to Elasticsearch...
[2025-04-30T12:57:44.348+0000] {logging_mixin.py:154} INFO - [SUCCESS] Successfully processed and indexed: /opt/***/data/generated_data_16.csv
[2025-04-30T12:57:44.350+0000] {logging_mixin.py:154} INFO - [INFO] Processing file 9/34: /opt/***/data/generated_data_17.csv
[2025-04-30T12:57:58.680+0000] {logging_mixin.py:154} INFO - [INFO] File /opt/***/data/generated_data_17.csv successfully read with 2000000 rows.
[2025-04-30T12:57:58.683+0000] {logging_mixin.py:154} INFO - [INFO] Applying sampling transformation...
[2025-04-30T12:58:00.389+0000] {logging_mixin.py:154} INFO - [INFO] Sampled DataFrame has 600869 rows.
[2025-04-30T12:58:00.390+0000] {logging_mixin.py:154} INFO - [INFO] Writing to Elasticsearch...
[2025-04-30T12:59:01.873+0000] {logging_mixin.py:154} INFO - [SUCCESS] Successfully processed and indexed: /opt/***/data/generated_data_17.csv
[2025-04-30T12:59:01.874+0000] {logging_mixin.py:154} INFO - [INFO] Processing file 10/34: /opt/***/data/generated_data_18.csv
[2025-04-30T12:59:14.339+0000] {logging_mixin.py:154} INFO - [INFO] File /opt/***/data/generated_data_18.csv successfully read with 2000000 rows.
[2025-04-30T12:59:14.340+0000] {logging_mixin.py:154} INFO - [INFO] Applying sampling transformation...
[2025-04-30T12:59:15.428+0000] {logging_mixin.py:154} INFO - [INFO] Sampled DataFrame has 600866 rows.
[2025-04-30T12:59:15.430+0000] {logging_mixin.py:154} INFO - [INFO] Writing to Elasticsearch...
[2025-04-30T13:00:02.475+0000] {logging_mixin.py:154} INFO - [SUCCESS] Successfully processed and indexed: /opt/***/data/generated_data_18.csv
[2025-04-30T13:00:02.476+0000] {logging_mixin.py:154} INFO - [INFO] Processing file 11/34: /opt/***/data/generated_data_19.csv
[2025-04-30T13:00:14.651+0000] {logging_mixin.py:154} INFO - [INFO] File /opt/***/data/generated_data_19.csv successfully read with 2000000 rows.
[2025-04-30T13:00:14.653+0000] {logging_mixin.py:154} INFO - [INFO] Applying sampling transformation...
[2025-04-30T13:00:15.741+0000] {logging_mixin.py:154} INFO - [INFO] Sampled DataFrame has 600874 rows.
[2025-04-30T13:00:15.742+0000] {logging_mixin.py:154} INFO - [INFO] Writing to Elasticsearch...
[2025-04-30T13:01:06.474+0000] {logging_mixin.py:154} INFO - [SUCCESS] Successfully processed and indexed: /opt/***/data/generated_data_19.csv
[2025-04-30T13:01:06.476+0000] {logging_mixin.py:154} INFO - [INFO] Processing file 12/34: /opt/***/data/generated_data_2.csv
[2025-04-30T13:01:19.069+0000] {logging_mixin.py:154} INFO - [INFO] File /opt/***/data/generated_data_2.csv successfully read with 2000000 rows.
[2025-04-30T13:01:19.072+0000] {logging_mixin.py:154} INFO - [INFO] Applying sampling transformation...
[2025-04-30T13:01:20.474+0000] {logging_mixin.py:154} INFO - [INFO] Sampled DataFrame has 600870 rows.
[2025-04-30T13:01:20.475+0000] {logging_mixin.py:154} INFO - [INFO] Writing to Elasticsearch...
[2025-04-30T13:02:07.819+0000] {logging_mixin.py:154} INFO - [SUCCESS] Successfully processed and indexed: /opt/***/data/generated_data_2.csv
[2025-04-30T13:02:07.821+0000] {logging_mixin.py:154} INFO - [INFO] Processing file 13/34: /opt/***/data/generated_data_20.csv
[2025-04-30T13:02:20.263+0000] {logging_mixin.py:154} INFO - [INFO] File /opt/***/data/generated_data_20.csv successfully read with 2000000 rows.
[2025-04-30T13:02:20.266+0000] {logging_mixin.py:154} INFO - [INFO] Applying sampling transformation...
[2025-04-30T13:02:21.462+0000] {logging_mixin.py:154} INFO - [INFO] Sampled DataFrame has 600869 rows.
[2025-04-30T13:02:21.463+0000] {logging_mixin.py:154} INFO - [INFO] Writing to Elasticsearch...
[2025-04-30T13:03:15.460+0000] {logging_mixin.py:154} INFO - [SUCCESS] Successfully processed and indexed: /opt/***/data/generated_data_20.csv
[2025-04-30T13:03:15.461+0000] {logging_mixin.py:154} INFO - [INFO] Processing file 14/34: /opt/***/data/generated_data_21.csv
[2025-04-30T13:03:28.005+0000] {logging_mixin.py:154} INFO - [INFO] File /opt/***/data/generated_data_21.csv successfully read with 2000000 rows.
[2025-04-30T13:03:28.006+0000] {logging_mixin.py:154} INFO - [INFO] Applying sampling transformation...
[2025-04-30T13:03:29.231+0000] {logging_mixin.py:154} INFO - [INFO] Sampled DataFrame has 600872 rows.
[2025-04-30T13:03:29.232+0000] {logging_mixin.py:154} INFO - [INFO] Writing to Elasticsearch...
[2025-04-30T13:04:18.329+0000] {logging_mixin.py:154} INFO - [SUCCESS] Successfully processed and indexed: /opt/***/data/generated_data_21.csv
[2025-04-30T13:04:18.331+0000] {logging_mixin.py:154} INFO - [INFO] Processing file 15/34: /opt/***/data/generated_data_22.csv
[2025-04-30T13:04:31.113+0000] {logging_mixin.py:154} INFO - [INFO] File /opt/***/data/generated_data_22.csv successfully read with 2000000 rows.
[2025-04-30T13:04:31.115+0000] {logging_mixin.py:154} INFO - [INFO] Applying sampling transformation...
[2025-04-30T13:04:32.306+0000] {logging_mixin.py:154} INFO - [INFO] Sampled DataFrame has 600866 rows.
[2025-04-30T13:04:32.308+0000] {logging_mixin.py:154} INFO - [INFO] Writing to Elasticsearch...
[2025-04-30T13:05:22.918+0000] {logging_mixin.py:154} INFO - [SUCCESS] Successfully processed and indexed: /opt/***/data/generated_data_22.csv
[2025-04-30T13:05:22.919+0000] {logging_mixin.py:154} INFO - [INFO] Processing file 16/34: /opt/***/data/generated_data_23.csv
[2025-04-30T13:05:34.783+0000] {logging_mixin.py:154} INFO - [INFO] File /opt/***/data/generated_data_23.csv successfully read with 2000000 rows.
[2025-04-30T13:05:34.785+0000] {logging_mixin.py:154} INFO - [INFO] Applying sampling transformation...
[2025-04-30T13:05:35.965+0000] {logging_mixin.py:154} INFO - [INFO] Sampled DataFrame has 600867 rows.
[2025-04-30T13:05:35.966+0000] {logging_mixin.py:154} INFO - [INFO] Writing to Elasticsearch...
[2025-04-30T13:06:32.014+0000] {logging_mixin.py:154} INFO - [SUCCESS] Successfully processed and indexed: /opt/***/data/generated_data_23.csv
[2025-04-30T13:06:32.016+0000] {logging_mixin.py:154} INFO - [INFO] Processing file 17/34: /opt/***/data/generated_data_24.csv
[2025-04-30T13:06:47.932+0000] {logging_mixin.py:154} INFO - [INFO] File /opt/***/data/generated_data_24.csv successfully read with 2000000 rows.
[2025-04-30T13:06:47.934+0000] {logging_mixin.py:154} INFO - [INFO] Applying sampling transformation...
[2025-04-30T13:06:49.548+0000] {logging_mixin.py:154} INFO - [INFO] Sampled DataFrame has 600867 rows.
[2025-04-30T13:06:49.550+0000] {logging_mixin.py:154} INFO - [INFO] Writing to Elasticsearch...
[2025-04-30T13:07:57.043+0000] {logging_mixin.py:154} INFO - [SUCCESS] Successfully processed and indexed: /opt/***/data/generated_data_24.csv
[2025-04-30T13:07:57.044+0000] {logging_mixin.py:154} INFO - [INFO] Processing file 18/34: /opt/***/data/generated_data_25.csv
[2025-04-30T13:08:13.153+0000] {logging_mixin.py:154} INFO - [INFO] File /opt/***/data/generated_data_25.csv successfully read with 2000000 rows.
[2025-04-30T13:08:13.157+0000] {logging_mixin.py:154} INFO - [INFO] Applying sampling transformation...
[2025-04-30T13:08:15.552+0000] {logging_mixin.py:154} INFO - [INFO] Sampled DataFrame has 600867 rows.
[2025-04-30T13:08:15.554+0000] {logging_mixin.py:154} INFO - [INFO] Writing to Elasticsearch...
[2025-04-30T13:09:26.852+0000] {logging_mixin.py:154} INFO - [SUCCESS] Successfully processed and indexed: /opt/***/data/generated_data_25.csv
[2025-04-30T13:09:26.853+0000] {logging_mixin.py:154} INFO - [INFO] Processing file 19/34: /opt/***/data/generated_data_26.csv
[2025-04-30T13:09:38.374+0000] {logging_mixin.py:154} INFO - [INFO] File /opt/***/data/generated_data_26.csv successfully read with 2000000 rows.
[2025-04-30T13:09:38.375+0000] {logging_mixin.py:154} INFO - [INFO] Applying sampling transformation...
[2025-04-30T13:09:39.461+0000] {logging_mixin.py:154} INFO - [INFO] Sampled DataFrame has 600872 rows.
[2025-04-30T13:09:39.462+0000] {logging_mixin.py:154} INFO - [INFO] Writing to Elasticsearch...
[2025-04-30T13:10:30.016+0000] {logging_mixin.py:154} INFO - [SUCCESS] Successfully processed and indexed: /opt/***/data/generated_data_26.csv
[2025-04-30T13:10:30.017+0000] {logging_mixin.py:154} INFO - [INFO] Processing file 20/34: /opt/***/data/generated_data_27.csv
[2025-04-30T13:10:42.140+0000] {logging_mixin.py:154} INFO - [INFO] File /opt/***/data/generated_data_27.csv successfully read with 2000000 rows.
[2025-04-30T13:10:42.142+0000] {logging_mixin.py:154} INFO - [INFO] Applying sampling transformation...
[2025-04-30T13:10:43.579+0000] {logging_mixin.py:154} INFO - [INFO] Sampled DataFrame has 600870 rows.
[2025-04-30T13:10:43.581+0000] {logging_mixin.py:154} INFO - [INFO] Writing to Elasticsearch...
[2025-04-30T13:11:34.367+0000] {logging_mixin.py:154} INFO - [SUCCESS] Successfully processed and indexed: /opt/***/data/generated_data_27.csv
[2025-04-30T13:11:34.369+0000] {logging_mixin.py:154} INFO - [INFO] Processing file 21/34: /opt/***/data/generated_data_28.csv
[2025-04-30T13:11:48.104+0000] {logging_mixin.py:154} INFO - [INFO] File /opt/***/data/generated_data_28.csv successfully read with 2000000 rows.
[2025-04-30T13:11:48.106+0000] {logging_mixin.py:154} INFO - [INFO] Applying sampling transformation...
[2025-04-30T13:11:49.230+0000] {logging_mixin.py:154} INFO - [INFO] Sampled DataFrame has 600869 rows.
[2025-04-30T13:11:49.231+0000] {logging_mixin.py:154} INFO - [INFO] Writing to Elasticsearch...
[2025-04-30T13:12:45.154+0000] {logging_mixin.py:154} INFO - [SUCCESS] Successfully processed and indexed: /opt/***/data/generated_data_28.csv
[2025-04-30T13:12:45.155+0000] {logging_mixin.py:154} INFO - [INFO] Processing file 22/34: /opt/***/data/generated_data_29.csv
[2025-04-30T13:12:56.284+0000] {logging_mixin.py:154} INFO - [INFO] File /opt/***/data/generated_data_29.csv successfully read with 2000000 rows.
[2025-04-30T13:12:56.286+0000] {logging_mixin.py:154} INFO - [INFO] Applying sampling transformation...
[2025-04-30T13:12:57.829+0000] {logging_mixin.py:154} INFO - [INFO] Sampled DataFrame has 600869 rows.
[2025-04-30T13:12:57.831+0000] {logging_mixin.py:154} INFO - [INFO] Writing to Elasticsearch...
[2025-04-30T13:13:40.932+0000] {logging_mixin.py:154} INFO - [SUCCESS] Successfully processed and indexed: /opt/***/data/generated_data_29.csv
[2025-04-30T13:13:40.934+0000] {logging_mixin.py:154} INFO - [INFO] Processing file 23/34: /opt/***/data/generated_data_3.csv
[2025-04-30T13:13:54.615+0000] {logging_mixin.py:154} INFO - [INFO] File /opt/***/data/generated_data_3.csv successfully read with 2000000 rows.
[2025-04-30T13:13:54.617+0000] {logging_mixin.py:154} INFO - [INFO] Applying sampling transformation...
[2025-04-30T13:13:56.240+0000] {logging_mixin.py:154} INFO - [INFO] Sampled DataFrame has 600867 rows.
[2025-04-30T13:13:56.242+0000] {logging_mixin.py:154} INFO - [INFO] Writing to Elasticsearch...
[2025-04-30T13:14:48.340+0000] {logging_mixin.py:154} INFO - [SUCCESS] Successfully processed and indexed: /opt/***/data/generated_data_3.csv
[2025-04-30T13:14:48.341+0000] {logging_mixin.py:154} INFO - [INFO] Processing file 24/34: /opt/***/data/generated_data_30.csv
[2025-04-30T13:15:00.782+0000] {logging_mixin.py:154} INFO - [INFO] File /opt/***/data/generated_data_30.csv successfully read with 2000000 rows.
[2025-04-30T13:15:00.784+0000] {logging_mixin.py:154} INFO - [INFO] Applying sampling transformation...
[2025-04-30T13:15:02.237+0000] {logging_mixin.py:154} INFO - [INFO] Sampled DataFrame has 600869 rows.
[2025-04-30T13:15:02.238+0000] {logging_mixin.py:154} INFO - [INFO] Writing to Elasticsearch...
[2025-04-30T13:15:57.788+0000] {logging_mixin.py:154} INFO - [SUCCESS] Successfully processed and indexed: /opt/***/data/generated_data_30.csv
[2025-04-30T13:15:57.789+0000] {logging_mixin.py:154} INFO - [INFO] Processing file 25/34: /opt/***/data/generated_data_31.csv
[2025-04-30T13:16:08.736+0000] {logging_mixin.py:154} INFO - [INFO] File /opt/***/data/generated_data_31.csv successfully read with 2000000 rows.
[2025-04-30T13:16:08.737+0000] {logging_mixin.py:154} INFO - [INFO] Applying sampling transformation...
[2025-04-30T13:16:09.910+0000] {logging_mixin.py:154} INFO - [INFO] Sampled DataFrame has 600870 rows.
[2025-04-30T13:16:09.911+0000] {logging_mixin.py:154} INFO - [INFO] Writing to Elasticsearch...
[2025-04-30T13:16:55.106+0000] {logging_mixin.py:154} INFO - [SUCCESS] Successfully processed and indexed: /opt/***/data/generated_data_31.csv
[2025-04-30T13:16:55.107+0000] {logging_mixin.py:154} INFO - [INFO] Processing file 26/34: /opt/***/data/generated_data_32.csv
[2025-04-30T13:17:05.973+0000] {logging_mixin.py:154} INFO - [INFO] File /opt/***/data/generated_data_32.csv successfully read with 2000000 rows.
[2025-04-30T13:17:05.975+0000] {logging_mixin.py:154} INFO - [INFO] Applying sampling transformation...
[2025-04-30T13:17:07.104+0000] {logging_mixin.py:154} INFO - [INFO] Sampled DataFrame has 600873 rows.
[2025-04-30T13:17:07.106+0000] {logging_mixin.py:154} INFO - [INFO] Writing to Elasticsearch...
[2025-04-30T13:17:50.176+0000] {logging_mixin.py:154} INFO - [SUCCESS] Successfully processed and indexed: /opt/***/data/generated_data_32.csv
[2025-04-30T13:17:50.178+0000] {logging_mixin.py:154} INFO - [INFO] Processing file 27/34: /opt/***/data/generated_data_33.csv
[2025-04-30T13:18:00.787+0000] {logging_mixin.py:154} INFO - [INFO] File /opt/***/data/generated_data_33.csv successfully read with 2000000 rows.
[2025-04-30T13:18:00.788+0000] {logging_mixin.py:154} INFO - [INFO] Applying sampling transformation...
[2025-04-30T13:18:01.820+0000] {logging_mixin.py:154} INFO - [INFO] Sampled DataFrame has 600869 rows.
[2025-04-30T13:18:01.821+0000] {logging_mixin.py:154} INFO - [INFO] Writing to Elasticsearch...
[2025-04-30T13:18:44.658+0000] {logging_mixin.py:154} INFO - [SUCCESS] Successfully processed and indexed: /opt/***/data/generated_data_33.csv
[2025-04-30T13:18:44.659+0000] {logging_mixin.py:154} INFO - [INFO] Processing file 28/34: /opt/***/data/generated_data_34.csv
[2025-04-30T13:18:55.322+0000] {logging_mixin.py:154} INFO - [INFO] File /opt/***/data/generated_data_34.csv successfully read with 2000000 rows.
[2025-04-30T13:18:55.323+0000] {logging_mixin.py:154} INFO - [INFO] Applying sampling transformation...
[2025-04-30T13:18:56.181+0000] {logging_mixin.py:154} INFO - [INFO] Sampled DataFrame has 600868 rows.
[2025-04-30T13:18:56.182+0000] {logging_mixin.py:154} INFO - [INFO] Writing to Elasticsearch...
[2025-04-30T13:19:41.724+0000] {logging_mixin.py:154} INFO - [SUCCESS] Successfully processed and indexed: /opt/***/data/generated_data_34.csv
[2025-04-30T13:19:41.725+0000] {logging_mixin.py:154} INFO - [INFO] Processing file 29/34: /opt/***/data/generated_data_4.csv
[2025-04-30T13:19:55.242+0000] {logging_mixin.py:154} INFO - [INFO] File /opt/***/data/generated_data_4.csv successfully read with 2000000 rows.
[2025-04-30T13:19:55.244+0000] {logging_mixin.py:154} INFO - [INFO] Applying sampling transformation...
[2025-04-30T13:19:56.690+0000] {logging_mixin.py:154} INFO - [INFO] Sampled DataFrame has 600870 rows.
[2025-04-30T13:19:56.692+0000] {logging_mixin.py:154} INFO - [INFO] Writing to Elasticsearch...
[2025-04-30T13:20:55.787+0000] {logging_mixin.py:154} INFO - [SUCCESS] Successfully processed and indexed: /opt/***/data/generated_data_4.csv
[2025-04-30T13:20:55.788+0000] {logging_mixin.py:154} INFO - [INFO] Processing file 30/34: /opt/***/data/generated_data_5.csv
[2025-04-30T13:21:08.869+0000] {logging_mixin.py:154} INFO - [INFO] File /opt/***/data/generated_data_5.csv successfully read with 2000000 rows.
[2025-04-30T13:21:08.870+0000] {logging_mixin.py:154} INFO - [INFO] Applying sampling transformation...
[2025-04-30T13:21:10.713+0000] {logging_mixin.py:154} INFO - [INFO] Sampled DataFrame has 600876 rows.
[2025-04-30T13:21:10.715+0000] {logging_mixin.py:154} INFO - [INFO] Writing to Elasticsearch...
[2025-04-30T13:22:08.216+0000] {logging_mixin.py:154} INFO - [SUCCESS] Successfully processed and indexed: /opt/***/data/generated_data_5.csv
[2025-04-30T13:22:08.218+0000] {logging_mixin.py:154} INFO - [INFO] Processing file 31/34: /opt/***/data/generated_data_6.csv
[2025-04-30T13:22:20.685+0000] {logging_mixin.py:154} INFO - [INFO] File /opt/***/data/generated_data_6.csv successfully read with 2000000 rows.
[2025-04-30T13:22:20.688+0000] {logging_mixin.py:154} INFO - [INFO] Applying sampling transformation...
[2025-04-30T13:22:21.775+0000] {logging_mixin.py:154} INFO - [INFO] Sampled DataFrame has 600869 rows.
[2025-04-30T13:22:21.776+0000] {logging_mixin.py:154} INFO - [INFO] Writing to Elasticsearch...
[2025-04-30T13:23:15.597+0000] {logging_mixin.py:154} INFO - [SUCCESS] Successfully processed and indexed: /opt/***/data/generated_data_6.csv
[2025-04-30T13:23:15.599+0000] {logging_mixin.py:154} INFO - [INFO] Processing file 32/34: /opt/***/data/generated_data_7.csv
[2025-04-30T13:23:29.593+0000] {logging_mixin.py:154} INFO - [INFO] File /opt/***/data/generated_data_7.csv successfully read with 2000000 rows.
[2025-04-30T13:23:29.597+0000] {logging_mixin.py:154} INFO - [INFO] Applying sampling transformation...
[2025-04-30T13:23:31.193+0000] {logging_mixin.py:154} INFO - [INFO] Sampled DataFrame has 600868 rows.
[2025-04-30T13:23:31.195+0000] {logging_mixin.py:154} INFO - [INFO] Writing to Elasticsearch...
[2025-04-30T13:24:37.334+0000] {logging_mixin.py:154} INFO - [SUCCESS] Successfully processed and indexed: /opt/***/data/generated_data_7.csv
[2025-04-30T13:24:37.335+0000] {logging_mixin.py:154} INFO - [INFO] Processing file 33/34: /opt/***/data/generated_data_8.csv
[2025-04-30T13:24:48.204+0000] {logging_mixin.py:154} INFO - [INFO] File /opt/***/data/generated_data_8.csv successfully read with 2000000 rows.
[2025-04-30T13:24:48.205+0000] {logging_mixin.py:154} INFO - [INFO] Applying sampling transformation...
[2025-04-30T13:24:49.227+0000] {logging_mixin.py:154} INFO - [INFO] Sampled DataFrame has 600871 rows.
[2025-04-30T13:24:49.228+0000] {logging_mixin.py:154} INFO - [INFO] Writing to Elasticsearch...
[2025-04-30T13:25:41.622+0000] {logging_mixin.py:154} INFO - [SUCCESS] Successfully processed and indexed: /opt/***/data/generated_data_8.csv
[2025-04-30T13:25:41.623+0000] {logging_mixin.py:154} INFO - [INFO] Processing file 34/34: /opt/***/data/generated_data_9.csv
[2025-04-30T13:25:54.537+0000] {logging_mixin.py:154} INFO - [INFO] File /opt/***/data/generated_data_9.csv successfully read with 2000000 rows.
[2025-04-30T13:25:54.538+0000] {logging_mixin.py:154} INFO - [INFO] Applying sampling transformation...
[2025-04-30T13:25:55.943+0000] {logging_mixin.py:154} INFO - [INFO] Sampled DataFrame has 600872 rows.
[2025-04-30T13:25:55.944+0000] {logging_mixin.py:154} INFO - [INFO] Writing to Elasticsearch...
[2025-04-30T13:26:46.181+0000] {logging_mixin.py:154} INFO - [SUCCESS] Successfully processed and indexed: /opt/***/data/generated_data_9.csv
[2025-04-30T13:26:46.184+0000] {logging_mixin.py:154} INFO - [INFO] Stopping Spark session.
[2025-04-30T13:26:46.532+0000] {logging_mixin.py:154} INFO - === All files processed and written to Elasticsearch ===
[2025-04-30T13:26:46.534+0000] {python.py:194} INFO - Done. Returned value was: All files processed sequentially and written to Elasticsearch
[2025-04-30T13:26:46.675+0000] {taskinstance.py:1400} INFO - Marking task as SUCCESS. dag_id=POC_orange_data2, task_id=spark_task2, execution_date=20250430T124914, start_date=20250430T124915, end_date=20250430T132646
[2025-04-30T13:26:46.781+0000] {local_task_job_runner.py:228} INFO - Task exited with return code 0
[2025-04-30T13:26:46.872+0000] {taskinstance.py:2778} INFO - 0 downstream tasks scheduled from follow-on schedule check
