[2025-04-03T15:09:06.748+0000] {taskinstance.py:1159} INFO - Dependencies all met for dep_context=non-requeueable deps ti=<TaskInstance: POC_orange_data2.spark_task2 manual__2025-04-03T15:09:06.058152+00:00 [queued]>
[2025-04-03T15:09:06.753+0000] {taskinstance.py:1159} INFO - Dependencies all met for dep_context=requeueable deps ti=<TaskInstance: POC_orange_data2.spark_task2 manual__2025-04-03T15:09:06.058152+00:00 [queued]>
[2025-04-03T15:09:06.753+0000] {taskinstance.py:1361} INFO - Starting attempt 1 of 1
[2025-04-03T15:09:06.762+0000] {taskinstance.py:1382} INFO - Executing <Task(PythonOperator): spark_task2> on 2025-04-03 15:09:06.058152+00:00
[2025-04-03T15:09:06.765+0000] {standard_task_runner.py:57} INFO - Started process 1992 to run task
[2025-04-03T15:09:06.769+0000] {standard_task_runner.py:84} INFO - Running: ['***', 'tasks', 'run', 'POC_orange_data2', 'spark_task2', 'manual__2025-04-03T15:09:06.058152+00:00', '--job-id', '127', '--raw', '--subdir', 'DAGS_FOLDER/pass_data.py', '--cfg-path', '/tmp/tmp0yr3s4l7']
[2025-04-03T15:09:06.770+0000] {standard_task_runner.py:85} INFO - Job 127: Subtask spark_task2
[2025-04-03T15:09:06.805+0000] {task_command.py:416} INFO - Running <TaskInstance: POC_orange_data2.spark_task2 manual__2025-04-03T15:09:06.058152+00:00 [running]> on host 7fe449a6f068
[2025-04-03T15:09:06.963+0000] {taskinstance.py:1662} INFO - Exporting env vars: AIRFLOW_CTX_DAG_OWNER='***' AIRFLOW_CTX_DAG_ID='POC_orange_data2' AIRFLOW_CTX_TASK_ID='spark_task2' AIRFLOW_CTX_EXECUTION_DATE='2025-04-03T15:09:06.058152+00:00' AIRFLOW_CTX_TRY_NUMBER='1' AIRFLOW_CTX_DAG_RUN_ID='manual__2025-04-03T15:09:06.058152+00:00'
[2025-04-03T15:09:09.485+0000] {logging_mixin.py:154} INFO - loading data
[2025-04-03T15:13:29.659+0000] {logging_mixin.py:154} INFO - data loaded
[2025-04-03T15:13:29.661+0000] {logging_mixin.py:154} INFO - performing transformations
[2025-04-03T15:13:29.677+0000] {logging_mixin.py:154} INFO - transformations done
[2025-04-03T15:13:32.392+0000] {taskinstance.py:1937} ERROR - Task failed with exception
Traceback (most recent call last):
  File "/home/airflow/.local/lib/python3.8/site-packages/airflow/operators/python.py", line 192, in execute
    return_value = self.execute_callable()
  File "/home/airflow/.local/lib/python3.8/site-packages/airflow/operators/python.py", line 209, in execute_callable
    return self.python_callable(*self.op_args, **self.op_kwargs)
  File "/opt/airflow/dags/pass_data.py", line 21, in spark_processing
    df.write \
  File "/home/airflow/.local/lib/python3.8/site-packages/pyspark/sql/readwriter.py", line 1461, in save
    self._jwrite.save()
  File "/home/airflow/.local/lib/python3.8/site-packages/py4j/java_gateway.py", line 1322, in __call__
    return_value = get_return_value(
  File "/home/airflow/.local/lib/python3.8/site-packages/pyspark/errors/exceptions/captured.py", line 179, in deco
    return f(*a, **kw)
  File "/home/airflow/.local/lib/python3.8/site-packages/py4j/protocol.py", line 326, in get_return_value
    raise Py4JJavaError(
py4j.protocol.Py4JJavaError: An error occurred while calling o57.save.
: org.apache.spark.SparkException: Job aborted due to stage failure: Task 5 in stage 4.0 failed 1 times, most recent failure: Lost task 5.0 in stage 4.0 (TID 210) (7fe449a6f068 executor driver): org.elasticsearch.hadoop.serialization.EsHadoopSerializationException: org.elasticsearch.hadoop.EsHadoopIllegalArgumentException: [DataFrameFieldExtractor for field [[id]]] cannot extract value from entity [class java.lang.String] | instance [([2057-12-07 16:15:00.0,3,4,6,1,1239,1712,1912,1596,272,1634,1175,221,169606,1633,56618,55577,1389,1261,1236,1064,1110,166,981,1146,1186,224,1586,1006,49,3,45,22,30,3,40,38,170496,92,0,1,183,150,3,1,2,2,0,2,4,0,1,0,4,0,1,2,0,2,1,2,4,3,3,0,1,4],StructType(StructField(TimeStamp,TimestampType,true),StructField(afActiveSessions,IntegerType,true),StructField(afSignallingActiveSessions,IntegerType,true),StructField(amfActiveSessions,IntegerType,true),StructField(fixedActiveSessions,IntegerType,true),StructField(gxCcasInitSuccess@SO1GG2,IntegerType,true),StructField(gxCcasInitSuccess@TN1GG2,IntegerType,true),StructField(gxCcasInitSuccess@TN2GG2,IntegerType,true),StructField(gxCcasInitSuccess@TN2VEPG1,IntegerType,true),StructField(gxCcasTerminateSuccess@SO1GG2,IntegerType,true),StructField(gxCcasTerminateSuccess@TN1GG2,IntegerType,true),StructField(gxCcasTerminateSuccess@TN2GG2,IntegerType,true),StructField(gxCcasTerminateSuccess@TN2VEPG1,IntegerType,true),StructField(gxCcasUpdateSuccess@SO1GG2,IntegerType,true),StructField(gxCcasUpdateSuccess@TN1GG2,IntegerType,true),StructField(gxCcasUpdateSuccess@TN2GG2,IntegerType,true),StructField(gxCcasUpdateSuccess@TN2VEPG1,IntegerType,true),StructField(gxCcrsInit@SO1GG2,IntegerType,true),StructField(gxCcrsInit@TN1GG2,IntegerType,true),StructField(gxCcrsInit@TN2GG2,IntegerType,true),StructField(gxCcrsInit@TN2VEPG1,IntegerType,true),StructField(gxCcrsTerminate@SO1GG2,IntegerType,true),StructField(gxCcrsTerminate@TN1GG2,IntegerType,true),StructField(gxCcrsTerminate@TN2GG2,IntegerType,true),StructField(gxCcrsTerminate@TN2VEPG1,IntegerType,true),StructField(gxCcrsUpdate@SO1GG2,IntegerType,true),StructField(gxCcrsUpdate@TN1GG2,IntegerType,true),StructField(gxCcrsUpdate@TN2GG2,IntegerType,true),StructField(gxCcrsUpdate@TN2VEPG1,IntegerType,true),StructField(gxQosRequests@SO1GG2,IntegerType,true),StructField(gxQosRequests@TN1GG2,IntegerType,true),StructField(gxQosRequests@TN2GG2,IntegerType,true),StructField(gxQosRequests@TN2VEPG1,IntegerType,true),StructField(gxRaas@SO1GG2,IntegerType,true),StructField(gxRaas@TN1GG2,IntegerType,true),StructField(gxRaas@TN2GG2,IntegerType,true),StructField(gxRaas@TN2VEPG1,IntegerType,true),StructField(gxRaasSuccess@SO1GG2,IntegerType,true),StructField(gxRaasSuccess@TN1GG2,IntegerType,true),StructField(gxRaasSuccess@TN2GG2,IntegerType,true),StructField(gxRaasSuccess@TN2VEPG1,IntegerType,true),StructField(gxRars@SO1GG2,IntegerType,true),StructField(gxRars@TN1GG2,IntegerType,true),StructField(gxRars@TN2GG2,IntegerType,true),StructField(gxRars@TN2VEPG1,IntegerType,true),StructField(mobileActiveSessions,IntegerType,true),StructField(restGet,IntegerType,true),StructField(rxAaasInitSuccess@rx.so1sbg-pmp1,IntegerType,true),StructField(rxAaasInitSuccess@rx.so1sbg-pmp3,IntegerType,true),StructField(rxAaasInitSuccess@rx.tn2sbg-pmp1,IntegerType,true),StructField(rxAaasSuccess@rx.so1sbg-pmp1,IntegerType,true),StructField(rxAaasSuccess@rx.so1sbg-pmp3,IntegerType,true),StructField(rxAaasSuccess@rx.tn2sbg-pmp1,IntegerType,true),StructField(rxAarsInit@rx.so1sbg-pmp1,IntegerType,true),StructField(rxAarsInit@rx.so1sbg-pmp3,IntegerType,true),StructField(rxAarsInit@rx.tn2sbg-pmp1,IntegerType,true),StructField(rxAarsUpdate@rx.so1sbg-pmp3,IntegerType,true),StructField(rxStasSuccess@rx.so1sbg-pmp1,IntegerType,true),StructField(rxStasSuccess@rx.so1sbg-pmp3,IntegerType,true),StructField(rxStasSuccess@rx.tn2sbg-pmp1,IntegerType,true),StructField(rxStrs@rx.so1sbg-pmp1,IntegerType,true),StructField(rxStrs@rx.so1sbg-pmp3,IntegerType,true),StructField(rxStrs@rx.tn2sbg-pmp1,IntegerType,true),StructField(sdActiveSessions,IntegerType,true),StructField(smfActiveSessions,IntegerType,true),StructField(smpActiveGlobalSessions,IntegerType,true),StructField(subscribers,IntegerType,true)))]
	at org.elasticsearch.hadoop.serialization.bulk.BulkEntryWriter.writeBulkEntry(BulkEntryWriter.java:136)
	at org.elasticsearch.hadoop.rest.RestRepository.writeToIndex(RestRepository.java:170)
	at org.elasticsearch.spark.rdd.EsRDDWriter.write(EsRDDWriter.scala:83)
	at org.elasticsearch.spark.sql.EsSparkSQL$.$anonfun$saveToEs$1(EsSparkSQL.scala:103)
	at org.elasticsearch.spark.sql.EsSparkSQL$.$anonfun$saveToEs$1$adapted(EsSparkSQL.scala:103)
	at org.apache.spark.scheduler.ResultTask.runTask(ResultTask.scala:93)
	at org.apache.spark.TaskContext.runTaskWithListeners(TaskContext.scala:161)
	at org.apache.spark.scheduler.Task.run(Task.scala:141)
	at org.apache.spark.executor.Executor$TaskRunner.$anonfun$run$4(Executor.scala:620)
	at org.apache.spark.util.SparkErrorUtils.tryWithSafeFinally(SparkErrorUtils.scala:64)
	at org.apache.spark.util.SparkErrorUtils.tryWithSafeFinally$(SparkErrorUtils.scala:61)
	at org.apache.spark.util.Utils$.tryWithSafeFinally(Utils.scala:94)
	at org.apache.spark.executor.Executor$TaskRunner.run(Executor.scala:623)
	at java.base/java.util.concurrent.ThreadPoolExecutor.runWorker(ThreadPoolExecutor.java:1128)
	at java.base/java.util.concurrent.ThreadPoolExecutor$Worker.run(ThreadPoolExecutor.java:628)
	at java.base/java.lang.Thread.run(Thread.java:829)
Caused by: org.elasticsearch.hadoop.EsHadoopIllegalArgumentException: [DataFrameFieldExtractor for field [[id]]] cannot extract value from entity [class java.lang.String] | instance [([2057-12-07 16:15:00.0,3,4,6,1,1239,1712,1912,1596,272,1634,1175,221,169606,1633,56618,55577,1389,1261,1236,1064,1110,166,981,1146,1186,224,1586,1006,49,3,45,22,30,3,40,38,170496,92,0,1,183,150,3,1,2,2,0,2,4,0,1,0,4,0,1,2,0,2,1,2,4,3,3,0,1,4],StructType(StructField(TimeStamp,TimestampType,true),StructField(afActiveSessions,IntegerType,true),StructField(afSignallingActiveSessions,IntegerType,true),StructField(amfActiveSessions,IntegerType,true),StructField(fixedActiveSessions,IntegerType,true),StructField(gxCcasInitSuccess@SO1GG2,IntegerType,true),StructField(gxCcasInitSuccess@TN1GG2,IntegerType,true),StructField(gxCcasInitSuccess@TN2GG2,IntegerType,true),StructField(gxCcasInitSuccess@TN2VEPG1,IntegerType,true),StructField(gxCcasTerminateSuccess@SO1GG2,IntegerType,true),StructField(gxCcasTerminateSuccess@TN1GG2,IntegerType,true),StructField(gxCcasTerminateSuccess@TN2GG2,IntegerType,true),StructField(gxCcasTerminateSuccess@TN2VEPG1,IntegerType,true),StructField(gxCcasUpdateSuccess@SO1GG2,IntegerType,true),StructField(gxCcasUpdateSuccess@TN1GG2,IntegerType,true),StructField(gxCcasUpdateSuccess@TN2GG2,IntegerType,true),StructField(gxCcasUpdateSuccess@TN2VEPG1,IntegerType,true),StructField(gxCcrsInit@SO1GG2,IntegerType,true),StructField(gxCcrsInit@TN1GG2,IntegerType,true),StructField(gxCcrsInit@TN2GG2,IntegerType,true),StructField(gxCcrsInit@TN2VEPG1,IntegerType,true),StructField(gxCcrsTerminate@SO1GG2,IntegerType,true),StructField(gxCcrsTerminate@TN1GG2,IntegerType,true),StructField(gxCcrsTerminate@TN2GG2,IntegerType,true),StructField(gxCcrsTerminate@TN2VEPG1,IntegerType,true),StructField(gxCcrsUpdate@SO1GG2,IntegerType,true),StructField(gxCcrsUpdate@TN1GG2,IntegerType,true),StructField(gxCcrsUpdate@TN2GG2,IntegerType,true),StructField(gxCcrsUpdate@TN2VEPG1,IntegerType,true),StructField(gxQosRequests@SO1GG2,IntegerType,true),StructField(gxQosRequests@TN1GG2,IntegerType,true),StructField(gxQosRequests@TN2GG2,IntegerType,true),StructField(gxQosRequests@TN2VEPG1,IntegerType,true),StructField(gxRaas@SO1GG2,IntegerType,true),StructField(gxRaas@TN1GG2,IntegerType,true),StructField(gxRaas@TN2GG2,IntegerType,true),StructField(gxRaas@TN2VEPG1,IntegerType,true),StructField(gxRaasSuccess@SO1GG2,IntegerType,true),StructField(gxRaasSuccess@TN1GG2,IntegerType,true),StructField(gxRaasSuccess@TN2GG2,IntegerType,true),StructField(gxRaasSuccess@TN2VEPG1,IntegerType,true),StructField(gxRars@SO1GG2,IntegerType,true),StructField(gxRars@TN1GG2,IntegerType,true),StructField(gxRars@TN2GG2,IntegerType,true),StructField(gxRars@TN2VEPG1,IntegerType,true),StructField(mobileActiveSessions,IntegerType,true),StructField(restGet,IntegerType,true),StructField(rxAaasInitSuccess@rx.so1sbg-pmp1,IntegerType,true),StructField(rxAaasInitSuccess@rx.so1sbg-pmp3,IntegerType,true),StructField(rxAaasInitSuccess@rx.tn2sbg-pmp1,IntegerType,true),StructField(rxAaasSuccess@rx.so1sbg-pmp1,IntegerType,true),StructField(rxAaasSuccess@rx.so1sbg-pmp3,IntegerType,true),StructField(rxAaasSuccess@rx.tn2sbg-pmp1,IntegerType,true),StructField(rxAarsInit@rx.so1sbg-pmp1,IntegerType,true),StructField(rxAarsInit@rx.so1sbg-pmp3,IntegerType,true),StructField(rxAarsInit@rx.tn2sbg-pmp1,IntegerType,true),StructField(rxAarsUpdate@rx.so1sbg-pmp3,IntegerType,true),StructField(rxStasSuccess@rx.so1sbg-pmp1,IntegerType,true),StructField(rxStasSuccess@rx.so1sbg-pmp3,IntegerType,true),StructField(rxStasSuccess@rx.tn2sbg-pmp1,IntegerType,true),StructField(rxStrs@rx.so1sbg-pmp1,IntegerType,true),StructField(rxStrs@rx.so1sbg-pmp3,IntegerType,true),StructField(rxStrs@rx.tn2sbg-pmp1,IntegerType,true),StructField(sdActiveSessions,IntegerType,true),StructField(smfActiveSessions,IntegerType,true),StructField(smpActiveGlobalSessions,IntegerType,true),StructField(subscribers,IntegerType,true)))]
	at org.elasticsearch.hadoop.serialization.bulk.AbstractBulkFactory$FieldWriter.write(AbstractBulkFactory.java:111)
	at org.elasticsearch.hadoop.serialization.bulk.TemplatedBulk.writeTemplate(TemplatedBulk.java:80)
	at org.elasticsearch.hadoop.serialization.bulk.TemplatedBulk.write(TemplatedBulk.java:56)
	at org.elasticsearch.hadoop.serialization.bulk.BulkEntryWriter.writeBulkEntry(BulkEntryWriter.java:68)
	... 15 more

Driver stacktrace:
	at org.apache.spark.scheduler.DAGScheduler.failJobAndIndependentStages(DAGScheduler.scala:2844)
	at org.apache.spark.scheduler.DAGScheduler.$anonfun$abortStage$2(DAGScheduler.scala:2780)
	at org.apache.spark.scheduler.DAGScheduler.$anonfun$abortStage$2$adapted(DAGScheduler.scala:2779)
	at scala.collection.mutable.ResizableArray.foreach(ResizableArray.scala:62)
	at scala.collection.mutable.ResizableArray.foreach$(ResizableArray.scala:55)
	at scala.collection.mutable.ArrayBuffer.foreach(ArrayBuffer.scala:49)
	at org.apache.spark.scheduler.DAGScheduler.abortStage(DAGScheduler.scala:2779)
	at org.apache.spark.scheduler.DAGScheduler.$anonfun$handleTaskSetFailed$1(DAGScheduler.scala:1242)
	at org.apache.spark.scheduler.DAGScheduler.$anonfun$handleTaskSetFailed$1$adapted(DAGScheduler.scala:1242)
	at scala.Option.foreach(Option.scala:407)
	at org.apache.spark.scheduler.DAGScheduler.handleTaskSetFailed(DAGScheduler.scala:1242)
	at org.apache.spark.scheduler.DAGSchedulerEventProcessLoop.doOnReceive(DAGScheduler.scala:3048)
	at org.apache.spark.scheduler.DAGSchedulerEventProcessLoop.onReceive(DAGScheduler.scala:2982)
	at org.apache.spark.scheduler.DAGSchedulerEventProcessLoop.onReceive(DAGScheduler.scala:2971)
	at org.apache.spark.util.EventLoop$$anon$1.run(EventLoop.scala:49)
	at org.apache.spark.scheduler.DAGScheduler.runJob(DAGScheduler.scala:984)
	at org.apache.spark.SparkContext.runJob(SparkContext.scala:2398)
	at org.apache.spark.SparkContext.runJob(SparkContext.scala:2419)
	at org.apache.spark.SparkContext.runJob(SparkContext.scala:2451)
	at org.elasticsearch.spark.sql.EsSparkSQL$.saveToEs(EsSparkSQL.scala:103)
	at org.elasticsearch.spark.sql.ElasticsearchRelation.insert(DefaultSource.scala:629)
	at org.elasticsearch.spark.sql.DefaultSource.createRelation(DefaultSource.scala:107)
	at org.apache.spark.sql.execution.datasources.SaveIntoDataSourceCommand.run(SaveIntoDataSourceCommand.scala:48)
	at org.apache.spark.sql.execution.command.ExecutedCommandExec.sideEffectResult$lzycompute(commands.scala:75)
	at org.apache.spark.sql.execution.command.ExecutedCommandExec.sideEffectResult(commands.scala:73)
	at org.apache.spark.sql.execution.command.ExecutedCommandExec.executeCollect(commands.scala:84)
	at org.apache.spark.sql.execution.QueryExecution$$anonfun$eagerlyExecuteCommands$1.$anonfun$applyOrElse$1(QueryExecution.scala:107)
	at org.apache.spark.sql.execution.SQLExecution$.$anonfun$withNewExecutionId$6(SQLExecution.scala:125)
	at org.apache.spark.sql.execution.SQLExecution$.withSQLConfPropagated(SQLExecution.scala:201)
	at org.apache.spark.sql.execution.SQLExecution$.$anonfun$withNewExecutionId$1(SQLExecution.scala:108)
	at org.apache.spark.sql.SparkSession.withActive(SparkSession.scala:900)
	at org.apache.spark.sql.execution.SQLExecution$.withNewExecutionId(SQLExecution.scala:66)
	at org.apache.spark.sql.execution.QueryExecution$$anonfun$eagerlyExecuteCommands$1.applyOrElse(QueryExecution.scala:107)
	at org.apache.spark.sql.execution.QueryExecution$$anonfun$eagerlyExecuteCommands$1.applyOrElse(QueryExecution.scala:98)
	at org.apache.spark.sql.catalyst.trees.TreeNode.$anonfun$transformDownWithPruning$1(TreeNode.scala:461)
	at org.apache.spark.sql.catalyst.trees.CurrentOrigin$.withOrigin(origin.scala:76)
	at org.apache.spark.sql.catalyst.trees.TreeNode.transformDownWithPruning(TreeNode.scala:461)
	at org.apache.spark.sql.catalyst.plans.logical.LogicalPlan.org$apache$spark$sql$catalyst$plans$logical$AnalysisHelper$$super$transformDownWithPruning(LogicalPlan.scala:32)
	at org.apache.spark.sql.catalyst.plans.logical.AnalysisHelper.transformDownWithPruning(AnalysisHelper.scala:267)
	at org.apache.spark.sql.catalyst.plans.logical.AnalysisHelper.transformDownWithPruning$(AnalysisHelper.scala:263)
	at org.apache.spark.sql.catalyst.plans.logical.LogicalPlan.transformDownWithPruning(LogicalPlan.scala:32)
	at org.apache.spark.sql.catalyst.plans.logical.LogicalPlan.transformDownWithPruning(LogicalPlan.scala:32)
	at org.apache.spark.sql.catalyst.trees.TreeNode.transformDown(TreeNode.scala:437)
	at org.apache.spark.sql.execution.QueryExecution.eagerlyExecuteCommands(QueryExecution.scala:98)
	at org.apache.spark.sql.execution.QueryExecution.commandExecuted$lzycompute(QueryExecution.scala:85)
	at org.apache.spark.sql.execution.QueryExecution.commandExecuted(QueryExecution.scala:83)
	at org.apache.spark.sql.execution.QueryExecution.assertCommandExecuted(QueryExecution.scala:142)
	at org.apache.spark.sql.DataFrameWriter.runCommand(DataFrameWriter.scala:859)
	at org.apache.spark.sql.DataFrameWriter.saveToV1Source(DataFrameWriter.scala:388)
	at org.apache.spark.sql.DataFrameWriter.saveInternal(DataFrameWriter.scala:361)
	at org.apache.spark.sql.DataFrameWriter.save(DataFrameWriter.scala:248)
	at java.base/jdk.internal.reflect.NativeMethodAccessorImpl.invoke0(Native Method)
	at java.base/jdk.internal.reflect.NativeMethodAccessorImpl.invoke(NativeMethodAccessorImpl.java:62)
	at java.base/jdk.internal.reflect.DelegatingMethodAccessorImpl.invoke(DelegatingMethodAccessorImpl.java:43)
	at java.base/java.lang.reflect.Method.invoke(Method.java:566)
	at py4j.reflection.MethodInvoker.invoke(MethodInvoker.java:244)
	at py4j.reflection.ReflectionEngine.invoke(ReflectionEngine.java:374)
	at py4j.Gateway.invoke(Gateway.java:282)
	at py4j.commands.AbstractCommand.invokeMethod(AbstractCommand.java:132)
	at py4j.commands.CallCommand.execute(CallCommand.java:79)
	at py4j.ClientServerConnection.waitForCommands(ClientServerConnection.java:182)
	at py4j.ClientServerConnection.run(ClientServerConnection.java:106)
	at java.base/java.lang.Thread.run(Thread.java:829)
Caused by: org.elasticsearch.hadoop.serialization.EsHadoopSerializationException: org.elasticsearch.hadoop.EsHadoopIllegalArgumentException: [DataFrameFieldExtractor for field [[id]]] cannot extract value from entity [class java.lang.String] | instance [([2057-12-07 16:15:00.0,3,4,6,1,1239,1712,1912,1596,272,1634,1175,221,169606,1633,56618,55577,1389,1261,1236,1064,1110,166,981,1146,1186,224,1586,1006,49,3,45,22,30,3,40,38,170496,92,0,1,183,150,3,1,2,2,0,2,4,0,1,0,4,0,1,2,0,2,1,2,4,3,3,0,1,4],StructType(StructField(TimeStamp,TimestampType,true),StructField(afActiveSessions,IntegerType,true),StructField(afSignallingActiveSessions,IntegerType,true),StructField(amfActiveSessions,IntegerType,true),StructField(fixedActiveSessions,IntegerType,true),StructField(gxCcasInitSuccess@SO1GG2,IntegerType,true),StructField(gxCcasInitSuccess@TN1GG2,IntegerType,true),StructField(gxCcasInitSuccess@TN2GG2,IntegerType,true),StructField(gxCcasInitSuccess@TN2VEPG1,IntegerType,true),StructField(gxCcasTerminateSuccess@SO1GG2,IntegerType,true),StructField(gxCcasTerminateSuccess@TN1GG2,IntegerType,true),StructField(gxCcasTerminateSuccess@TN2GG2,IntegerType,true),StructField(gxCcasTerminateSuccess@TN2VEPG1,IntegerType,true),StructField(gxCcasUpdateSuccess@SO1GG2,IntegerType,true),StructField(gxCcasUpdateSuccess@TN1GG2,IntegerType,true),StructField(gxCcasUpdateSuccess@TN2GG2,IntegerType,true),StructField(gxCcasUpdateSuccess@TN2VEPG1,IntegerType,true),StructField(gxCcrsInit@SO1GG2,IntegerType,true),StructField(gxCcrsInit@TN1GG2,IntegerType,true),StructField(gxCcrsInit@TN2GG2,IntegerType,true),StructField(gxCcrsInit@TN2VEPG1,IntegerType,true),StructField(gxCcrsTerminate@SO1GG2,IntegerType,true),StructField(gxCcrsTerminate@TN1GG2,IntegerType,true),StructField(gxCcrsTerminate@TN2GG2,IntegerType,true),StructField(gxCcrsTerminate@TN2VEPG1,IntegerType,true),StructField(gxCcrsUpdate@SO1GG2,IntegerType,true),StructField(gxCcrsUpdate@TN1GG2,IntegerType,true),StructField(gxCcrsUpdate@TN2GG2,IntegerType,true),StructField(gxCcrsUpdate@TN2VEPG1,IntegerType,true),StructField(gxQosRequests@SO1GG2,IntegerType,true),StructField(gxQosRequests@TN1GG2,IntegerType,true),StructField(gxQosRequests@TN2GG2,IntegerType,true),StructField(gxQosRequests@TN2VEPG1,IntegerType,true),StructField(gxRaas@SO1GG2,IntegerType,true),StructField(gxRaas@TN1GG2,IntegerType,true),StructField(gxRaas@TN2GG2,IntegerType,true),StructField(gxRaas@TN2VEPG1,IntegerType,true),StructField(gxRaasSuccess@SO1GG2,IntegerType,true),StructField(gxRaasSuccess@TN1GG2,IntegerType,true),StructField(gxRaasSuccess@TN2GG2,IntegerType,true),StructField(gxRaasSuccess@TN2VEPG1,IntegerType,true),StructField(gxRars@SO1GG2,IntegerType,true),StructField(gxRars@TN1GG2,IntegerType,true),StructField(gxRars@TN2GG2,IntegerType,true),StructField(gxRars@TN2VEPG1,IntegerType,true),StructField(mobileActiveSessions,IntegerType,true),StructField(restGet,IntegerType,true),StructField(rxAaasInitSuccess@rx.so1sbg-pmp1,IntegerType,true),StructField(rxAaasInitSuccess@rx.so1sbg-pmp3,IntegerType,true),StructField(rxAaasInitSuccess@rx.tn2sbg-pmp1,IntegerType,true),StructField(rxAaasSuccess@rx.so1sbg-pmp1,IntegerType,true),StructField(rxAaasSuccess@rx.so1sbg-pmp3,IntegerType,true),StructField(rxAaasSuccess@rx.tn2sbg-pmp1,IntegerType,true),StructField(rxAarsInit@rx.so1sbg-pmp1,IntegerType,true),StructField(rxAarsInit@rx.so1sbg-pmp3,IntegerType,true),StructField(rxAarsInit@rx.tn2sbg-pmp1,IntegerType,true),StructField(rxAarsUpdate@rx.so1sbg-pmp3,IntegerType,true),StructField(rxStasSuccess@rx.so1sbg-pmp1,IntegerType,true),StructField(rxStasSuccess@rx.so1sbg-pmp3,IntegerType,true),StructField(rxStasSuccess@rx.tn2sbg-pmp1,IntegerType,true),StructField(rxStrs@rx.so1sbg-pmp1,IntegerType,true),StructField(rxStrs@rx.so1sbg-pmp3,IntegerType,true),StructField(rxStrs@rx.tn2sbg-pmp1,IntegerType,true),StructField(sdActiveSessions,IntegerType,true),StructField(smfActiveSessions,IntegerType,true),StructField(smpActiveGlobalSessions,IntegerType,true),StructField(subscribers,IntegerType,true)))]
	at org.elasticsearch.hadoop.serialization.bulk.BulkEntryWriter.writeBulkEntry(BulkEntryWriter.java:136)
	at org.elasticsearch.hadoop.rest.RestRepository.writeToIndex(RestRepository.java:170)
	at org.elasticsearch.spark.rdd.EsRDDWriter.write(EsRDDWriter.scala:83)
	at org.elasticsearch.spark.sql.EsSparkSQL$.$anonfun$saveToEs$1(EsSparkSQL.scala:103)
	at org.elasticsearch.spark.sql.EsSparkSQL$.$anonfun$saveToEs$1$adapted(EsSparkSQL.scala:103)
	at org.apache.spark.scheduler.ResultTask.runTask(ResultTask.scala:93)
	at org.apache.spark.TaskContext.runTaskWithListeners(TaskContext.scala:161)
	at org.apache.spark.scheduler.Task.run(Task.scala:141)
	at org.apache.spark.executor.Executor$TaskRunner.$anonfun$run$4(Executor.scala:620)
	at org.apache.spark.util.SparkErrorUtils.tryWithSafeFinally(SparkErrorUtils.scala:64)
	at org.apache.spark.util.SparkErrorUtils.tryWithSafeFinally$(SparkErrorUtils.scala:61)
	at org.apache.spark.util.Utils$.tryWithSafeFinally(Utils.scala:94)
	at org.apache.spark.executor.Executor$TaskRunner.run(Executor.scala:623)
	at java.base/java.util.concurrent.ThreadPoolExecutor.runWorker(ThreadPoolExecutor.java:1128)
	at java.base/java.util.concurrent.ThreadPoolExecutor$Worker.run(ThreadPoolExecutor.java:628)
	... 1 more
Caused by: org.elasticsearch.hadoop.EsHadoopIllegalArgumentException: [DataFrameFieldExtractor for field [[id]]] cannot extract value from entity [class java.lang.String] | instance [([2057-12-07 16:15:00.0,3,4,6,1,1239,1712,1912,1596,272,1634,1175,221,169606,1633,56618,55577,1389,1261,1236,1064,1110,166,981,1146,1186,224,1586,1006,49,3,45,22,30,3,40,38,170496,92,0,1,183,150,3,1,2,2,0,2,4,0,1,0,4,0,1,2,0,2,1,2,4,3,3,0,1,4],StructType(StructField(TimeStamp,TimestampType,true),StructField(afActiveSessions,IntegerType,true),StructField(afSignallingActiveSessions,IntegerType,true),StructField(amfActiveSessions,IntegerType,true),StructField(fixedActiveSessions,IntegerType,true),StructField(gxCcasInitSuccess@SO1GG2,IntegerType,true),StructField(gxCcasInitSuccess@TN1GG2,IntegerType,true),StructField(gxCcasInitSuccess@TN2GG2,IntegerType,true),StructField(gxCcasInitSuccess@TN2VEPG1,IntegerType,true),StructField(gxCcasTerminateSuccess@SO1GG2,IntegerType,true),StructField(gxCcasTerminateSuccess@TN1GG2,IntegerType,true),StructField(gxCcasTerminateSuccess@TN2GG2,IntegerType,true),StructField(gxCcasTerminateSuccess@TN2VEPG1,IntegerType,true),StructField(gxCcasUpdateSuccess@SO1GG2,IntegerType,true),StructField(gxCcasUpdateSuccess@TN1GG2,IntegerType,true),StructField(gxCcasUpdateSuccess@TN2GG2,IntegerType,true),StructField(gxCcasUpdateSuccess@TN2VEPG1,IntegerType,true),StructField(gxCcrsInit@SO1GG2,IntegerType,true),StructField(gxCcrsInit@TN1GG2,IntegerType,true),StructField(gxCcrsInit@TN2GG2,IntegerType,true),StructField(gxCcrsInit@TN2VEPG1,IntegerType,true),StructField(gxCcrsTerminate@SO1GG2,IntegerType,true),StructField(gxCcrsTerminate@TN1GG2,IntegerType,true),StructField(gxCcrsTerminate@TN2GG2,IntegerType,true),StructField(gxCcrsTerminate@TN2VEPG1,IntegerType,true),StructField(gxCcrsUpdate@SO1GG2,IntegerType,true),StructField(gxCcrsUpdate@TN1GG2,IntegerType,true),StructField(gxCcrsUpdate@TN2GG2,IntegerType,true),StructField(gxCcrsUpdate@TN2VEPG1,IntegerType,true),StructField(gxQosRequests@SO1GG2,IntegerType,true),StructField(gxQosRequests@TN1GG2,IntegerType,true),StructField(gxQosRequests@TN2GG2,IntegerType,true),StructField(gxQosRequests@TN2VEPG1,IntegerType,true),StructField(gxRaas@SO1GG2,IntegerType,true),StructField(gxRaas@TN1GG2,IntegerType,true),StructField(gxRaas@TN2GG2,IntegerType,true),StructField(gxRaas@TN2VEPG1,IntegerType,true),StructField(gxRaasSuccess@SO1GG2,IntegerType,true),StructField(gxRaasSuccess@TN1GG2,IntegerType,true),StructField(gxRaasSuccess@TN2GG2,IntegerType,true),StructField(gxRaasSuccess@TN2VEPG1,IntegerType,true),StructField(gxRars@SO1GG2,IntegerType,true),StructField(gxRars@TN1GG2,IntegerType,true),StructField(gxRars@TN2GG2,IntegerType,true),StructField(gxRars@TN2VEPG1,IntegerType,true),StructField(mobileActiveSessions,IntegerType,true),StructField(restGet,IntegerType,true),StructField(rxAaasInitSuccess@rx.so1sbg-pmp1,IntegerType,true),StructField(rxAaasInitSuccess@rx.so1sbg-pmp3,IntegerType,true),StructField(rxAaasInitSuccess@rx.tn2sbg-pmp1,IntegerType,true),StructField(rxAaasSuccess@rx.so1sbg-pmp1,IntegerType,true),StructField(rxAaasSuccess@rx.so1sbg-pmp3,IntegerType,true),StructField(rxAaasSuccess@rx.tn2sbg-pmp1,IntegerType,true),StructField(rxAarsInit@rx.so1sbg-pmp1,IntegerType,true),StructField(rxAarsInit@rx.so1sbg-pmp3,IntegerType,true),StructField(rxAarsInit@rx.tn2sbg-pmp1,IntegerType,true),StructField(rxAarsUpdate@rx.so1sbg-pmp3,IntegerType,true),StructField(rxStasSuccess@rx.so1sbg-pmp1,IntegerType,true),StructField(rxStasSuccess@rx.so1sbg-pmp3,IntegerType,true),StructField(rxStasSuccess@rx.tn2sbg-pmp1,IntegerType,true),StructField(rxStrs@rx.so1sbg-pmp1,IntegerType,true),StructField(rxStrs@rx.so1sbg-pmp3,IntegerType,true),StructField(rxStrs@rx.tn2sbg-pmp1,IntegerType,true),StructField(sdActiveSessions,IntegerType,true),StructField(smfActiveSessions,IntegerType,true),StructField(smpActiveGlobalSessions,IntegerType,true),StructField(subscribers,IntegerType,true)))]
	at org.elasticsearch.hadoop.serialization.bulk.AbstractBulkFactory$FieldWriter.write(AbstractBulkFactory.java:111)
	at org.elasticsearch.hadoop.serialization.bulk.TemplatedBulk.writeTemplate(TemplatedBulk.java:80)
	at org.elasticsearch.hadoop.serialization.bulk.TemplatedBulk.write(TemplatedBulk.java:56)
	at org.elasticsearch.hadoop.serialization.bulk.BulkEntryWriter.writeBulkEntry(BulkEntryWriter.java:68)
	... 15 more

[2025-04-03T15:13:32.476+0000] {taskinstance.py:1400} INFO - Marking task as FAILED. dag_id=POC_orange_data2, task_id=spark_task2, execution_date=20250403T150906, start_date=20250403T150906, end_date=20250403T151332
[2025-04-03T15:13:32.519+0000] {standard_task_runner.py:104} ERROR - Failed to execute job 127 for task spark_task2 (An error occurred while calling o57.save.
: org.apache.spark.SparkException: Job aborted due to stage failure: Task 5 in stage 4.0 failed 1 times, most recent failure: Lost task 5.0 in stage 4.0 (TID 210) (7fe449a6f068 executor driver): org.elasticsearch.hadoop.serialization.EsHadoopSerializationException: org.elasticsearch.hadoop.EsHadoopIllegalArgumentException: [DataFrameFieldExtractor for field [[id]]] cannot extract value from entity [class java.lang.String] | instance [([2057-12-07 16:15:00.0,3,4,6,1,1239,1712,1912,1596,272,1634,1175,221,169606,1633,56618,55577,1389,1261,1236,1064,1110,166,981,1146,1186,224,1586,1006,49,3,45,22,30,3,40,38,170496,92,0,1,183,150,3,1,2,2,0,2,4,0,1,0,4,0,1,2,0,2,1,2,4,3,3,0,1,4],StructType(StructField(TimeStamp,TimestampType,true),StructField(afActiveSessions,IntegerType,true),StructField(afSignallingActiveSessions,IntegerType,true),StructField(amfActiveSessions,IntegerType,true),StructField(fixedActiveSessions,IntegerType,true),StructField(gxCcasInitSuccess@SO1GG2,IntegerType,true),StructField(gxCcasInitSuccess@TN1GG2,IntegerType,true),StructField(gxCcasInitSuccess@TN2GG2,IntegerType,true),StructField(gxCcasInitSuccess@TN2VEPG1,IntegerType,true),StructField(gxCcasTerminateSuccess@SO1GG2,IntegerType,true),StructField(gxCcasTerminateSuccess@TN1GG2,IntegerType,true),StructField(gxCcasTerminateSuccess@TN2GG2,IntegerType,true),StructField(gxCcasTerminateSuccess@TN2VEPG1,IntegerType,true),StructField(gxCcasUpdateSuccess@SO1GG2,IntegerType,true),StructField(gxCcasUpdateSuccess@TN1GG2,IntegerType,true),StructField(gxCcasUpdateSuccess@TN2GG2,IntegerType,true),StructField(gxCcasUpdateSuccess@TN2VEPG1,IntegerType,true),StructField(gxCcrsInit@SO1GG2,IntegerType,true),StructField(gxCcrsInit@TN1GG2,IntegerType,true),StructField(gxCcrsInit@TN2GG2,IntegerType,true),StructField(gxCcrsInit@TN2VEPG1,IntegerType,true),StructField(gxCcrsTerminate@SO1GG2,IntegerType,true),StructField(gxCcrsTerminate@TN1GG2,IntegerType,true),StructField(gxCcrsTerminate@TN2GG2,IntegerType,true),StructField(gxCcrsTerminate@TN2VEPG1,IntegerType,true),StructField(gxCcrsUpdate@SO1GG2,IntegerType,true),StructField(gxCcrsUpdate@TN1GG2,IntegerType,true),StructField(gxCcrsUpdate@TN2GG2,IntegerType,true),StructField(gxCcrsUpdate@TN2VEPG1,IntegerType,true),StructField(gxQosRequests@SO1GG2,IntegerType,true),StructField(gxQosRequests@TN1GG2,IntegerType,true),StructField(gxQosRequests@TN2GG2,IntegerType,true),StructField(gxQosRequests@TN2VEPG1,IntegerType,true),StructField(gxRaas@SO1GG2,IntegerType,true),StructField(gxRaas@TN1GG2,IntegerType,true),StructField(gxRaas@TN2GG2,IntegerType,true),StructField(gxRaas@TN2VEPG1,IntegerType,true),StructField(gxRaasSuccess@SO1GG2,IntegerType,true),StructField(gxRaasSuccess@TN1GG2,IntegerType,true),StructField(gxRaasSuccess@TN2GG2,IntegerType,true),StructField(gxRaasSuccess@TN2VEPG1,IntegerType,true),StructField(gxRars@SO1GG2,IntegerType,true),StructField(gxRars@TN1GG2,IntegerType,true),StructField(gxRars@TN2GG2,IntegerType,true),StructField(gxRars@TN2VEPG1,IntegerType,true),StructField(mobileActiveSessions,IntegerType,true),StructField(restGet,IntegerType,true),StructField(rxAaasInitSuccess@rx.so1sbg-pmp1,IntegerType,true),StructField(rxAaasInitSuccess@rx.so1sbg-pmp3,IntegerType,true),StructField(rxAaasInitSuccess@rx.tn2sbg-pmp1,IntegerType,true),StructField(rxAaasSuccess@rx.so1sbg-pmp1,IntegerType,true),StructField(rxAaasSuccess@rx.so1sbg-pmp3,IntegerType,true),StructField(rxAaasSuccess@rx.tn2sbg-pmp1,IntegerType,true),StructField(rxAarsInit@rx.so1sbg-pmp1,IntegerType,true),StructField(rxAarsInit@rx.so1sbg-pmp3,IntegerType,true),StructField(rxAarsInit@rx.tn2sbg-pmp1,IntegerType,true),StructField(rxAarsUpdate@rx.so1sbg-pmp3,IntegerType,true),StructField(rxStasSuccess@rx.so1sbg-pmp1,IntegerType,true),StructField(rxStasSuccess@rx.so1sbg-pmp3,IntegerType,true),StructField(rxStasSuccess@rx.tn2sbg-pmp1,IntegerType,true),StructField(rxStrs@rx.so1sbg-pmp1,IntegerType,true),StructField(rxStrs@rx.so1sbg-pmp3,IntegerType,true),StructField(rxStrs@rx.tn2sbg-pmp1,IntegerType,true),StructField(sdActiveSessions,IntegerType,true),StructField(smfActiveSessions,IntegerType,true),StructField(smpActiveGlobalSessions,IntegerType,true),StructField(subscribers,IntegerType,true)))]
	at org.elasticsearch.hadoop.serialization.bulk.BulkEntryWriter.writeBulkEntry(BulkEntryWriter.java:136)
	at org.elasticsearch.hadoop.rest.RestRepository.writeToIndex(RestRepository.java:170)
	at org.elasticsearch.spark.rdd.EsRDDWriter.write(EsRDDWriter.scala:83)
	at org.elasticsearch.spark.sql.EsSparkSQL$.$anonfun$saveToEs$1(EsSparkSQL.scala:103)
	at org.elasticsearch.spark.sql.EsSparkSQL$.$anonfun$saveToEs$1$adapted(EsSparkSQL.scala:103)
	at org.apache.spark.scheduler.ResultTask.runTask(ResultTask.scala:93)
	at org.apache.spark.TaskContext.runTaskWithListeners(TaskContext.scala:161)
	at org.apache.spark.scheduler.Task.run(Task.scala:141)
	at org.apache.spark.executor.Executor$TaskRunner.$anonfun$run$4(Executor.scala:620)
	at org.apache.spark.util.SparkErrorUtils.tryWithSafeFinally(SparkErrorUtils.scala:64)
	at org.apache.spark.util.SparkErrorUtils.tryWithSafeFinally$(SparkErrorUtils.scala:61)
	at org.apache.spark.util.Utils$.tryWithSafeFinally(Utils.scala:94)
	at org.apache.spark.executor.Executor$TaskRunner.run(Executor.scala:623)
	at java.base/java.util.concurrent.ThreadPoolExecutor.runWorker(ThreadPoolExecutor.java:1128)
	at java.base/java.util.concurrent.ThreadPoolExecutor$Worker.run(ThreadPoolExecutor.java:628)
	at java.base/java.lang.Thread.run(Thread.java:829)
Caused by: org.elasticsearch.hadoop.EsHadoopIllegalArgumentException: [DataFrameFieldExtractor for field [[id]]] cannot extract value from entity [class java.lang.String] | instance [([2057-12-07 16:15:00.0,3,4,6,1,1239,1712,1912,1596,272,1634,1175,221,169606,1633,56618,55577,1389,1261,1236,1064,1110,166,981,1146,1186,224,1586,1006,49,3,45,22,30,3,40,38,170496,92,0,1,183,150,3,1,2,2,0,2,4,0,1,0,4,0,1,2,0,2,1,2,4,3,3,0,1,4],StructType(StructField(TimeStamp,TimestampType,true),StructField(afActiveSessions,IntegerType,true),StructField(afSignallingActiveSessions,IntegerType,true),StructField(amfActiveSessions,IntegerType,true),StructField(fixedActiveSessions,IntegerType,true),StructField(gxCcasInitSuccess@SO1GG2,IntegerType,true),StructField(gxCcasInitSuccess@TN1GG2,IntegerType,true),StructField(gxCcasInitSuccess@TN2GG2,IntegerType,true),StructField(gxCcasInitSuccess@TN2VEPG1,IntegerType,true),StructField(gxCcasTerminateSuccess@SO1GG2,IntegerType,true),StructField(gxCcasTerminateSuccess@TN1GG2,IntegerType,true),StructField(gxCcasTerminateSuccess@TN2GG2,IntegerType,true),StructField(gxCcasTerminateSuccess@TN2VEPG1,IntegerType,true),StructField(gxCcasUpdateSuccess@SO1GG2,IntegerType,true),StructField(gxCcasUpdateSuccess@TN1GG2,IntegerType,true),StructField(gxCcasUpdateSuccess@TN2GG2,IntegerType,true),StructField(gxCcasUpdateSuccess@TN2VEPG1,IntegerType,true),StructField(gxCcrsInit@SO1GG2,IntegerType,true),StructField(gxCcrsInit@TN1GG2,IntegerType,true),StructField(gxCcrsInit@TN2GG2,IntegerType,true),StructField(gxCcrsInit@TN2VEPG1,IntegerType,true),StructField(gxCcrsTerminate@SO1GG2,IntegerType,true),StructField(gxCcrsTerminate@TN1GG2,IntegerType,true),StructField(gxCcrsTerminate@TN2GG2,IntegerType,true),StructField(gxCcrsTerminate@TN2VEPG1,IntegerType,true),StructField(gxCcrsUpdate@SO1GG2,IntegerType,true),StructField(gxCcrsUpdate@TN1GG2,IntegerType,true),StructField(gxCcrsUpdate@TN2GG2,IntegerType,true),StructField(gxCcrsUpdate@TN2VEPG1,IntegerType,true),StructField(gxQosRequests@SO1GG2,IntegerType,true),StructField(gxQosRequests@TN1GG2,IntegerType,true),StructField(gxQosRequests@TN2GG2,IntegerType,true),StructField(gxQosRequests@TN2VEPG1,IntegerType,true),StructField(gxRaas@SO1GG2,IntegerType,true),StructField(gxRaas@TN1GG2,IntegerType,true),StructField(gxRaas@TN2GG2,IntegerType,true),StructField(gxRaas@TN2VEPG1,IntegerType,true),StructField(gxRaasSuccess@SO1GG2,IntegerType,true),StructField(gxRaasSuccess@TN1GG2,IntegerType,true),StructField(gxRaasSuccess@TN2GG2,IntegerType,true),StructField(gxRaasSuccess@TN2VEPG1,IntegerType,true),StructField(gxRars@SO1GG2,IntegerType,true),StructField(gxRars@TN1GG2,IntegerType,true),StructField(gxRars@TN2GG2,IntegerType,true),StructField(gxRars@TN2VEPG1,IntegerType,true),StructField(mobileActiveSessions,IntegerType,true),StructField(restGet,IntegerType,true),StructField(rxAaasInitSuccess@rx.so1sbg-pmp1,IntegerType,true),StructField(rxAaasInitSuccess@rx.so1sbg-pmp3,IntegerType,true),StructField(rxAaasInitSuccess@rx.tn2sbg-pmp1,IntegerType,true),StructField(rxAaasSuccess@rx.so1sbg-pmp1,IntegerType,true),StructField(rxAaasSuccess@rx.so1sbg-pmp3,IntegerType,true),StructField(rxAaasSuccess@rx.tn2sbg-pmp1,IntegerType,true),StructField(rxAarsInit@rx.so1sbg-pmp1,IntegerType,true),StructField(rxAarsInit@rx.so1sbg-pmp3,IntegerType,true),StructField(rxAarsInit@rx.tn2sbg-pmp1,IntegerType,true),StructField(rxAarsUpdate@rx.so1sbg-pmp3,IntegerType,true),StructField(rxStasSuccess@rx.so1sbg-pmp1,IntegerType,true),StructField(rxStasSuccess@rx.so1sbg-pmp3,IntegerType,true),StructField(rxStasSuccess@rx.tn2sbg-pmp1,IntegerType,true),StructField(rxStrs@rx.so1sbg-pmp1,IntegerType,true),StructField(rxStrs@rx.so1sbg-pmp3,IntegerType,true),StructField(rxStrs@rx.tn2sbg-pmp1,IntegerType,true),StructField(sdActiveSessions,IntegerType,true),StructField(smfActiveSessions,IntegerType,true),StructField(smpActiveGlobalSessions,IntegerType,true),StructField(subscribers,IntegerType,true)))]
	at org.elasticsearch.hadoop.serialization.bulk.AbstractBulkFactory$FieldWriter.write(AbstractBulkFactory.java:111)
	at org.elasticsearch.hadoop.serialization.bulk.TemplatedBulk.writeTemplate(TemplatedBulk.java:80)
	at org.elasticsearch.hadoop.serialization.bulk.TemplatedBulk.write(TemplatedBulk.java:56)
	at org.elasticsearch.hadoop.serialization.bulk.BulkEntryWriter.writeBulkEntry(BulkEntryWriter.java:68)
	... 15 more

Driver stacktrace:
	at org.apache.spark.scheduler.DAGScheduler.failJobAndIndependentStages(DAGScheduler.scala:2844)
	at org.apache.spark.scheduler.DAGScheduler.$anonfun$abortStage$2(DAGScheduler.scala:2780)
	at org.apache.spark.scheduler.DAGScheduler.$anonfun$abortStage$2$adapted(DAGScheduler.scala:2779)
	at scala.collection.mutable.ResizableArray.foreach(ResizableArray.scala:62)
	at scala.collection.mutable.ResizableArray.foreach$(ResizableArray.scala:55)
	at scala.collection.mutable.ArrayBuffer.foreach(ArrayBuffer.scala:49)
	at org.apache.spark.scheduler.DAGScheduler.abortStage(DAGScheduler.scala:2779)
	at org.apache.spark.scheduler.DAGScheduler.$anonfun$handleTaskSetFailed$1(DAGScheduler.scala:1242)
	at org.apache.spark.scheduler.DAGScheduler.$anonfun$handleTaskSetFailed$1$adapted(DAGScheduler.scala:1242)
	at scala.Option.foreach(Option.scala:407)
	at org.apache.spark.scheduler.DAGScheduler.handleTaskSetFailed(DAGScheduler.scala:1242)
	at org.apache.spark.scheduler.DAGSchedulerEventProcessLoop.doOnReceive(DAGScheduler.scala:3048)
	at org.apache.spark.scheduler.DAGSchedulerEventProcessLoop.onReceive(DAGScheduler.scala:2982)
	at org.apache.spark.scheduler.DAGSchedulerEventProcessLoop.onReceive(DAGScheduler.scala:2971)
	at org.apache.spark.util.EventLoop$$anon$1.run(EventLoop.scala:49)
	at org.apache.spark.scheduler.DAGScheduler.runJob(DAGScheduler.scala:984)
	at org.apache.spark.SparkContext.runJob(SparkContext.scala:2398)
	at org.apache.spark.SparkContext.runJob(SparkContext.scala:2419)
	at org.apache.spark.SparkContext.runJob(SparkContext.scala:2451)
	at org.elasticsearch.spark.sql.EsSparkSQL$.saveToEs(EsSparkSQL.scala:103)
	at org.elasticsearch.spark.sql.ElasticsearchRelation.insert(DefaultSource.scala:629)
	at org.elasticsearch.spark.sql.DefaultSource.createRelation(DefaultSource.scala:107)
	at org.apache.spark.sql.execution.datasources.SaveIntoDataSourceCommand.run(SaveIntoDataSourceCommand.scala:48)
	at org.apache.spark.sql.execution.command.ExecutedCommandExec.sideEffectResult$lzycompute(commands.scala:75)
	at org.apache.spark.sql.execution.command.ExecutedCommandExec.sideEffectResult(commands.scala:73)
	at org.apache.spark.sql.execution.command.ExecutedCommandExec.executeCollect(commands.scala:84)
	at org.apache.spark.sql.execution.QueryExecution$$anonfun$eagerlyExecuteCommands$1.$anonfun$applyOrElse$1(QueryExecution.scala:107)
	at org.apache.spark.sql.execution.SQLExecution$.$anonfun$withNewExecutionId$6(SQLExecution.scala:125)
	at org.apache.spark.sql.execution.SQLExecution$.withSQLConfPropagated(SQLExecution.scala:201)
	at org.apache.spark.sql.execution.SQLExecution$.$anonfun$withNewExecutionId$1(SQLExecution.scala:108)
	at org.apache.spark.sql.SparkSession.withActive(SparkSession.scala:900)
	at org.apache.spark.sql.execution.SQLExecution$.withNewExecutionId(SQLExecution.scala:66)
	at org.apache.spark.sql.execution.QueryExecution$$anonfun$eagerlyExecuteCommands$1.applyOrElse(QueryExecution.scala:107)
	at org.apache.spark.sql.execution.QueryExecution$$anonfun$eagerlyExecuteCommands$1.applyOrElse(QueryExecution.scala:98)
	at org.apache.spark.sql.catalyst.trees.TreeNode.$anonfun$transformDownWithPruning$1(TreeNode.scala:461)
	at org.apache.spark.sql.catalyst.trees.CurrentOrigin$.withOrigin(origin.scala:76)
	at org.apache.spark.sql.catalyst.trees.TreeNode.transformDownWithPruning(TreeNode.scala:461)
	at org.apache.spark.sql.catalyst.plans.logical.LogicalPlan.org$apache$spark$sql$catalyst$plans$logical$AnalysisHelper$$super$transformDownWithPruning(LogicalPlan.scala:32)
	at org.apache.spark.sql.catalyst.plans.logical.AnalysisHelper.transformDownWithPruning(AnalysisHelper.scala:267)
	at org.apache.spark.sql.catalyst.plans.logical.AnalysisHelper.transformDownWithPruning$(AnalysisHelper.scala:263)
	at org.apache.spark.sql.catalyst.plans.logical.LogicalPlan.transformDownWithPruning(LogicalPlan.scala:32)
	at org.apache.spark.sql.catalyst.plans.logical.LogicalPlan.transformDownWithPruning(LogicalPlan.scala:32)
	at org.apache.spark.sql.catalyst.trees.TreeNode.transformDown(TreeNode.scala:437)
	at org.apache.spark.sql.execution.QueryExecution.eagerlyExecuteCommands(QueryExecution.scala:98)
	at org.apache.spark.sql.execution.QueryExecution.commandExecuted$lzycompute(QueryExecution.scala:85)
	at org.apache.spark.sql.execution.QueryExecution.commandExecuted(QueryExecution.scala:83)
	at org.apache.spark.sql.execution.QueryExecution.assertCommandExecuted(QueryExecution.scala:142)
	at org.apache.spark.sql.DataFrameWriter.runCommand(DataFrameWriter.scala:859)
	at org.apache.spark.sql.DataFrameWriter.saveToV1Source(DataFrameWriter.scala:388)
	at org.apache.spark.sql.DataFrameWriter.saveInternal(DataFrameWriter.scala:361)
	at org.apache.spark.sql.DataFrameWriter.save(DataFrameWriter.scala:248)
	at java.base/jdk.internal.reflect.NativeMethodAccessorImpl.invoke0(Native Method)
	at java.base/jdk.internal.reflect.NativeMethodAccessorImpl.invoke(NativeMethodAccessorImpl.java:62)
	at java.base/jdk.internal.reflect.DelegatingMethodAccessorImpl.invoke(DelegatingMethodAccessorImpl.java:43)
	at java.base/java.lang.reflect.Method.invoke(Method.java:566)
	at py4j.reflection.MethodInvoker.invoke(MethodInvoker.java:244)
	at py4j.reflection.ReflectionEngine.invoke(ReflectionEngine.java:374)
	at py4j.Gateway.invoke(Gateway.java:282)
	at py4j.commands.AbstractCommand.invokeMethod(AbstractCommand.java:132)
	at py4j.commands.CallCommand.execute(CallCommand.java:79)
	at py4j.ClientServerConnection.waitForCommands(ClientServerConnection.java:182)
	at py4j.ClientServerConnection.run(ClientServerConnection.java:106)
	at java.base/java.lang.Thread.run(Thread.java:829)
Caused by: org.elasticsearch.hadoop.serialization.EsHadoopSerializationException: org.elasticsearch.hadoop.EsHadoopIllegalArgumentException: [DataFrameFieldExtractor for field [[id]]] cannot extract value from entity [class java.lang.String] | instance [([2057-12-07 16:15:00.0,3,4,6,1,1239,1712,1912,1596,272,1634,1175,221,169606,1633,56618,55577,1389,1261,1236,1064,1110,166,981,1146,1186,224,1586,1006,49,3,45,22,30,3,40,38,170496,92,0,1,183,150,3,1,2,2,0,2,4,0,1,0,4,0,1,2,0,2,1,2,4,3,3,0,1,4],StructType(StructField(TimeStamp,TimestampType,true),StructField(afActiveSessions,IntegerType,true),StructField(afSignallingActiveSessions,IntegerType,true),StructField(amfActiveSessions,IntegerType,true),StructField(fixedActiveSessions,IntegerType,true),StructField(gxCcasInitSuccess@SO1GG2,IntegerType,true),StructField(gxCcasInitSuccess@TN1GG2,IntegerType,true),StructField(gxCcasInitSuccess@TN2GG2,IntegerType,true),StructField(gxCcasInitSuccess@TN2VEPG1,IntegerType,true),StructField(gxCcasTerminateSuccess@SO1GG2,IntegerType,true),StructField(gxCcasTerminateSuccess@TN1GG2,IntegerType,true),StructField(gxCcasTerminateSuccess@TN2GG2,IntegerType,true),StructField(gxCcasTerminateSuccess@TN2VEPG1,IntegerType,true),StructField(gxCcasUpdateSuccess@SO1GG2,IntegerType,true),StructField(gxCcasUpdateSuccess@TN1GG2,IntegerType,true),StructField(gxCcasUpdateSuccess@TN2GG2,IntegerType,true),StructField(gxCcasUpdateSuccess@TN2VEPG1,IntegerType,true),StructField(gxCcrsInit@SO1GG2,IntegerType,true),StructField(gxCcrsInit@TN1GG2,IntegerType,true),StructField(gxCcrsInit@TN2GG2,IntegerType,true),StructField(gxCcrsInit@TN2VEPG1,IntegerType,true),StructField(gxCcrsTerminate@SO1GG2,IntegerType,true),StructField(gxCcrsTerminate@TN1GG2,IntegerType,true),StructField(gxCcrsTerminate@TN2GG2,IntegerType,true),StructField(gxCcrsTerminate@TN2VEPG1,IntegerType,true),StructField(gxCcrsUpdate@SO1GG2,IntegerType,true),StructField(gxCcrsUpdate@TN1GG2,IntegerType,true),StructField(gxCcrsUpdate@TN2GG2,IntegerType,true),StructField(gxCcrsUpdate@TN2VEPG1,IntegerType,true),StructField(gxQosRequests@SO1GG2,IntegerType,true),StructField(gxQosRequests@TN1GG2,IntegerType,true),StructField(gxQosRequests@TN2GG2,IntegerType,true),StructField(gxQosRequests@TN2VEPG1,IntegerType,true),StructField(gxRaas@SO1GG2,IntegerType,true),StructField(gxRaas@TN1GG2,IntegerType,true),StructField(gxRaas@TN2GG2,IntegerType,true),StructField(gxRaas@TN2VEPG1,IntegerType,true),StructField(gxRaasSuccess@SO1GG2,IntegerType,true),StructField(gxRaasSuccess@TN1GG2,IntegerType,true),StructField(gxRaasSuccess@TN2GG2,IntegerType,true),StructField(gxRaasSuccess@TN2VEPG1,IntegerType,true),StructField(gxRars@SO1GG2,IntegerType,true),StructField(gxRars@TN1GG2,IntegerType,true),StructField(gxRars@TN2GG2,IntegerType,true),StructField(gxRars@TN2VEPG1,IntegerType,true),StructField(mobileActiveSessions,IntegerType,true),StructField(restGet,IntegerType,true),StructField(rxAaasInitSuccess@rx.so1sbg-pmp1,IntegerType,true),StructField(rxAaasInitSuccess@rx.so1sbg-pmp3,IntegerType,true),StructField(rxAaasInitSuccess@rx.tn2sbg-pmp1,IntegerType,true),StructField(rxAaasSuccess@rx.so1sbg-pmp1,IntegerType,true),StructField(rxAaasSuccess@rx.so1sbg-pmp3,IntegerType,true),StructField(rxAaasSuccess@rx.tn2sbg-pmp1,IntegerType,true),StructField(rxAarsInit@rx.so1sbg-pmp1,IntegerType,true),StructField(rxAarsInit@rx.so1sbg-pmp3,IntegerType,true),StructField(rxAarsInit@rx.tn2sbg-pmp1,IntegerType,true),StructField(rxAarsUpdate@rx.so1sbg-pmp3,IntegerType,true),StructField(rxStasSuccess@rx.so1sbg-pmp1,IntegerType,true),StructField(rxStasSuccess@rx.so1sbg-pmp3,IntegerType,true),StructField(rxStasSuccess@rx.tn2sbg-pmp1,IntegerType,true),StructField(rxStrs@rx.so1sbg-pmp1,IntegerType,true),StructField(rxStrs@rx.so1sbg-pmp3,IntegerType,true),StructField(rxStrs@rx.tn2sbg-pmp1,IntegerType,true),StructField(sdActiveSessions,IntegerType,true),StructField(smfActiveSessions,IntegerType,true),StructField(smpActiveGlobalSessions,IntegerType,true),StructField(subscribers,IntegerType,true)))]
	at org.elasticsearch.hadoop.serialization.bulk.BulkEntryWriter.writeBulkEntry(BulkEntryWriter.java:136)
	at org.elasticsearch.hadoop.rest.RestRepository.writeToIndex(RestRepository.java:170)
	at org.elasticsearch.spark.rdd.EsRDDWriter.write(EsRDDWriter.scala:83)
	at org.elasticsearch.spark.sql.EsSparkSQL$.$anonfun$saveToEs$1(EsSparkSQL.scala:103)
	at org.elasticsearch.spark.sql.EsSparkSQL$.$anonfun$saveToEs$1$adapted(EsSparkSQL.scala:103)
	at org.apache.spark.scheduler.ResultTask.runTask(ResultTask.scala:93)
	at org.apache.spark.TaskContext.runTaskWithListeners(TaskContext.scala:161)
	at org.apache.spark.scheduler.Task.run(Task.scala:141)
	at org.apache.spark.executor.Executor$TaskRunner.$anonfun$run$4(Executor.scala:620)
	at org.apache.spark.util.SparkErrorUtils.tryWithSafeFinally(SparkErrorUtils.scala:64)
	at org.apache.spark.util.SparkErrorUtils.tryWithSafeFinally$(SparkErrorUtils.scala:61)
	at org.apache.spark.util.Utils$.tryWithSafeFinally(Utils.scala:94)
	at org.apache.spark.executor.Executor$TaskRunner.run(Executor.scala:623)
	at java.base/java.util.concurrent.ThreadPoolExecutor.runWorker(ThreadPoolExecutor.java:1128)
	at java.base/java.util.concurrent.ThreadPoolExecutor$Worker.run(ThreadPoolExecutor.java:628)
	... 1 more
Caused by: org.elasticsearch.hadoop.EsHadoopIllegalArgumentException: [DataFrameFieldExtractor for field [[id]]] cannot extract value from entity [class java.lang.String] | instance [([2057-12-07 16:15:00.0,3,4,6,1,1239,1712,1912,1596,272,1634,1175,221,169606,1633,56618,55577,1389,1261,1236,1064,1110,166,981,1146,1186,224,1586,1006,49,3,45,22,30,3,40,38,170496,92,0,1,183,150,3,1,2,2,0,2,4,0,1,0,4,0,1,2,0,2,1,2,4,3,3,0,1,4],StructType(StructField(TimeStamp,TimestampType,true),StructField(afActiveSessions,IntegerType,true),StructField(afSignallingActiveSessions,IntegerType,true),StructField(amfActiveSessions,IntegerType,true),StructField(fixedActiveSessions,IntegerType,true),StructField(gxCcasInitSuccess@SO1GG2,IntegerType,true),StructField(gxCcasInitSuccess@TN1GG2,IntegerType,true),StructField(gxCcasInitSuccess@TN2GG2,IntegerType,true),StructField(gxCcasInitSuccess@TN2VEPG1,IntegerType,true),StructField(gxCcasTerminateSuccess@SO1GG2,IntegerType,true),StructField(gxCcasTerminateSuccess@TN1GG2,IntegerType,true),StructField(gxCcasTerminateSuccess@TN2GG2,IntegerType,true),StructField(gxCcasTerminateSuccess@TN2VEPG1,IntegerType,true),StructField(gxCcasUpdateSuccess@SO1GG2,IntegerType,true),StructField(gxCcasUpdateSuccess@TN1GG2,IntegerType,true),StructField(gxCcasUpdateSuccess@TN2GG2,IntegerType,true),StructField(gxCcasUpdateSuccess@TN2VEPG1,IntegerType,true),StructField(gxCcrsInit@SO1GG2,IntegerType,true),StructField(gxCcrsInit@TN1GG2,IntegerType,true),StructField(gxCcrsInit@TN2GG2,IntegerType,true),StructField(gxCcrsInit@TN2VEPG1,IntegerType,true),StructField(gxCcrsTerminate@SO1GG2,IntegerType,true),StructField(gxCcrsTerminate@TN1GG2,IntegerType,true),StructField(gxCcrsTerminate@TN2GG2,IntegerType,true),StructField(gxCcrsTerminate@TN2VEPG1,IntegerType,true),StructField(gxCcrsUpdate@SO1GG2,IntegerType,true),StructField(gxCcrsUpdate@TN1GG2,IntegerType,true),StructField(gxCcrsUpdate@TN2GG2,IntegerType,true),StructField(gxCcrsUpdate@TN2VEPG1,IntegerType,true),StructField(gxQosRequests@SO1GG2,IntegerType,true),StructField(gxQosRequests@TN1GG2,IntegerType,true),StructField(gxQosRequests@TN2GG2,IntegerType,true),StructField(gxQosRequests@TN2VEPG1,IntegerType,true),StructField(gxRaas@SO1GG2,IntegerType,true),StructField(gxRaas@TN1GG2,IntegerType,true),StructField(gxRaas@TN2GG2,IntegerType,true),StructField(gxRaas@TN2VEPG1,IntegerType,true),StructField(gxRaasSuccess@SO1GG2,IntegerType,true),StructField(gxRaasSuccess@TN1GG2,IntegerType,true),StructField(gxRaasSuccess@TN2GG2,IntegerType,true),StructField(gxRaasSuccess@TN2VEPG1,IntegerType,true),StructField(gxRars@SO1GG2,IntegerType,true),StructField(gxRars@TN1GG2,IntegerType,true),StructField(gxRars@TN2GG2,IntegerType,true),StructField(gxRars@TN2VEPG1,IntegerType,true),StructField(mobileActiveSessions,IntegerType,true),StructField(restGet,IntegerType,true),StructField(rxAaasInitSuccess@rx.so1sbg-pmp1,IntegerType,true),StructField(rxAaasInitSuccess@rx.so1sbg-pmp3,IntegerType,true),StructField(rxAaasInitSuccess@rx.tn2sbg-pmp1,IntegerType,true),StructField(rxAaasSuccess@rx.so1sbg-pmp1,IntegerType,true),StructField(rxAaasSuccess@rx.so1sbg-pmp3,IntegerType,true),StructField(rxAaasSuccess@rx.tn2sbg-pmp1,IntegerType,true),StructField(rxAarsInit@rx.so1sbg-pmp1,IntegerType,true),StructField(rxAarsInit@rx.so1sbg-pmp3,IntegerType,true),StructField(rxAarsInit@rx.tn2sbg-pmp1,IntegerType,true),StructField(rxAarsUpdate@rx.so1sbg-pmp3,IntegerType,true),StructField(rxStasSuccess@rx.so1sbg-pmp1,IntegerType,true),StructField(rxStasSuccess@rx.so1sbg-pmp3,IntegerType,true),StructField(rxStasSuccess@rx.tn2sbg-pmp1,IntegerType,true),StructField(rxStrs@rx.so1sbg-pmp1,IntegerType,true),StructField(rxStrs@rx.so1sbg-pmp3,IntegerType,true),StructField(rxStrs@rx.tn2sbg-pmp1,IntegerType,true),StructField(sdActiveSessions,IntegerType,true),StructField(smfActiveSessions,IntegerType,true),StructField(smpActiveGlobalSessions,IntegerType,true),StructField(subscribers,IntegerType,true)))]
	at org.elasticsearch.hadoop.serialization.bulk.AbstractBulkFactory$FieldWriter.write(AbstractBulkFactory.java:111)
	at org.elasticsearch.hadoop.serialization.bulk.TemplatedBulk.writeTemplate(TemplatedBulk.java:80)
	at org.elasticsearch.hadoop.serialization.bulk.TemplatedBulk.write(TemplatedBulk.java:56)
	at org.elasticsearch.hadoop.serialization.bulk.BulkEntryWriter.writeBulkEntry(BulkEntryWriter.java:68)
	... 15 more
; 1992)
[2025-04-03T15:13:32.598+0000] {local_task_job_runner.py:228} INFO - Task exited with return code 1
[2025-04-03T15:13:32.636+0000] {taskinstance.py:2778} INFO - 0 downstream tasks scheduled from follow-on schedule check
