[2025-04-22T00:00:01.025+0000] {taskinstance.py:1159} INFO - Dependencies all met for dep_context=non-requeueable deps ti=<TaskInstance: POC_orange_data2.spark_processing_and_es_write scheduled__2025-04-21T00:00:00+00:00 [queued]>
[2025-04-22T00:00:01.038+0000] {taskinstance.py:1159} INFO - Dependencies all met for dep_context=requeueable deps ti=<TaskInstance: POC_orange_data2.spark_processing_and_es_write scheduled__2025-04-21T00:00:00+00:00 [queued]>
[2025-04-22T00:00:01.038+0000] {taskinstance.py:1361} INFO - Starting attempt 1 of 1
[2025-04-22T00:00:01.057+0000] {taskinstance.py:1382} INFO - Executing <Task(PythonOperator): spark_processing_and_es_write> on 2025-04-21 00:00:00+00:00
[2025-04-22T00:00:01.066+0000] {standard_task_runner.py:57} INFO - Started process 25466 to run task
[2025-04-22T00:00:01.070+0000] {standard_task_runner.py:84} INFO - Running: ['***', 'tasks', 'run', 'POC_orange_data2', 'spark_processing_and_es_write', 'scheduled__2025-04-21T00:00:00+00:00', '--job-id', '149', '--raw', '--subdir', 'DAGS_FOLDER/pass_data.py', '--cfg-path', '/tmp/tmp6jh2eijh']
[2025-04-22T00:00:01.074+0000] {standard_task_runner.py:85} INFO - Job 149: Subtask spark_processing_and_es_write
[2025-04-22T00:00:01.135+0000] {task_command.py:416} INFO - Running <TaskInstance: POC_orange_data2.spark_processing_and_es_write scheduled__2025-04-21T00:00:00+00:00 [running]> on host 796f41b5c924
[2025-04-22T00:00:01.253+0000] {taskinstance.py:1662} INFO - Exporting env vars: AIRFLOW_CTX_DAG_OWNER='***' AIRFLOW_CTX_DAG_ID='POC_orange_data2' AIRFLOW_CTX_TASK_ID='spark_processing_and_es_write' AIRFLOW_CTX_EXECUTION_DATE='2025-04-21T00:00:00+00:00' AIRFLOW_CTX_TRY_NUMBER='1' AIRFLOW_CTX_DAG_RUN_ID='scheduled__2025-04-21T00:00:00+00:00'
[2025-04-22T00:00:06.396+0000] {logging_mixin.py:154} INFO - Spark session created.
[2025-04-22T00:00:06.397+0000] {logging_mixin.py:154} INFO - Loading data from /opt/***/data/generated_data_*.csv
[2025-04-22T00:04:36.611+0000] {logging_mixin.py:154} INFO - Data loaded successfully. Schema:
[2025-04-22T00:04:36.619+0000] {logging_mixin.py:154} INFO - root
 |-- TimeStamp: timestamp (nullable = true)
 |-- afActiveSessions: integer (nullable = true)
 |-- afSignallingActiveSessions: integer (nullable = true)
 |-- amfActiveSessions: integer (nullable = true)
 |-- fixedActiveSessions: integer (nullable = true)
 |-- gxCcasInitSuccess@SO1GG2: integer (nullable = true)
 |-- gxCcasInitSuccess@TN1GG2: integer (nullable = true)
 |-- gxCcasInitSuccess@TN2GG2: integer (nullable = true)
 |-- gxCcasInitSuccess@TN2VEPG1: integer (nullable = true)
 |-- gxCcasTerminateSuccess@SO1GG2: integer (nullable = true)
 |-- gxCcasTerminateSuccess@TN1GG2: integer (nullable = true)
 |-- gxCcasTerminateSuccess@TN2GG2: integer (nullable = true)
 |-- gxCcasTerminateSuccess@TN2VEPG1: integer (nullable = true)
 |-- gxCcasUpdateSuccess@SO1GG2: integer (nullable = true)
 |-- gxCcasUpdateSuccess@TN1GG2: integer (nullable = true)
 |-- gxCcasUpdateSuccess@TN2GG2: integer (nullable = true)
 |-- gxCcasUpdateSuccess@TN2VEPG1: integer (nullable = true)
 |-- gxCcrsInit@SO1GG2: integer (nullable = true)
 |-- gxCcrsInit@TN1GG2: integer (nullable = true)
 |-- gxCcrsInit@TN2GG2: integer (nullable = true)
 |-- gxCcrsInit@TN2VEPG1: integer (nullable = true)
 |-- gxCcrsTerminate@SO1GG2: integer (nullable = true)
 |-- gxCcrsTerminate@TN1GG2: integer (nullable = true)
 |-- gxCcrsTerminate@TN2GG2: integer (nullable = true)
 |-- gxCcrsTerminate@TN2VEPG1: integer (nullable = true)
 |-- gxCcrsUpdate@SO1GG2: integer (nullable = true)
 |-- gxCcrsUpdate@TN1GG2: integer (nullable = true)
 |-- gxCcrsUpdate@TN2GG2: integer (nullable = true)
 |-- gxCcrsUpdate@TN2VEPG1: integer (nullable = true)
 |-- gxQosRequests@SO1GG2: integer (nullable = true)
 |-- gxQosRequests@TN1GG2: integer (nullable = true)
 |-- gxQosRequests@TN2GG2: integer (nullable = true)
 |-- gxQosRequests@TN2VEPG1: integer (nullable = true)
 |-- gxRaas@SO1GG2: integer (nullable = true)
 |-- gxRaas@TN1GG2: integer (nullable = true)
 |-- gxRaas@TN2GG2: integer (nullable = true)
 |-- gxRaas@TN2VEPG1: integer (nullable = true)
 |-- gxRaasSuccess@SO1GG2: integer (nullable = true)
 |-- gxRaasSuccess@TN1GG2: integer (nullable = true)
 |-- gxRaasSuccess@TN2GG2: integer (nullable = true)
 |-- gxRaasSuccess@TN2VEPG1: integer (nullable = true)
 |-- gxRars@SO1GG2: integer (nullable = true)
 |-- gxRars@TN1GG2: integer (nullable = true)
 |-- gxRars@TN2GG2: integer (nullable = true)
 |-- gxRars@TN2VEPG1: integer (nullable = true)
 |-- mobileActiveSessions: integer (nullable = true)
 |-- restGet: integer (nullable = true)
 |-- rxAaasInitSuccess@rx.so1sbg-pmp1: integer (nullable = true)
 |-- rxAaasInitSuccess@rx.so1sbg-pmp3: integer (nullable = true)
 |-- rxAaasInitSuccess@rx.tn2sbg-pmp1: integer (nullable = true)
 |-- rxAaasSuccess@rx.so1sbg-pmp1: integer (nullable = true)
 |-- rxAaasSuccess@rx.so1sbg-pmp3: integer (nullable = true)
 |-- rxAaasSuccess@rx.tn2sbg-pmp1: integer (nullable = true)
 |-- rxAarsInit@rx.so1sbg-pmp1: integer (nullable = true)
 |-- rxAarsInit@rx.so1sbg-pmp3: integer (nullable = true)
 |-- rxAarsInit@rx.tn2sbg-pmp1: integer (nullable = true)
 |-- rxAarsUpdate@rx.so1sbg-pmp3: integer (nullable = true)
 |-- rxStasSuccess@rx.so1sbg-pmp1: integer (nullable = true)
 |-- rxStasSuccess@rx.so1sbg-pmp3: integer (nullable = true)
 |-- rxStasSuccess@rx.tn2sbg-pmp1: integer (nullable = true)
 |-- rxStrs@rx.so1sbg-pmp1: integer (nullable = true)
 |-- rxStrs@rx.so1sbg-pmp3: integer (nullable = true)
 |-- rxStrs@rx.tn2sbg-pmp1: integer (nullable = true)
 |-- sdActiveSessions: integer (nullable = true)
 |-- smfActiveSessions: integer (nullable = true)
 |-- smpActiveGlobalSessions: integer (nullable = true)
 |-- subscribers: integer (nullable = true)
[2025-04-22T00:04:36.757+0000] {logging_mixin.py:154} INFO - Number of partitions: 136
[2025-04-22T00:04:36.757+0000] {logging_mixin.py:154} INFO - Performing transformations (currently just sampling 30%)
[2025-04-22T00:05:13.063+0000] {logging_mixin.py:154} INFO - Sampled data count: 20400560
[2025-04-22T00:05:13.064+0000] {logging_mixin.py:154} INFO - Transformations done.
[2025-04-22T00:05:13.064+0000] {logging_mixin.py:154} INFO - Attempting to save data to Elasticsearch index: spark_data
[2025-04-22T00:38:34.276+0000] {logging_mixin.py:154} INFO - Data successfully written to Elasticsearch index: spark_data
[2025-04-22T00:38:34.277+0000] {logging_mixin.py:154} INFO - Stopping Spark session.
[2025-04-22T00:38:34.786+0000] {python.py:194} INFO - Done. Returned value was: Spark processing and Elasticsearch write complete.
[2025-04-22T00:38:34.952+0000] {taskinstance.py:1400} INFO - Marking task as SUCCESS. dag_id=POC_orange_data2, task_id=spark_processing_and_es_write, execution_date=20250421T000000, start_date=20250422T000001, end_date=20250422T003834
[2025-04-22T00:38:35.037+0000] {local_task_job_runner.py:228} INFO - Task exited with return code 0
[2025-04-22T00:38:35.100+0000] {taskinstance.py:2778} INFO - 0 downstream tasks scheduled from follow-on schedule check
