[2025-05-13T13:12:10.712+0000] {processor.py:157} INFO - Started process (PID=195) to work on /opt/airflow/dags/data_pipeline.py
[2025-05-13T13:12:10.714+0000] {processor.py:829} INFO - Processing file /opt/airflow/dags/data_pipeline.py for tasks to queue
[2025-05-13T13:12:10.716+0000] {logging_mixin.py:154} INFO - [2025-05-13T13:12:10.716+0000] {dagbag.py:536} INFO - Filling up the DagBag from /opt/airflow/dags/data_pipeline.py
[2025-05-13T13:12:13.206+0000] {processor.py:839} INFO - DAG(s) dict_keys(['csv_to_spark_es_pipeline']) retrieved from /opt/airflow/dags/data_pipeline.py
[2025-05-13T13:12:13.287+0000] {logging_mixin.py:154} INFO - [2025-05-13T13:12:13.285+0000] {dag.py:2941} INFO - Sync 1 DAGs
[2025-05-13T13:12:13.369+0000] {logging_mixin.py:154} INFO - [2025-05-13T13:12:13.368+0000] {dag.py:3722} INFO - Setting next_dagrun for csv_to_spark_es_pipeline to 2025-05-12T00:00:00+00:00, run_after=2025-05-13T00:00:00+00:00
[2025-05-13T13:12:13.445+0000] {processor.py:179} INFO - Processing /opt/airflow/dags/data_pipeline.py took 2.741 seconds
[2025-05-13T13:12:44.104+0000] {processor.py:157} INFO - Started process (PID=371) to work on /opt/airflow/dags/data_pipeline.py
[2025-05-13T13:12:44.105+0000] {processor.py:829} INFO - Processing file /opt/airflow/dags/data_pipeline.py for tasks to queue
[2025-05-13T13:12:44.106+0000] {logging_mixin.py:154} INFO - [2025-05-13T13:12:44.105+0000] {dagbag.py:536} INFO - Filling up the DagBag from /opt/airflow/dags/data_pipeline.py
[2025-05-13T13:12:44.680+0000] {processor.py:839} INFO - DAG(s) dict_keys(['csv_to_spark_es_pipeline']) retrieved from /opt/airflow/dags/data_pipeline.py
[2025-05-13T13:12:44.705+0000] {logging_mixin.py:154} INFO - [2025-05-13T13:12:44.704+0000] {dag.py:2941} INFO - Sync 1 DAGs
[2025-05-13T13:12:44.728+0000] {logging_mixin.py:154} INFO - [2025-05-13T13:12:44.728+0000] {dag.py:3722} INFO - Setting next_dagrun for csv_to_spark_es_pipeline to 2025-05-12T00:00:00+00:00, run_after=2025-05-13T00:00:00+00:00
[2025-05-13T13:12:44.745+0000] {processor.py:179} INFO - Processing /opt/airflow/dags/data_pipeline.py took 0.644 seconds
[2025-05-13T13:13:15.552+0000] {processor.py:157} INFO - Started process (PID=553) to work on /opt/airflow/dags/data_pipeline.py
[2025-05-13T13:13:15.557+0000] {processor.py:829} INFO - Processing file /opt/airflow/dags/data_pipeline.py for tasks to queue
[2025-05-13T13:13:15.562+0000] {logging_mixin.py:154} INFO - [2025-05-13T13:13:15.561+0000] {dagbag.py:536} INFO - Filling up the DagBag from /opt/airflow/dags/data_pipeline.py
[2025-05-13T13:13:18.719+0000] {processor.py:839} INFO - DAG(s) dict_keys(['csv_to_spark_es_pipeline']) retrieved from /opt/airflow/dags/data_pipeline.py
[2025-05-13T13:13:18.898+0000] {logging_mixin.py:154} INFO - [2025-05-13T13:13:18.894+0000] {dag.py:2941} INFO - Sync 1 DAGs
[2025-05-13T13:13:19.061+0000] {logging_mixin.py:154} INFO - [2025-05-13T13:13:19.059+0000] {dag.py:3722} INFO - Setting next_dagrun for csv_to_spark_es_pipeline to 2025-05-12T00:00:00+00:00, run_after=2025-05-13T00:00:00+00:00
[2025-05-13T13:13:19.194+0000] {processor.py:179} INFO - Processing /opt/airflow/dags/data_pipeline.py took 3.683 seconds
[2025-05-13T13:13:49.936+0000] {processor.py:157} INFO - Started process (PID=649) to work on /opt/airflow/dags/data_pipeline.py
[2025-05-13T13:13:49.943+0000] {processor.py:829} INFO - Processing file /opt/airflow/dags/data_pipeline.py for tasks to queue
[2025-05-13T13:13:49.951+0000] {logging_mixin.py:154} INFO - [2025-05-13T13:13:49.947+0000] {dagbag.py:536} INFO - Filling up the DagBag from /opt/airflow/dags/data_pipeline.py
[2025-05-13T13:13:54.020+0000] {processor.py:839} INFO - DAG(s) dict_keys(['csv_to_spark_es_pipeline']) retrieved from /opt/airflow/dags/data_pipeline.py
[2025-05-13T13:13:54.267+0000] {logging_mixin.py:154} INFO - [2025-05-13T13:13:54.260+0000] {dag.py:2941} INFO - Sync 1 DAGs
[2025-05-13T13:13:54.439+0000] {logging_mixin.py:154} INFO - [2025-05-13T13:13:54.437+0000] {dag.py:3722} INFO - Setting next_dagrun for csv_to_spark_es_pipeline to 2025-05-12T00:00:00+00:00, run_after=2025-05-13T00:00:00+00:00
[2025-05-13T13:13:54.597+0000] {processor.py:179} INFO - Processing /opt/airflow/dags/data_pipeline.py took 4.769 seconds
[2025-05-13T13:14:24.952+0000] {processor.py:157} INFO - Started process (PID=670) to work on /opt/airflow/dags/data_pipeline.py
[2025-05-13T13:14:24.955+0000] {processor.py:829} INFO - Processing file /opt/airflow/dags/data_pipeline.py for tasks to queue
[2025-05-13T13:14:24.958+0000] {logging_mixin.py:154} INFO - [2025-05-13T13:14:24.957+0000] {dagbag.py:536} INFO - Filling up the DagBag from /opt/airflow/dags/data_pipeline.py
[2025-05-13T13:14:28.916+0000] {processor.py:839} INFO - DAG(s) dict_keys(['csv_to_spark_es_pipeline']) retrieved from /opt/airflow/dags/data_pipeline.py
[2025-05-13T13:14:29.035+0000] {logging_mixin.py:154} INFO - [2025-05-13T13:14:29.032+0000] {dag.py:2941} INFO - Sync 1 DAGs
[2025-05-13T13:14:29.163+0000] {logging_mixin.py:154} INFO - [2025-05-13T13:14:29.162+0000] {dag.py:3722} INFO - Setting next_dagrun for csv_to_spark_es_pipeline to 2025-05-12T00:00:00+00:00, run_after=2025-05-13T00:00:00+00:00
[2025-05-13T13:14:29.271+0000] {processor.py:179} INFO - Processing /opt/airflow/dags/data_pipeline.py took 4.331 seconds
[2025-05-13T13:14:59.604+0000] {processor.py:157} INFO - Started process (PID=710) to work on /opt/airflow/dags/data_pipeline.py
[2025-05-13T13:14:59.608+0000] {processor.py:829} INFO - Processing file /opt/airflow/dags/data_pipeline.py for tasks to queue
[2025-05-13T13:14:59.613+0000] {logging_mixin.py:154} INFO - [2025-05-13T13:14:59.612+0000] {dagbag.py:536} INFO - Filling up the DagBag from /opt/airflow/dags/data_pipeline.py
[2025-05-13T13:15:02.879+0000] {processor.py:839} INFO - DAG(s) dict_keys(['csv_to_spark_es_pipeline']) retrieved from /opt/airflow/dags/data_pipeline.py
[2025-05-13T13:15:02.995+0000] {logging_mixin.py:154} INFO - [2025-05-13T13:15:02.990+0000] {dag.py:2941} INFO - Sync 1 DAGs
[2025-05-13T13:15:03.114+0000] {logging_mixin.py:154} INFO - [2025-05-13T13:15:03.113+0000] {dag.py:3722} INFO - Setting next_dagrun for csv_to_spark_es_pipeline to 2025-05-12T00:00:00+00:00, run_after=2025-05-13T00:00:00+00:00
[2025-05-13T13:15:03.203+0000] {processor.py:179} INFO - Processing /opt/airflow/dags/data_pipeline.py took 3.622 seconds
[2025-05-13T13:15:33.616+0000] {processor.py:157} INFO - Started process (PID=775) to work on /opt/airflow/dags/data_pipeline.py
[2025-05-13T13:15:33.620+0000] {processor.py:829} INFO - Processing file /opt/airflow/dags/data_pipeline.py for tasks to queue
[2025-05-13T13:15:33.625+0000] {logging_mixin.py:154} INFO - [2025-05-13T13:15:33.623+0000] {dagbag.py:536} INFO - Filling up the DagBag from /opt/airflow/dags/data_pipeline.py
[2025-05-13T13:15:37.239+0000] {processor.py:839} INFO - DAG(s) dict_keys(['csv_to_spark_es_pipeline']) retrieved from /opt/airflow/dags/data_pipeline.py
[2025-05-13T13:15:37.375+0000] {logging_mixin.py:154} INFO - [2025-05-13T13:15:37.371+0000] {dag.py:2941} INFO - Sync 1 DAGs
[2025-05-13T13:15:37.562+0000] {logging_mixin.py:154} INFO - [2025-05-13T13:15:37.561+0000] {dag.py:3722} INFO - Setting next_dagrun for csv_to_spark_es_pipeline to 2025-05-12T00:00:00+00:00, run_after=2025-05-13T00:00:00+00:00
[2025-05-13T13:15:37.710+0000] {processor.py:179} INFO - Processing /opt/airflow/dags/data_pipeline.py took 4.107 seconds
[2025-05-13T13:16:08.813+0000] {processor.py:157} INFO - Started process (PID=807) to work on /opt/airflow/dags/data_pipeline.py
[2025-05-13T13:16:08.816+0000] {processor.py:829} INFO - Processing file /opt/airflow/dags/data_pipeline.py for tasks to queue
[2025-05-13T13:16:08.819+0000] {logging_mixin.py:154} INFO - [2025-05-13T13:16:08.818+0000] {dagbag.py:536} INFO - Filling up the DagBag from /opt/airflow/dags/data_pipeline.py
[2025-05-13T13:16:12.573+0000] {processor.py:839} INFO - DAG(s) dict_keys(['csv_to_spark_es_pipeline']) retrieved from /opt/airflow/dags/data_pipeline.py
[2025-05-13T13:16:12.647+0000] {logging_mixin.py:154} INFO - [2025-05-13T13:16:12.645+0000] {dag.py:2941} INFO - Sync 1 DAGs
[2025-05-13T13:16:12.729+0000] {logging_mixin.py:154} INFO - [2025-05-13T13:16:12.729+0000] {dag.py:3722} INFO - Setting next_dagrun for csv_to_spark_es_pipeline to 2025-05-12T00:00:00+00:00, run_after=2025-05-13T00:00:00+00:00
[2025-05-13T13:16:12.799+0000] {processor.py:179} INFO - Processing /opt/airflow/dags/data_pipeline.py took 4.002 seconds
[2025-05-13T13:16:43.640+0000] {processor.py:157} INFO - Started process (PID=873) to work on /opt/airflow/dags/data_pipeline.py
[2025-05-13T13:16:43.654+0000] {processor.py:829} INFO - Processing file /opt/airflow/dags/data_pipeline.py for tasks to queue
[2025-05-13T13:16:43.667+0000] {logging_mixin.py:154} INFO - [2025-05-13T13:16:43.660+0000] {dagbag.py:536} INFO - Filling up the DagBag from /opt/airflow/dags/data_pipeline.py
[2025-05-13T13:16:46.263+0000] {processor.py:839} INFO - DAG(s) dict_keys(['csv_to_spark_es_pipeline']) retrieved from /opt/airflow/dags/data_pipeline.py
[2025-05-13T13:16:46.353+0000] {logging_mixin.py:154} INFO - [2025-05-13T13:16:46.351+0000] {dag.py:2941} INFO - Sync 1 DAGs
[2025-05-13T13:16:46.434+0000] {logging_mixin.py:154} INFO - [2025-05-13T13:16:46.433+0000] {dag.py:3722} INFO - Setting next_dagrun for csv_to_spark_es_pipeline to 2025-05-12T00:00:00+00:00, run_after=2025-05-13T00:00:00+00:00
[2025-05-13T13:16:46.505+0000] {processor.py:179} INFO - Processing /opt/airflow/dags/data_pipeline.py took 2.910 seconds
