[2025-05-13T13:12:09.380+0000] {processor.py:157} INFO - Started process (PID=180) to work on /opt/airflow/dags/pass_data.py
[2025-05-13T13:12:09.382+0000] {processor.py:829} INFO - Processing file /opt/airflow/dags/pass_data.py for tasks to queue
[2025-05-13T13:12:09.383+0000] {logging_mixin.py:154} INFO - [2025-05-13T13:12:09.383+0000] {dagbag.py:536} INFO - Filling up the DagBag from /opt/airflow/dags/pass_data.py
[2025-05-13T13:12:10.024+0000] {processor.py:839} INFO - DAG(s) dict_keys(['POC_orange_data2']) retrieved from /opt/airflow/dags/pass_data.py
[2025-05-13T13:12:10.171+0000] {logging_mixin.py:154} INFO - [2025-05-13T13:12:10.171+0000] {dag.py:2941} INFO - Sync 1 DAGs
[2025-05-13T13:12:10.248+0000] {logging_mixin.py:154} INFO - [2025-05-13T13:12:10.247+0000] {dag.py:3722} INFO - Setting next_dagrun for POC_orange_data2 to 2025-05-13T00:00:00+00:00, run_after=2025-05-14T00:00:00+00:00
[2025-05-13T13:12:10.313+0000] {processor.py:179} INFO - Processing /opt/airflow/dags/pass_data.py took 0.941 seconds
[2025-05-13T13:12:40.804+0000] {processor.py:157} INFO - Started process (PID=361) to work on /opt/airflow/dags/pass_data.py
[2025-05-13T13:12:40.806+0000] {processor.py:829} INFO - Processing file /opt/airflow/dags/pass_data.py for tasks to queue
[2025-05-13T13:12:40.807+0000] {logging_mixin.py:154} INFO - [2025-05-13T13:12:40.806+0000] {dagbag.py:536} INFO - Filling up the DagBag from /opt/airflow/dags/pass_data.py
[2025-05-13T13:12:40.944+0000] {processor.py:839} INFO - DAG(s) dict_keys(['POC_orange_data2']) retrieved from /opt/airflow/dags/pass_data.py
[2025-05-13T13:12:40.988+0000] {logging_mixin.py:154} INFO - [2025-05-13T13:12:40.988+0000] {dag.py:2941} INFO - Sync 1 DAGs
[2025-05-13T13:12:41.032+0000] {logging_mixin.py:154} INFO - [2025-05-13T13:12:41.032+0000] {dag.py:3722} INFO - Setting next_dagrun for POC_orange_data2 to 2025-05-13T00:00:00+00:00, run_after=2025-05-14T00:00:00+00:00
[2025-05-13T13:12:41.062+0000] {processor.py:179} INFO - Processing /opt/airflow/dags/pass_data.py took 0.264 seconds
[2025-05-13T13:13:11.599+0000] {processor.py:157} INFO - Started process (PID=543) to work on /opt/airflow/dags/pass_data.py
[2025-05-13T13:13:11.607+0000] {processor.py:829} INFO - Processing file /opt/airflow/dags/pass_data.py for tasks to queue
[2025-05-13T13:13:11.616+0000] {logging_mixin.py:154} INFO - [2025-05-13T13:13:11.613+0000] {dagbag.py:536} INFO - Filling up the DagBag from /opt/airflow/dags/pass_data.py
[2025-05-13T13:13:12.209+0000] {processor.py:839} INFO - DAG(s) dict_keys(['POC_orange_data2']) retrieved from /opt/airflow/dags/pass_data.py
[2025-05-13T13:13:12.368+0000] {logging_mixin.py:154} INFO - [2025-05-13T13:13:12.366+0000] {dag.py:2941} INFO - Sync 1 DAGs
[2025-05-13T13:13:12.519+0000] {logging_mixin.py:154} INFO - [2025-05-13T13:13:12.518+0000] {dag.py:3722} INFO - Setting next_dagrun for POC_orange_data2 to 2025-05-13T00:00:00+00:00, run_after=2025-05-14T00:00:00+00:00
[2025-05-13T13:13:13.276+0000] {processor.py:179} INFO - Processing /opt/airflow/dags/pass_data.py took 1.732 seconds
[2025-05-13T13:13:43.909+0000] {processor.py:157} INFO - Started process (PID=636) to work on /opt/airflow/dags/pass_data.py
[2025-05-13T13:13:43.918+0000] {processor.py:829} INFO - Processing file /opt/airflow/dags/pass_data.py for tasks to queue
[2025-05-13T13:13:43.924+0000] {logging_mixin.py:154} INFO - [2025-05-13T13:13:43.922+0000] {dagbag.py:536} INFO - Filling up the DagBag from /opt/airflow/dags/pass_data.py
[2025-05-13T13:13:44.514+0000] {processor.py:839} INFO - DAG(s) dict_keys(['POC_orange_data2']) retrieved from /opt/airflow/dags/pass_data.py
[2025-05-13T13:13:44.692+0000] {logging_mixin.py:154} INFO - [2025-05-13T13:13:44.690+0000] {dag.py:2941} INFO - Sync 1 DAGs
[2025-05-13T13:13:44.899+0000] {logging_mixin.py:154} INFO - [2025-05-13T13:13:44.898+0000] {dag.py:3722} INFO - Setting next_dagrun for POC_orange_data2 to 2025-05-13T00:00:00+00:00, run_after=2025-05-14T00:00:00+00:00
[2025-05-13T13:13:45.043+0000] {processor.py:179} INFO - Processing /opt/airflow/dags/pass_data.py took 1.160 seconds
[2025-05-13T13:14:15.280+0000] {processor.py:157} INFO - Started process (PID=660) to work on /opt/airflow/dags/pass_data.py
[2025-05-13T13:14:15.288+0000] {processor.py:829} INFO - Processing file /opt/airflow/dags/pass_data.py for tasks to queue
[2025-05-13T13:14:15.295+0000] {logging_mixin.py:154} INFO - [2025-05-13T13:14:15.293+0000] {dagbag.py:536} INFO - Filling up the DagBag from /opt/airflow/dags/pass_data.py
[2025-05-13T13:14:16.047+0000] {processor.py:839} INFO - DAG(s) dict_keys(['POC_orange_data2']) retrieved from /opt/airflow/dags/pass_data.py
[2025-05-13T13:14:16.226+0000] {logging_mixin.py:154} INFO - [2025-05-13T13:14:16.225+0000] {dag.py:2941} INFO - Sync 1 DAGs
[2025-05-13T13:14:16.395+0000] {logging_mixin.py:154} INFO - [2025-05-13T13:14:16.393+0000] {dag.py:3722} INFO - Setting next_dagrun for POC_orange_data2 to 2025-05-13T00:00:00+00:00, run_after=2025-05-14T00:00:00+00:00
[2025-05-13T13:14:16.509+0000] {processor.py:179} INFO - Processing /opt/airflow/dags/pass_data.py took 1.248 seconds
[2025-05-13T13:14:46.807+0000] {processor.py:157} INFO - Started process (PID=678) to work on /opt/airflow/dags/pass_data.py
[2025-05-13T13:14:46.810+0000] {processor.py:829} INFO - Processing file /opt/airflow/dags/pass_data.py for tasks to queue
[2025-05-13T13:14:46.813+0000] {logging_mixin.py:154} INFO - [2025-05-13T13:14:46.812+0000] {dagbag.py:536} INFO - Filling up the DagBag from /opt/airflow/dags/pass_data.py
[2025-05-13T13:14:47.088+0000] {processor.py:839} INFO - DAG(s) dict_keys(['POC_orange_data2']) retrieved from /opt/airflow/dags/pass_data.py
[2025-05-13T13:14:47.150+0000] {logging_mixin.py:154} INFO - [2025-05-13T13:14:47.150+0000] {dag.py:2941} INFO - Sync 1 DAGs
[2025-05-13T13:14:47.210+0000] {logging_mixin.py:154} INFO - [2025-05-13T13:14:47.209+0000] {dag.py:3722} INFO - Setting next_dagrun for POC_orange_data2 to 2025-05-13T00:00:00+00:00, run_after=2025-05-14T00:00:00+00:00
[2025-05-13T13:14:47.255+0000] {processor.py:179} INFO - Processing /opt/airflow/dags/pass_data.py took 0.459 seconds
[2025-05-13T13:15:17.646+0000] {processor.py:157} INFO - Started process (PID=763) to work on /opt/airflow/dags/pass_data.py
[2025-05-13T13:15:17.650+0000] {processor.py:829} INFO - Processing file /opt/airflow/dags/pass_data.py for tasks to queue
[2025-05-13T13:15:17.659+0000] {logging_mixin.py:154} INFO - [2025-05-13T13:15:17.658+0000] {dagbag.py:536} INFO - Filling up the DagBag from /opt/airflow/dags/pass_data.py
[2025-05-13T13:15:18.128+0000] {processor.py:839} INFO - DAG(s) dict_keys(['POC_orange_data2']) retrieved from /opt/airflow/dags/pass_data.py
[2025-05-13T13:15:18.291+0000] {logging_mixin.py:154} INFO - [2025-05-13T13:15:18.290+0000] {dag.py:2941} INFO - Sync 1 DAGs
[2025-05-13T13:15:18.444+0000] {logging_mixin.py:154} INFO - [2025-05-13T13:15:18.442+0000] {dag.py:3722} INFO - Setting next_dagrun for POC_orange_data2 to 2025-05-13T00:00:00+00:00, run_after=2025-05-14T00:00:00+00:00
[2025-05-13T13:15:19.138+0000] {processor.py:179} INFO - Processing /opt/airflow/dags/pass_data.py took 1.510 seconds
[2025-05-13T13:15:49.435+0000] {processor.py:157} INFO - Started process (PID=781) to work on /opt/airflow/dags/pass_data.py
[2025-05-13T13:15:49.439+0000] {processor.py:829} INFO - Processing file /opt/airflow/dags/pass_data.py for tasks to queue
[2025-05-13T13:15:49.444+0000] {logging_mixin.py:154} INFO - [2025-05-13T13:15:49.443+0000] {dagbag.py:536} INFO - Filling up the DagBag from /opt/airflow/dags/pass_data.py
[2025-05-13T13:15:50.857+0000] {processor.py:839} INFO - DAG(s) dict_keys(['POC_orange_data2']) retrieved from /opt/airflow/dags/pass_data.py
[2025-05-13T13:15:51.132+0000] {logging_mixin.py:154} INFO - [2025-05-13T13:15:51.127+0000] {dag.py:2941} INFO - Sync 1 DAGs
[2025-05-13T13:15:51.668+0000] {logging_mixin.py:154} INFO - [2025-05-13T13:15:51.667+0000] {dag.py:3722} INFO - Setting next_dagrun for POC_orange_data2 to 2025-05-13T00:00:00+00:00, run_after=2025-05-14T00:00:00+00:00
[2025-05-13T13:15:51.779+0000] {processor.py:179} INFO - Processing /opt/airflow/dags/pass_data.py took 2.426 seconds
[2025-05-13T13:16:22.088+0000] {processor.py:157} INFO - Started process (PID=863) to work on /opt/airflow/dags/pass_data.py
[2025-05-13T13:16:22.100+0000] {processor.py:829} INFO - Processing file /opt/airflow/dags/pass_data.py for tasks to queue
[2025-05-13T13:16:22.110+0000] {logging_mixin.py:154} INFO - [2025-05-13T13:16:22.105+0000] {dagbag.py:536} INFO - Filling up the DagBag from /opt/airflow/dags/pass_data.py
[2025-05-13T13:16:23.245+0000] {processor.py:839} INFO - DAG(s) dict_keys(['POC_orange_data2']) retrieved from /opt/airflow/dags/pass_data.py
[2025-05-13T13:16:23.386+0000] {logging_mixin.py:154} INFO - [2025-05-13T13:16:23.385+0000] {dag.py:2941} INFO - Sync 1 DAGs
[2025-05-13T13:16:23.553+0000] {logging_mixin.py:154} INFO - [2025-05-13T13:16:23.552+0000] {dag.py:3722} INFO - Setting next_dagrun for POC_orange_data2 to 2025-05-13T00:00:00+00:00, run_after=2025-05-14T00:00:00+00:00
[2025-05-13T13:16:23.684+0000] {processor.py:179} INFO - Processing /opt/airflow/dags/pass_data.py took 1.617 seconds
[2025-05-13T13:16:54.263+0000] {processor.py:157} INFO - Started process (PID=879) to work on /opt/airflow/dags/pass_data.py
[2025-05-13T13:16:54.267+0000] {processor.py:829} INFO - Processing file /opt/airflow/dags/pass_data.py for tasks to queue
[2025-05-13T13:16:54.270+0000] {logging_mixin.py:154} INFO - [2025-05-13T13:16:54.269+0000] {dagbag.py:536} INFO - Filling up the DagBag from /opt/airflow/dags/pass_data.py
[2025-05-13T13:16:54.617+0000] {processor.py:839} INFO - DAG(s) dict_keys(['POC_orange_data2']) retrieved from /opt/airflow/dags/pass_data.py
[2025-05-13T13:16:54.688+0000] {logging_mixin.py:154} INFO - [2025-05-13T13:16:54.687+0000] {dag.py:2941} INFO - Sync 1 DAGs
[2025-05-13T13:16:54.767+0000] {logging_mixin.py:154} INFO - [2025-05-13T13:16:54.766+0000] {dag.py:3722} INFO - Setting next_dagrun for POC_orange_data2 to 2025-05-13T00:00:00+00:00, run_after=2025-05-14T00:00:00+00:00
[2025-05-13T13:16:54.827+0000] {processor.py:179} INFO - Processing /opt/airflow/dags/pass_data.py took 0.579 seconds
