[2025-04-03T13:11:56.418+0000] {taskinstance.py:1159} INFO - Dependencies all met for dep_context=non-requeueable deps ti=<TaskInstance: POC_orange_data2.spark_task2 manual__2025-04-03T13:11:55.771567+00:00 [queued]>
[2025-04-03T13:11:56.432+0000] {taskinstance.py:1159} INFO - Dependencies all met for dep_context=requeueable deps ti=<TaskInstance: POC_orange_data2.spark_task2 manual__2025-04-03T13:11:55.771567+00:00 [queued]>
[2025-04-03T13:11:56.433+0000] {taskinstance.py:1361} INFO - Starting attempt 1 of 1
[2025-04-03T13:11:56.449+0000] {taskinstance.py:1382} INFO - Executing <Task(PythonOperator): spark_task2> on 2025-04-03 13:11:55.771567+00:00
[2025-04-03T13:11:56.455+0000] {standard_task_runner.py:57} INFO - Started process 561 to run task
[2025-04-03T13:11:56.459+0000] {standard_task_runner.py:84} INFO - Running: ['***', 'tasks', 'run', 'POC_orange_data2', 'spark_task2', 'manual__2025-04-03T13:11:55.771567+00:00', '--job-id', '22', '--raw', '--subdir', 'DAGS_FOLDER/pass_data.py', '--cfg-path', '/tmp/tmp9afr9_40']
[2025-04-03T13:11:56.462+0000] {standard_task_runner.py:85} INFO - Job 22: Subtask spark_task2
[2025-04-03T13:11:56.526+0000] {task_command.py:416} INFO - Running <TaskInstance: POC_orange_data2.spark_task2 manual__2025-04-03T13:11:55.771567+00:00 [running]> on host 44552ddc80b1
[2025-04-03T13:11:56.807+0000] {taskinstance.py:1662} INFO - Exporting env vars: AIRFLOW_CTX_DAG_OWNER='***' AIRFLOW_CTX_DAG_ID='POC_orange_data2' AIRFLOW_CTX_TASK_ID='spark_task2' AIRFLOW_CTX_EXECUTION_DATE='2025-04-03T13:11:55.771567+00:00' AIRFLOW_CTX_TRY_NUMBER='1' AIRFLOW_CTX_DAG_RUN_ID='manual__2025-04-03T13:11:55.771567+00:00'
[2025-04-03T13:12:05.989+0000] {logging_mixin.py:154} INFO - loading data
[2025-04-03T13:12:08.374+0000] {taskinstance.py:1937} ERROR - Task failed with exception
Traceback (most recent call last):
  File "/home/airflow/.local/lib/python3.8/site-packages/airflow/operators/python.py", line 192, in execute
    return_value = self.execute_callable()
  File "/home/airflow/.local/lib/python3.8/site-packages/airflow/operators/python.py", line 209, in execute_callable
    return self.python_callable(*self.op_args, **self.op_kwargs)
  File "/opt/airflow/dags/pass_data.py", line 16, in spark_processing
    df = spark.read.csv("/tank/csv/generated_data_*.csv", header=True, inferSchema=True, sep="|")
  File "/home/airflow/.local/lib/python3.8/site-packages/pyspark/sql/readwriter.py", line 740, in csv
    return self._df(self._jreader.csv(self._spark._sc._jvm.PythonUtils.toSeq(path)))
  File "/home/airflow/.local/lib/python3.8/site-packages/py4j/java_gateway.py", line 1322, in __call__
    return_value = get_return_value(
  File "/home/airflow/.local/lib/python3.8/site-packages/pyspark/errors/exceptions/captured.py", line 185, in deco
    raise converted from None
pyspark.errors.exceptions.captured.AnalysisException: [PATH_NOT_FOUND] Path does not exist: file:/tank/csv/generated_data_*.csv.
[2025-04-03T13:12:08.405+0000] {taskinstance.py:1400} INFO - Marking task as FAILED. dag_id=POC_orange_data2, task_id=spark_task2, execution_date=20250403T131155, start_date=20250403T131156, end_date=20250403T131208
[2025-04-03T13:12:08.433+0000] {standard_task_runner.py:104} ERROR - Failed to execute job 22 for task spark_task2 ([PATH_NOT_FOUND] Path does not exist: file:/tank/csv/generated_data_*.csv.; 561)
[2025-04-03T13:12:08.476+0000] {local_task_job_runner.py:228} INFO - Task exited with return code 1
[2025-04-03T13:12:08.501+0000] {taskinstance.py:2778} INFO - 0 downstream tasks scheduled from follow-on schedule check
