[2025-04-21T10:57:45.674+0000] {taskinstance.py:1159} INFO - Dependencies all met for dep_context=non-requeueable deps ti=<TaskInstance: POC_orange_data2.spark_processing_and_es_write manual__2025-04-21T10:57:44.076266+00:00 [queued]>
[2025-04-21T10:57:45.686+0000] {taskinstance.py:1159} INFO - Dependencies all met for dep_context=requeueable deps ti=<TaskInstance: POC_orange_data2.spark_processing_and_es_write manual__2025-04-21T10:57:44.076266+00:00 [queued]>
[2025-04-21T10:57:45.687+0000] {taskinstance.py:1361} INFO - Starting attempt 1 of 1
[2025-04-21T10:57:45.705+0000] {taskinstance.py:1382} INFO - Executing <Task(PythonOperator): spark_processing_and_es_write> on 2025-04-21 10:57:44.076266+00:00
[2025-04-21T10:57:45.714+0000] {standard_task_runner.py:57} INFO - Started process 1401 to run task
[2025-04-21T10:57:45.719+0000] {standard_task_runner.py:84} INFO - Running: ['***', 'tasks', 'run', 'POC_orange_data2', 'spark_processing_and_es_write', 'manual__2025-04-21T10:57:44.076266+00:00', '--job-id', '148', '--raw', '--subdir', 'DAGS_FOLDER/pass_data.py', '--cfg-path', '/tmp/tmpgebz7zc3']
[2025-04-21T10:57:45.723+0000] {standard_task_runner.py:85} INFO - Job 148: Subtask spark_processing_and_es_write
[2025-04-21T10:57:45.793+0000] {task_command.py:416} INFO - Running <TaskInstance: POC_orange_data2.spark_processing_and_es_write manual__2025-04-21T10:57:44.076266+00:00 [running]> on host 796f41b5c924
[2025-04-21T10:57:45.909+0000] {taskinstance.py:1662} INFO - Exporting env vars: AIRFLOW_CTX_DAG_OWNER='***' AIRFLOW_CTX_DAG_ID='POC_orange_data2' AIRFLOW_CTX_TASK_ID='spark_processing_and_es_write' AIRFLOW_CTX_EXECUTION_DATE='2025-04-21T10:57:44.076266+00:00' AIRFLOW_CTX_TRY_NUMBER='1' AIRFLOW_CTX_DAG_RUN_ID='manual__2025-04-21T10:57:44.076266+00:00'
[2025-04-21T10:57:51.608+0000] {logging_mixin.py:154} INFO - Spark session created.
[2025-04-21T10:57:51.608+0000] {logging_mixin.py:154} INFO - Loading data from /opt/***/data/generated_data_*.csv
[2025-04-21T11:03:55.084+0000] {logging_mixin.py:154} INFO - Data loaded successfully. Schema:
[2025-04-21T11:03:55.095+0000] {logging_mixin.py:154} INFO - root
 |-- TimeStamp: timestamp (nullable = true)
 |-- afActiveSessions: integer (nullable = true)
 |-- afSignallingActiveSessions: integer (nullable = true)
 |-- amfActiveSessions: integer (nullable = true)
 |-- fixedActiveSessions: integer (nullable = true)
 |-- gxCcasInitSuccess@SO1GG2: integer (nullable = true)
 |-- gxCcasInitSuccess@TN1GG2: integer (nullable = true)
 |-- gxCcasInitSuccess@TN2GG2: integer (nullable = true)
 |-- gxCcasInitSuccess@TN2VEPG1: integer (nullable = true)
 |-- gxCcasTerminateSuccess@SO1GG2: integer (nullable = true)
 |-- gxCcasTerminateSuccess@TN1GG2: integer (nullable = true)
 |-- gxCcasTerminateSuccess@TN2GG2: integer (nullable = true)
 |-- gxCcasTerminateSuccess@TN2VEPG1: integer (nullable = true)
 |-- gxCcasUpdateSuccess@SO1GG2: integer (nullable = true)
 |-- gxCcasUpdateSuccess@TN1GG2: integer (nullable = true)
 |-- gxCcasUpdateSuccess@TN2GG2: integer (nullable = true)
 |-- gxCcasUpdateSuccess@TN2VEPG1: integer (nullable = true)
 |-- gxCcrsInit@SO1GG2: integer (nullable = true)
 |-- gxCcrsInit@TN1GG2: integer (nullable = true)
 |-- gxCcrsInit@TN2GG2: integer (nullable = true)
 |-- gxCcrsInit@TN2VEPG1: integer (nullable = true)
 |-- gxCcrsTerminate@SO1GG2: integer (nullable = true)
 |-- gxCcrsTerminate@TN1GG2: integer (nullable = true)
 |-- gxCcrsTerminate@TN2GG2: integer (nullable = true)
 |-- gxCcrsTerminate@TN2VEPG1: integer (nullable = true)
 |-- gxCcrsUpdate@SO1GG2: integer (nullable = true)
 |-- gxCcrsUpdate@TN1GG2: integer (nullable = true)
 |-- gxCcrsUpdate@TN2GG2: integer (nullable = true)
 |-- gxCcrsUpdate@TN2VEPG1: integer (nullable = true)
 |-- gxQosRequests@SO1GG2: integer (nullable = true)
 |-- gxQosRequests@TN1GG2: integer (nullable = true)
 |-- gxQosRequests@TN2GG2: integer (nullable = true)
 |-- gxQosRequests@TN2VEPG1: integer (nullable = true)
 |-- gxRaas@SO1GG2: integer (nullable = true)
 |-- gxRaas@TN1GG2: integer (nullable = true)
 |-- gxRaas@TN2GG2: integer (nullable = true)
 |-- gxRaas@TN2VEPG1: integer (nullable = true)
 |-- gxRaasSuccess@SO1GG2: integer (nullable = true)
 |-- gxRaasSuccess@TN1GG2: integer (nullable = true)
 |-- gxRaasSuccess@TN2GG2: integer (nullable = true)
 |-- gxRaasSuccess@TN2VEPG1: integer (nullable = true)
 |-- gxRars@SO1GG2: integer (nullable = true)
 |-- gxRars@TN1GG2: integer (nullable = true)
 |-- gxRars@TN2GG2: integer (nullable = true)
 |-- gxRars@TN2VEPG1: integer (nullable = true)
 |-- mobileActiveSessions: integer (nullable = true)
 |-- restGet: integer (nullable = true)
 |-- rxAaasInitSuccess@rx.so1sbg-pmp1: integer (nullable = true)
 |-- rxAaasInitSuccess@rx.so1sbg-pmp3: integer (nullable = true)
 |-- rxAaasInitSuccess@rx.tn2sbg-pmp1: integer (nullable = true)
 |-- rxAaasSuccess@rx.so1sbg-pmp1: integer (nullable = true)
 |-- rxAaasSuccess@rx.so1sbg-pmp3: integer (nullable = true)
 |-- rxAaasSuccess@rx.tn2sbg-pmp1: integer (nullable = true)
 |-- rxAarsInit@rx.so1sbg-pmp1: integer (nullable = true)
 |-- rxAarsInit@rx.so1sbg-pmp3: integer (nullable = true)
 |-- rxAarsInit@rx.tn2sbg-pmp1: integer (nullable = true)
 |-- rxAarsUpdate@rx.so1sbg-pmp3: integer (nullable = true)
 |-- rxStasSuccess@rx.so1sbg-pmp1: integer (nullable = true)
 |-- rxStasSuccess@rx.so1sbg-pmp3: integer (nullable = true)
 |-- rxStasSuccess@rx.tn2sbg-pmp1: integer (nullable = true)
 |-- rxStrs@rx.so1sbg-pmp1: integer (nullable = true)
 |-- rxStrs@rx.so1sbg-pmp3: integer (nullable = true)
 |-- rxStrs@rx.tn2sbg-pmp1: integer (nullable = true)
 |-- sdActiveSessions: integer (nullable = true)
 |-- smfActiveSessions: integer (nullable = true)
 |-- smpActiveGlobalSessions: integer (nullable = true)
 |-- subscribers: integer (nullable = true)
[2025-04-21T11:03:55.296+0000] {logging_mixin.py:154} INFO - Number of partitions: 136
[2025-04-21T11:03:55.297+0000] {logging_mixin.py:154} INFO - Performing transformations (currently just sampling 30%)
[2025-04-21T11:05:15.134+0000] {logging_mixin.py:154} INFO - Sampled data count: 20400560
[2025-04-21T11:05:15.136+0000] {logging_mixin.py:154} INFO - Transformations done.
[2025-04-21T11:05:15.137+0000] {logging_mixin.py:154} INFO - Attempting to save data to Elasticsearch index: spark_data
[2025-04-21T11:50:53.296+0000] {logging_mixin.py:154} INFO - An error occurred during Spark processing or ES write: An error occurred while calling o57.save.
: org.apache.spark.SparkException: Job aborted due to stage failure: Task 90 in stage 7.0 failed 1 times, most recent failure: Lost task 90.0 in stage 7.0 (TID 432) (796f41b5c924 executor driver): org.elasticsearch.hadoop.rest.EsHadoopNoNodesLeftException: Connection error (check network and/or proxy settings)- all nodes failed; tried [[elasticsearch:9200]] 
	at org.elasticsearch.hadoop.rest.NetworkClient.execute(NetworkClient.java:160)
	at org.elasticsearch.hadoop.rest.RestClient.execute(RestClient.java:442)
	at org.elasticsearch.hadoop.rest.RestClient.execute(RestClient.java:438)
	at org.elasticsearch.hadoop.rest.RestClient.execute(RestClient.java:418)
	at org.elasticsearch.hadoop.rest.RestClient.bulk(RestClient.java:236)
	at org.elasticsearch.hadoop.rest.bulk.BulkProcessor.tryFlush(BulkProcessor.java:215)
	at org.elasticsearch.hadoop.rest.bulk.BulkProcessor.flush(BulkProcessor.java:518)
	at org.elasticsearch.hadoop.rest.bulk.BulkProcessor.add(BulkProcessor.java:132)
	at org.elasticsearch.hadoop.rest.RestRepository.doWriteToIndex(RestRepository.java:192)
	at org.elasticsearch.hadoop.rest.RestRepository.writeToIndex(RestRepository.java:172)
	at org.elasticsearch.spark.rdd.EsRDDWriter.write(EsRDDWriter.scala:83)
	at org.elasticsearch.spark.sql.EsSparkSQL$.$anonfun$saveToEs$1(EsSparkSQL.scala:103)
	at org.elasticsearch.spark.sql.EsSparkSQL$.$anonfun$saveToEs$1$adapted(EsSparkSQL.scala:103)
	at org.apache.spark.scheduler.ResultTask.runTask(ResultTask.scala:93)
	at org.apache.spark.TaskContext.runTaskWithListeners(TaskContext.scala:161)
	at org.apache.spark.scheduler.Task.run(Task.scala:141)
	at org.apache.spark.executor.Executor$TaskRunner.$anonfun$run$4(Executor.scala:620)
	at org.apache.spark.util.SparkErrorUtils.tryWithSafeFinally(SparkErrorUtils.scala:64)
	at org.apache.spark.util.SparkErrorUtils.tryWithSafeFinally$(SparkErrorUtils.scala:61)
	at org.apache.spark.util.Utils$.tryWithSafeFinally(Utils.scala:94)
	at org.apache.spark.executor.Executor$TaskRunner.run(Executor.scala:623)
	at java.base/java.util.concurrent.ThreadPoolExecutor.runWorker(ThreadPoolExecutor.java:1128)
	at java.base/java.util.concurrent.ThreadPoolExecutor$Worker.run(ThreadPoolExecutor.java:628)
	at java.base/java.lang.Thread.run(Thread.java:829)
	Suppressed: org.apache.spark.util.TaskCompletionListenerException: Connection error (check network and/or proxy settings)- all nodes failed; tried [[elasticsearch:9200]] 

Previous exception in task: Connection error (check network and/or proxy settings)- all nodes failed; tried [[elasticsearch:9200]] 
	org.elasticsearch.hadoop.rest.NetworkClient.execute(NetworkClient.java:160)
	org.elasticsearch.hadoop.rest.RestClient.execute(RestClient.java:442)
	org.elasticsearch.hadoop.rest.RestClient.execute(RestClient.java:438)
	org.elasticsearch.hadoop.rest.RestClient.execute(RestClient.java:418)
	org.elasticsearch.hadoop.rest.RestClient.bulk(RestClient.java:236)
	org.elasticsearch.hadoop.rest.bulk.BulkProcessor.tryFlush(BulkProcessor.java:215)
	org.elasticsearch.hadoop.rest.bulk.BulkProcessor.flush(BulkProcessor.java:518)
	org.elasticsearch.hadoop.rest.bulk.BulkProcessor.add(BulkProcessor.java:132)
	org.elasticsearch.hadoop.rest.RestRepository.doWriteToIndex(RestRepository.java:192)
	org.elasticsearch.hadoop.rest.RestRepository.writeToIndex(RestRepository.java:172)
	org.elasticsearch.spark.rdd.EsRDDWriter.write(EsRDDWriter.scala:83)
	org.elasticsearch.spark.sql.EsSparkSQL$.$anonfun$saveToEs$1(EsSparkSQL.scala:103)
	org.elasticsearch.spark.sql.EsSparkSQL$.$anonfun$saveToEs$1$adapted(EsSparkSQL.scala:103)
	org.apache.spark.scheduler.ResultTask.runTask(ResultTask.scala:93)
	org.apache.spark.TaskContext.runTaskWithListeners(TaskContext.scala:161)
	org.apache.spark.scheduler.Task.run(Task.scala:141)
	org.apache.spark.executor.Executor$TaskRunner.$anonfun$run$4(Executor.scala:620)
	org.apache.spark.util.SparkErrorUtils.tryWithSafeFinally(SparkErrorUtils.scala:64)
	org.apache.spark.util.SparkErrorUtils.tryWithSafeFinally$(SparkErrorUtils.scala:61)
	org.apache.spark.util.Utils$.tryWithSafeFinally(Utils.scala:94)
	org.apache.spark.executor.Executor$TaskRunner.run(Executor.scala:623)
	java.base/java.util.concurrent.ThreadPoolExecutor.runWorker(ThreadPoolExecutor.java:1128)
	java.base/java.util.concurrent.ThreadPoolExecutor$Worker.run(ThreadPoolExecutor.java:628)
	java.base/java.lang.Thread.run(Thread.java:829)
		at org.apache.spark.TaskContextImpl.invokeListeners(TaskContextImpl.scala:254)
		at org.apache.spark.TaskContextImpl.invokeTaskCompletionListeners(TaskContextImpl.scala:144)
		at org.apache.spark.TaskContextImpl.markTaskCompleted(TaskContextImpl.scala:137)
		at org.apache.spark.TaskContext.runTaskWithListeners(TaskContext.scala:172)
		... 9 more
		Suppressed: org.elasticsearch.hadoop.rest.EsHadoopNoNodesLeftException: Connection error (check network and/or proxy settings)- all nodes failed; tried [[elasticsearch:9200]] 
			at org.elasticsearch.hadoop.rest.NetworkClient.execute(NetworkClient.java:160)
			at org.elasticsearch.hadoop.rest.RestClient.execute(RestClient.java:442)
			at org.elasticsearch.hadoop.rest.RestClient.execute(RestClient.java:438)
			at org.elasticsearch.hadoop.rest.RestClient.execute(RestClient.java:398)
			at org.elasticsearch.hadoop.rest.RestClient.execute(RestClient.java:402)
			at org.elasticsearch.hadoop.rest.RestClient.refresh(RestClient.java:285)
			at org.elasticsearch.hadoop.rest.bulk.BulkProcessor.close(BulkProcessor.java:569)
			at org.elasticsearch.hadoop.rest.RestRepository.close(RestRepository.java:226)
			at org.elasticsearch.hadoop.rest.RestService$PartitionWriter.close(RestService.java:122)
			at org.elasticsearch.spark.rdd.EsRDDWriter$$anon$1.onTaskCompletion(EsRDDWriter.scala:74)
			at org.apache.spark.TaskContextImpl.$anonfun$invokeTaskCompletionListeners$1(TaskContextImpl.scala:144)
			at org.apache.spark.TaskContextImpl.$anonfun$invokeTaskCompletionListeners$1$adapted(TaskContextImpl.scala:144)
			at org.apache.spark.TaskContextImpl.invokeListeners(TaskContextImpl.scala:199)
			... 12 more

Driver stacktrace:
	at org.apache.spark.scheduler.DAGScheduler.failJobAndIndependentStages(DAGScheduler.scala:2844)
	at org.apache.spark.scheduler.DAGScheduler.$anonfun$abortStage$2(DAGScheduler.scala:2780)
	at org.apache.spark.scheduler.DAGScheduler.$anonfun$abortStage$2$adapted(DAGScheduler.scala:2779)
	at scala.collection.mutable.ResizableArray.foreach(ResizableArray.scala:62)
	at scala.collection.mutable.ResizableArray.foreach$(ResizableArray.scala:55)
	at scala.collection.mutable.ArrayBuffer.foreach(ArrayBuffer.scala:49)
	at org.apache.spark.scheduler.DAGScheduler.abortStage(DAGScheduler.scala:2779)
	at org.apache.spark.scheduler.DAGScheduler.$anonfun$handleTaskSetFailed$1(DAGScheduler.scala:1242)
	at org.apache.spark.scheduler.DAGScheduler.$anonfun$handleTaskSetFailed$1$adapted(DAGScheduler.scala:1242)
	at scala.Option.foreach(Option.scala:407)
	at org.apache.spark.scheduler.DAGScheduler.handleTaskSetFailed(DAGScheduler.scala:1242)
	at org.apache.spark.scheduler.DAGSchedulerEventProcessLoop.doOnReceive(DAGScheduler.scala:3048)
	at org.apache.spark.scheduler.DAGSchedulerEventProcessLoop.onReceive(DAGScheduler.scala:2982)
	at org.apache.spark.scheduler.DAGSchedulerEventProcessLoop.onReceive(DAGScheduler.scala:2971)
	at org.apache.spark.util.EventLoop$$anon$1.run(EventLoop.scala:49)
	at org.apache.spark.scheduler.DAGScheduler.runJob(DAGScheduler.scala:984)
	at org.apache.spark.SparkContext.runJob(SparkContext.scala:2398)
	at org.apache.spark.SparkContext.runJob(SparkContext.scala:2419)
	at org.apache.spark.SparkContext.runJob(SparkContext.scala:2451)
	at org.elasticsearch.spark.sql.EsSparkSQL$.saveToEs(EsSparkSQL.scala:103)
	at org.elasticsearch.spark.sql.ElasticsearchRelation.insert(DefaultSource.scala:629)
	at org.elasticsearch.spark.sql.DefaultSource.createRelation(DefaultSource.scala:107)
	at org.apache.spark.sql.execution.datasources.SaveIntoDataSourceCommand.run(SaveIntoDataSourceCommand.scala:48)
	at org.apache.spark.sql.execution.command.ExecutedCommandExec.sideEffectResult$lzycompute(commands.scala:75)
	at org.apache.spark.sql.execution.command.ExecutedCommandExec.sideEffectResult(commands.scala:73)
	at org.apache.spark.sql.execution.command.ExecutedCommandExec.executeCollect(commands.scala:84)
	at org.apache.spark.sql.execution.QueryExecution$$anonfun$eagerlyExecuteCommands$1.$anonfun$applyOrElse$1(QueryExecution.scala:107)
	at org.apache.spark.sql.execution.SQLExecution$.$anonfun$withNewExecutionId$6(SQLExecution.scala:125)
	at org.apache.spark.sql.execution.SQLExecution$.withSQLConfPropagated(SQLExecution.scala:201)
	at org.apache.spark.sql.execution.SQLExecution$.$anonfun$withNewExecutionId$1(SQLExecution.scala:108)
	at org.apache.spark.sql.SparkSession.withActive(SparkSession.scala:900)
	at org.apache.spark.sql.execution.SQLExecution$.withNewExecutionId(SQLExecution.scala:66)
	at org.apache.spark.sql.execution.QueryExecution$$anonfun$eagerlyExecuteCommands$1.applyOrElse(QueryExecution.scala:107)
	at org.apache.spark.sql.execution.QueryExecution$$anonfun$eagerlyExecuteCommands$1.applyOrElse(QueryExecution.scala:98)
	at org.apache.spark.sql.catalyst.trees.TreeNode.$anonfun$transformDownWithPruning$1(TreeNode.scala:461)
	at org.apache.spark.sql.catalyst.trees.CurrentOrigin$.withOrigin(origin.scala:76)
	at org.apache.spark.sql.catalyst.trees.TreeNode.transformDownWithPruning(TreeNode.scala:461)
	at org.apache.spark.sql.catalyst.plans.logical.LogicalPlan.org$apache$spark$sql$catalyst$plans$logical$AnalysisHelper$$super$transformDownWithPruning(LogicalPlan.scala:32)
	at org.apache.spark.sql.catalyst.plans.logical.AnalysisHelper.transformDownWithPruning(AnalysisHelper.scala:267)
	at org.apache.spark.sql.catalyst.plans.logical.AnalysisHelper.transformDownWithPruning$(AnalysisHelper.scala:263)
	at org.apache.spark.sql.catalyst.plans.logical.LogicalPlan.transformDownWithPruning(LogicalPlan.scala:32)
	at org.apache.spark.sql.catalyst.plans.logical.LogicalPlan.transformDownWithPruning(LogicalPlan.scala:32)
	at org.apache.spark.sql.catalyst.trees.TreeNode.transformDown(TreeNode.scala:437)
	at org.apache.spark.sql.execution.QueryExecution.eagerlyExecuteCommands(QueryExecution.scala:98)
	at org.apache.spark.sql.execution.QueryExecution.commandExecuted$lzycompute(QueryExecution.scala:85)
	at org.apache.spark.sql.execution.QueryExecution.commandExecuted(QueryExecution.scala:83)
	at org.apache.spark.sql.execution.QueryExecution.assertCommandExecuted(QueryExecution.scala:142)
	at org.apache.spark.sql.DataFrameWriter.runCommand(DataFrameWriter.scala:859)
	at org.apache.spark.sql.DataFrameWriter.saveToV1Source(DataFrameWriter.scala:388)
	at org.apache.spark.sql.DataFrameWriter.saveInternal(DataFrameWriter.scala:361)
	at org.apache.spark.sql.DataFrameWriter.save(DataFrameWriter.scala:248)
	at java.base/jdk.internal.reflect.NativeMethodAccessorImpl.invoke0(Native Method)
	at java.base/jdk.internal.reflect.NativeMethodAccessorImpl.invoke(NativeMethodAccessorImpl.java:62)
	at java.base/jdk.internal.reflect.DelegatingMethodAccessorImpl.invoke(DelegatingMethodAccessorImpl.java:43)
	at java.base/java.lang.reflect.Method.invoke(Method.java:566)
	at py4j.reflection.MethodInvoker.invoke(MethodInvoker.java:244)
	at py4j.reflection.ReflectionEngine.invoke(ReflectionEngine.java:374)
	at py4j.Gateway.invoke(Gateway.java:282)
	at py4j.commands.AbstractCommand.invokeMethod(AbstractCommand.java:132)
	at py4j.commands.CallCommand.execute(CallCommand.java:79)
	at py4j.ClientServerConnection.waitForCommands(ClientServerConnection.java:182)
	at py4j.ClientServerConnection.run(ClientServerConnection.java:106)
	at java.base/java.lang.Thread.run(Thread.java:829)
Caused by: org.elasticsearch.hadoop.rest.EsHadoopNoNodesLeftException: Connection error (check network and/or proxy settings)- all nodes failed; tried [[elasticsearch:9200]] 
	at org.elasticsearch.hadoop.rest.NetworkClient.execute(NetworkClient.java:160)
	at org.elasticsearch.hadoop.rest.RestClient.execute(RestClient.java:442)
	at org.elasticsearch.hadoop.rest.RestClient.execute(RestClient.java:438)
	at org.elasticsearch.hadoop.rest.RestClient.execute(RestClient.java:418)
	at org.elasticsearch.hadoop.rest.RestClient.bulk(RestClient.java:236)
	at org.elasticsearch.hadoop.rest.bulk.BulkProcessor.tryFlush(BulkProcessor.java:215)
	at org.elasticsearch.hadoop.rest.bulk.BulkProcessor.flush(BulkProcessor.java:518)
	at org.elasticsearch.hadoop.rest.bulk.BulkProcessor.add(BulkProcessor.java:132)
	at org.elasticsearch.hadoop.rest.RestRepository.doWriteToIndex(RestRepository.java:192)
	at org.elasticsearch.hadoop.rest.RestRepository.writeToIndex(RestRepository.java:172)
	at org.elasticsearch.spark.rdd.EsRDDWriter.write(EsRDDWriter.scala:83)
	at org.elasticsearch.spark.sql.EsSparkSQL$.$anonfun$saveToEs$1(EsSparkSQL.scala:103)
	at org.elasticsearch.spark.sql.EsSparkSQL$.$anonfun$saveToEs$1$adapted(EsSparkSQL.scala:103)
	at org.apache.spark.scheduler.ResultTask.runTask(ResultTask.scala:93)
	at org.apache.spark.TaskContext.runTaskWithListeners(TaskContext.scala:161)
	at org.apache.spark.scheduler.Task.run(Task.scala:141)
	at org.apache.spark.executor.Executor$TaskRunner.$anonfun$run$4(Executor.scala:620)
	at org.apache.spark.util.SparkErrorUtils.tryWithSafeFinally(SparkErrorUtils.scala:64)
	at org.apache.spark.util.SparkErrorUtils.tryWithSafeFinally$(SparkErrorUtils.scala:61)
	at org.apache.spark.util.Utils$.tryWithSafeFinally(Utils.scala:94)
	at org.apache.spark.executor.Executor$TaskRunner.run(Executor.scala:623)
	at java.base/java.util.concurrent.ThreadPoolExecutor.runWorker(ThreadPoolExecutor.java:1128)
	at java.base/java.util.concurrent.ThreadPoolExecutor$Worker.run(ThreadPoolExecutor.java:628)
	... 1 more
	Suppressed: org.apache.spark.util.TaskCompletionListenerException: Connection error (check network and/or proxy settings)- all nodes failed; tried [[elasticsearch:9200]] 

Previous exception in task: Connection error (check network and/or proxy settings)- all nodes failed; tried [[elasticsearch:9200]] 
	org.elasticsearch.hadoop.rest.NetworkClient.execute(NetworkClient.java:160)
	org.elasticsearch.hadoop.rest.RestClient.execute(RestClient.java:442)
	org.elasticsearch.hadoop.rest.RestClient.execute(RestClient.java:438)
	org.elasticsearch.hadoop.rest.RestClient.execute(RestClient.java:418)
	org.elasticsearch.hadoop.rest.RestClient.bulk(RestClient.java:236)
	org.elasticsearch.hadoop.rest.bulk.BulkProcessor.tryFlush(BulkProcessor.java:215)
	org.elasticsearch.hadoop.rest.bulk.BulkProcessor.flush(BulkProcessor.java:518)
	org.elasticsearch.hadoop.rest.bulk.BulkProcessor.add(BulkProcessor.java:132)
	org.elasticsearch.hadoop.rest.RestRepository.doWriteToIndex(RestRepository.java:192)
	org.elasticsearch.hadoop.rest.RestRepository.writeToIndex(RestRepository.java:172)
	org.elasticsearch.spark.rdd.EsRDDWriter.write(EsRDDWriter.scala:83)
	org.elasticsearch.spark.sql.EsSparkSQL$.$anonfun$saveToEs$1(EsSparkSQL.scala:103)
	org.elasticsearch.spark.sql.EsSparkSQL$.$anonfun$saveToEs$1$adapted(EsSparkSQL.scala:103)
	org.apache.spark.scheduler.ResultTask.runTask(ResultTask.scala:93)
	org.apache.spark.TaskContext.runTaskWithListeners(TaskContext.scala:161)
	org.apache.spark.scheduler.Task.run(Task.scala:141)
	org.apache.spark.executor.Executor$TaskRunner.$anonfun$run$4(Executor.scala:620)
	org.apache.spark.util.SparkErrorUtils.tryWithSafeFinally(SparkErrorUtils.scala:64)
	org.apache.spark.util.SparkErrorUtils.tryWithSafeFinally$(SparkErrorUtils.scala:61)
	org.apache.spark.util.Utils$.tryWithSafeFinally(Utils.scala:94)
	org.apache.spark.executor.Executor$TaskRunner.run(Executor.scala:623)
	java.base/java.util.concurrent.ThreadPoolExecutor.runWorker(ThreadPoolExecutor.java:1128)
	java.base/java.util.concurrent.ThreadPoolExecutor$Worker.run(ThreadPoolExecutor.java:628)
	java.base/java.lang.Thread.run(Thread.java:829)
		at org.apache.spark.TaskContextImpl.invokeListeners(TaskContextImpl.scala:254)
		at org.apache.spark.TaskContextImpl.invokeTaskCompletionListeners(TaskContextImpl.scala:144)
		at org.apache.spark.TaskContextImpl.markTaskCompleted(TaskContextImpl.scala:137)
		at org.apache.spark.TaskContext.runTaskWithListeners(TaskContext.scala:172)
		... 9 more
		Suppressed: org.elasticsearch.hadoop.rest.EsHadoopNoNodesLeftException: Connection error (check network and/or proxy settings)- all nodes failed; tried [[elasticsearch:9200]] 
			at org.elasticsearch.hadoop.rest.NetworkClient.execute(NetworkClient.java:160)
			at org.elasticsearch.hadoop.rest.RestClient.execute(RestClient.java:442)
			at org.elasticsearch.hadoop.rest.RestClient.execute(RestClient.java:438)
			at org.elasticsearch.hadoop.rest.RestClient.execute(RestClient.java:398)
			at org.elasticsearch.hadoop.rest.RestClient.execute(RestClient.java:402)
			at org.elasticsearch.hadoop.rest.RestClient.refresh(RestClient.java:285)
			at org.elasticsearch.hadoop.rest.bulk.BulkProcessor.close(BulkProcessor.java:569)
			at org.elasticsearch.hadoop.rest.RestRepository.close(RestRepository.java:226)
			at org.elasticsearch.hadoop.rest.RestService$PartitionWriter.close(RestService.java:122)
			at org.elasticsearch.spark.rdd.EsRDDWriter$$anon$1.onTaskCompletion(EsRDDWriter.scala:74)
			at org.apache.spark.TaskContextImpl.$anonfun$invokeTaskCompletionListeners$1(TaskContextImpl.scala:144)
			at org.apache.spark.TaskContextImpl.$anonfun$invokeTaskCompletionListeners$1$adapted(TaskContextImpl.scala:144)
			at org.apache.spark.TaskContextImpl.invokeListeners(TaskContextImpl.scala:199)
			... 12 more
[2025-04-21T11:50:53.337+0000] {logging_mixin.py:154} INFO - Stopping Spark session.
[2025-04-21T11:50:54.004+0000] {taskinstance.py:1937} ERROR - Task failed with exception
Traceback (most recent call last):
  File "/home/airflow/.local/lib/python3.8/site-packages/airflow/operators/python.py", line 192, in execute
    return_value = self.execute_callable()
  File "/home/airflow/.local/lib/python3.8/site-packages/airflow/operators/python.py", line 209, in execute_callable
    return self.python_callable(*self.op_args, **self.op_kwargs)
  File "/opt/airflow/dags/pass_data.py", line 52, in spark_processing
    df_sampled.write \
  File "/home/airflow/.local/lib/python3.8/site-packages/pyspark/sql/readwriter.py", line 1461, in save
    self._jwrite.save()
  File "/home/airflow/.local/lib/python3.8/site-packages/py4j/java_gateway.py", line 1322, in __call__
    return_value = get_return_value(
  File "/home/airflow/.local/lib/python3.8/site-packages/pyspark/errors/exceptions/captured.py", line 179, in deco
    return f(*a, **kw)
  File "/home/airflow/.local/lib/python3.8/site-packages/py4j/protocol.py", line 326, in get_return_value
    raise Py4JJavaError(
py4j.protocol.Py4JJavaError: An error occurred while calling o57.save.
: org.apache.spark.SparkException: Job aborted due to stage failure: Task 90 in stage 7.0 failed 1 times, most recent failure: Lost task 90.0 in stage 7.0 (TID 432) (796f41b5c924 executor driver): org.elasticsearch.hadoop.rest.EsHadoopNoNodesLeftException: Connection error (check network and/or proxy settings)- all nodes failed; tried [[elasticsearch:9200]] 
	at org.elasticsearch.hadoop.rest.NetworkClient.execute(NetworkClient.java:160)
	at org.elasticsearch.hadoop.rest.RestClient.execute(RestClient.java:442)
	at org.elasticsearch.hadoop.rest.RestClient.execute(RestClient.java:438)
	at org.elasticsearch.hadoop.rest.RestClient.execute(RestClient.java:418)
	at org.elasticsearch.hadoop.rest.RestClient.bulk(RestClient.java:236)
	at org.elasticsearch.hadoop.rest.bulk.BulkProcessor.tryFlush(BulkProcessor.java:215)
	at org.elasticsearch.hadoop.rest.bulk.BulkProcessor.flush(BulkProcessor.java:518)
	at org.elasticsearch.hadoop.rest.bulk.BulkProcessor.add(BulkProcessor.java:132)
	at org.elasticsearch.hadoop.rest.RestRepository.doWriteToIndex(RestRepository.java:192)
	at org.elasticsearch.hadoop.rest.RestRepository.writeToIndex(RestRepository.java:172)
	at org.elasticsearch.spark.rdd.EsRDDWriter.write(EsRDDWriter.scala:83)
	at org.elasticsearch.spark.sql.EsSparkSQL$.$anonfun$saveToEs$1(EsSparkSQL.scala:103)
	at org.elasticsearch.spark.sql.EsSparkSQL$.$anonfun$saveToEs$1$adapted(EsSparkSQL.scala:103)
	at org.apache.spark.scheduler.ResultTask.runTask(ResultTask.scala:93)
	at org.apache.spark.TaskContext.runTaskWithListeners(TaskContext.scala:161)
	at org.apache.spark.scheduler.Task.run(Task.scala:141)
	at org.apache.spark.executor.Executor$TaskRunner.$anonfun$run$4(Executor.scala:620)
	at org.apache.spark.util.SparkErrorUtils.tryWithSafeFinally(SparkErrorUtils.scala:64)
	at org.apache.spark.util.SparkErrorUtils.tryWithSafeFinally$(SparkErrorUtils.scala:61)
	at org.apache.spark.util.Utils$.tryWithSafeFinally(Utils.scala:94)
	at org.apache.spark.executor.Executor$TaskRunner.run(Executor.scala:623)
	at java.base/java.util.concurrent.ThreadPoolExecutor.runWorker(ThreadPoolExecutor.java:1128)
	at java.base/java.util.concurrent.ThreadPoolExecutor$Worker.run(ThreadPoolExecutor.java:628)
	at java.base/java.lang.Thread.run(Thread.java:829)
	Suppressed: org.apache.spark.util.TaskCompletionListenerException: Connection error (check network and/or proxy settings)- all nodes failed; tried [[elasticsearch:9200]] 

Previous exception in task: Connection error (check network and/or proxy settings)- all nodes failed; tried [[elasticsearch:9200]] 
	org.elasticsearch.hadoop.rest.NetworkClient.execute(NetworkClient.java:160)
	org.elasticsearch.hadoop.rest.RestClient.execute(RestClient.java:442)
	org.elasticsearch.hadoop.rest.RestClient.execute(RestClient.java:438)
	org.elasticsearch.hadoop.rest.RestClient.execute(RestClient.java:418)
	org.elasticsearch.hadoop.rest.RestClient.bulk(RestClient.java:236)
	org.elasticsearch.hadoop.rest.bulk.BulkProcessor.tryFlush(BulkProcessor.java:215)
	org.elasticsearch.hadoop.rest.bulk.BulkProcessor.flush(BulkProcessor.java:518)
	org.elasticsearch.hadoop.rest.bulk.BulkProcessor.add(BulkProcessor.java:132)
	org.elasticsearch.hadoop.rest.RestRepository.doWriteToIndex(RestRepository.java:192)
	org.elasticsearch.hadoop.rest.RestRepository.writeToIndex(RestRepository.java:172)
	org.elasticsearch.spark.rdd.EsRDDWriter.write(EsRDDWriter.scala:83)
	org.elasticsearch.spark.sql.EsSparkSQL$.$anonfun$saveToEs$1(EsSparkSQL.scala:103)
	org.elasticsearch.spark.sql.EsSparkSQL$.$anonfun$saveToEs$1$adapted(EsSparkSQL.scala:103)
	org.apache.spark.scheduler.ResultTask.runTask(ResultTask.scala:93)
	org.apache.spark.TaskContext.runTaskWithListeners(TaskContext.scala:161)
	org.apache.spark.scheduler.Task.run(Task.scala:141)
	org.apache.spark.executor.Executor$TaskRunner.$anonfun$run$4(Executor.scala:620)
	org.apache.spark.util.SparkErrorUtils.tryWithSafeFinally(SparkErrorUtils.scala:64)
	org.apache.spark.util.SparkErrorUtils.tryWithSafeFinally$(SparkErrorUtils.scala:61)
	org.apache.spark.util.Utils$.tryWithSafeFinally(Utils.scala:94)
	org.apache.spark.executor.Executor$TaskRunner.run(Executor.scala:623)
	java.base/java.util.concurrent.ThreadPoolExecutor.runWorker(ThreadPoolExecutor.java:1128)
	java.base/java.util.concurrent.ThreadPoolExecutor$Worker.run(ThreadPoolExecutor.java:628)
	java.base/java.lang.Thread.run(Thread.java:829)
		at org.apache.spark.TaskContextImpl.invokeListeners(TaskContextImpl.scala:254)
		at org.apache.spark.TaskContextImpl.invokeTaskCompletionListeners(TaskContextImpl.scala:144)
		at org.apache.spark.TaskContextImpl.markTaskCompleted(TaskContextImpl.scala:137)
		at org.apache.spark.TaskContext.runTaskWithListeners(TaskContext.scala:172)
		... 9 more
		Suppressed: org.elasticsearch.hadoop.rest.EsHadoopNoNodesLeftException: Connection error (check network and/or proxy settings)- all nodes failed; tried [[elasticsearch:9200]] 
			at org.elasticsearch.hadoop.rest.NetworkClient.execute(NetworkClient.java:160)
			at org.elasticsearch.hadoop.rest.RestClient.execute(RestClient.java:442)
			at org.elasticsearch.hadoop.rest.RestClient.execute(RestClient.java:438)
			at org.elasticsearch.hadoop.rest.RestClient.execute(RestClient.java:398)
			at org.elasticsearch.hadoop.rest.RestClient.execute(RestClient.java:402)
			at org.elasticsearch.hadoop.rest.RestClient.refresh(RestClient.java:285)
			at org.elasticsearch.hadoop.rest.bulk.BulkProcessor.close(BulkProcessor.java:569)
			at org.elasticsearch.hadoop.rest.RestRepository.close(RestRepository.java:226)
			at org.elasticsearch.hadoop.rest.RestService$PartitionWriter.close(RestService.java:122)
			at org.elasticsearch.spark.rdd.EsRDDWriter$$anon$1.onTaskCompletion(EsRDDWriter.scala:74)
			at org.apache.spark.TaskContextImpl.$anonfun$invokeTaskCompletionListeners$1(TaskContextImpl.scala:144)
			at org.apache.spark.TaskContextImpl.$anonfun$invokeTaskCompletionListeners$1$adapted(TaskContextImpl.scala:144)
			at org.apache.spark.TaskContextImpl.invokeListeners(TaskContextImpl.scala:199)
			... 12 more

Driver stacktrace:
	at org.apache.spark.scheduler.DAGScheduler.failJobAndIndependentStages(DAGScheduler.scala:2844)
	at org.apache.spark.scheduler.DAGScheduler.$anonfun$abortStage$2(DAGScheduler.scala:2780)
	at org.apache.spark.scheduler.DAGScheduler.$anonfun$abortStage$2$adapted(DAGScheduler.scala:2779)
	at scala.collection.mutable.ResizableArray.foreach(ResizableArray.scala:62)
	at scala.collection.mutable.ResizableArray.foreach$(ResizableArray.scala:55)
	at scala.collection.mutable.ArrayBuffer.foreach(ArrayBuffer.scala:49)
	at org.apache.spark.scheduler.DAGScheduler.abortStage(DAGScheduler.scala:2779)
	at org.apache.spark.scheduler.DAGScheduler.$anonfun$handleTaskSetFailed$1(DAGScheduler.scala:1242)
	at org.apache.spark.scheduler.DAGScheduler.$anonfun$handleTaskSetFailed$1$adapted(DAGScheduler.scala:1242)
	at scala.Option.foreach(Option.scala:407)
	at org.apache.spark.scheduler.DAGScheduler.handleTaskSetFailed(DAGScheduler.scala:1242)
	at org.apache.spark.scheduler.DAGSchedulerEventProcessLoop.doOnReceive(DAGScheduler.scala:3048)
	at org.apache.spark.scheduler.DAGSchedulerEventProcessLoop.onReceive(DAGScheduler.scala:2982)
	at org.apache.spark.scheduler.DAGSchedulerEventProcessLoop.onReceive(DAGScheduler.scala:2971)
	at org.apache.spark.util.EventLoop$$anon$1.run(EventLoop.scala:49)
	at org.apache.spark.scheduler.DAGScheduler.runJob(DAGScheduler.scala:984)
	at org.apache.spark.SparkContext.runJob(SparkContext.scala:2398)
	at org.apache.spark.SparkContext.runJob(SparkContext.scala:2419)
	at org.apache.spark.SparkContext.runJob(SparkContext.scala:2451)
	at org.elasticsearch.spark.sql.EsSparkSQL$.saveToEs(EsSparkSQL.scala:103)
	at org.elasticsearch.spark.sql.ElasticsearchRelation.insert(DefaultSource.scala:629)
	at org.elasticsearch.spark.sql.DefaultSource.createRelation(DefaultSource.scala:107)
	at org.apache.spark.sql.execution.datasources.SaveIntoDataSourceCommand.run(SaveIntoDataSourceCommand.scala:48)
	at org.apache.spark.sql.execution.command.ExecutedCommandExec.sideEffectResult$lzycompute(commands.scala:75)
	at org.apache.spark.sql.execution.command.ExecutedCommandExec.sideEffectResult(commands.scala:73)
	at org.apache.spark.sql.execution.command.ExecutedCommandExec.executeCollect(commands.scala:84)
	at org.apache.spark.sql.execution.QueryExecution$$anonfun$eagerlyExecuteCommands$1.$anonfun$applyOrElse$1(QueryExecution.scala:107)
	at org.apache.spark.sql.execution.SQLExecution$.$anonfun$withNewExecutionId$6(SQLExecution.scala:125)
	at org.apache.spark.sql.execution.SQLExecution$.withSQLConfPropagated(SQLExecution.scala:201)
	at org.apache.spark.sql.execution.SQLExecution$.$anonfun$withNewExecutionId$1(SQLExecution.scala:108)
	at org.apache.spark.sql.SparkSession.withActive(SparkSession.scala:900)
	at org.apache.spark.sql.execution.SQLExecution$.withNewExecutionId(SQLExecution.scala:66)
	at org.apache.spark.sql.execution.QueryExecution$$anonfun$eagerlyExecuteCommands$1.applyOrElse(QueryExecution.scala:107)
	at org.apache.spark.sql.execution.QueryExecution$$anonfun$eagerlyExecuteCommands$1.applyOrElse(QueryExecution.scala:98)
	at org.apache.spark.sql.catalyst.trees.TreeNode.$anonfun$transformDownWithPruning$1(TreeNode.scala:461)
	at org.apache.spark.sql.catalyst.trees.CurrentOrigin$.withOrigin(origin.scala:76)
	at org.apache.spark.sql.catalyst.trees.TreeNode.transformDownWithPruning(TreeNode.scala:461)
	at org.apache.spark.sql.catalyst.plans.logical.LogicalPlan.org$apache$spark$sql$catalyst$plans$logical$AnalysisHelper$$super$transformDownWithPruning(LogicalPlan.scala:32)
	at org.apache.spark.sql.catalyst.plans.logical.AnalysisHelper.transformDownWithPruning(AnalysisHelper.scala:267)
	at org.apache.spark.sql.catalyst.plans.logical.AnalysisHelper.transformDownWithPruning$(AnalysisHelper.scala:263)
	at org.apache.spark.sql.catalyst.plans.logical.LogicalPlan.transformDownWithPruning(LogicalPlan.scala:32)
	at org.apache.spark.sql.catalyst.plans.logical.LogicalPlan.transformDownWithPruning(LogicalPlan.scala:32)
	at org.apache.spark.sql.catalyst.trees.TreeNode.transformDown(TreeNode.scala:437)
	at org.apache.spark.sql.execution.QueryExecution.eagerlyExecuteCommands(QueryExecution.scala:98)
	at org.apache.spark.sql.execution.QueryExecution.commandExecuted$lzycompute(QueryExecution.scala:85)
	at org.apache.spark.sql.execution.QueryExecution.commandExecuted(QueryExecution.scala:83)
	at org.apache.spark.sql.execution.QueryExecution.assertCommandExecuted(QueryExecution.scala:142)
	at org.apache.spark.sql.DataFrameWriter.runCommand(DataFrameWriter.scala:859)
	at org.apache.spark.sql.DataFrameWriter.saveToV1Source(DataFrameWriter.scala:388)
	at org.apache.spark.sql.DataFrameWriter.saveInternal(DataFrameWriter.scala:361)
	at org.apache.spark.sql.DataFrameWriter.save(DataFrameWriter.scala:248)
	at java.base/jdk.internal.reflect.NativeMethodAccessorImpl.invoke0(Native Method)
	at java.base/jdk.internal.reflect.NativeMethodAccessorImpl.invoke(NativeMethodAccessorImpl.java:62)
	at java.base/jdk.internal.reflect.DelegatingMethodAccessorImpl.invoke(DelegatingMethodAccessorImpl.java:43)
	at java.base/java.lang.reflect.Method.invoke(Method.java:566)
	at py4j.reflection.MethodInvoker.invoke(MethodInvoker.java:244)
	at py4j.reflection.ReflectionEngine.invoke(ReflectionEngine.java:374)
	at py4j.Gateway.invoke(Gateway.java:282)
	at py4j.commands.AbstractCommand.invokeMethod(AbstractCommand.java:132)
	at py4j.commands.CallCommand.execute(CallCommand.java:79)
	at py4j.ClientServerConnection.waitForCommands(ClientServerConnection.java:182)
	at py4j.ClientServerConnection.run(ClientServerConnection.java:106)
	at java.base/java.lang.Thread.run(Thread.java:829)
Caused by: org.elasticsearch.hadoop.rest.EsHadoopNoNodesLeftException: Connection error (check network and/or proxy settings)- all nodes failed; tried [[elasticsearch:9200]] 
	at org.elasticsearch.hadoop.rest.NetworkClient.execute(NetworkClient.java:160)
	at org.elasticsearch.hadoop.rest.RestClient.execute(RestClient.java:442)
	at org.elasticsearch.hadoop.rest.RestClient.execute(RestClient.java:438)
	at org.elasticsearch.hadoop.rest.RestClient.execute(RestClient.java:418)
	at org.elasticsearch.hadoop.rest.RestClient.bulk(RestClient.java:236)
	at org.elasticsearch.hadoop.rest.bulk.BulkProcessor.tryFlush(BulkProcessor.java:215)
	at org.elasticsearch.hadoop.rest.bulk.BulkProcessor.flush(BulkProcessor.java:518)
	at org.elasticsearch.hadoop.rest.bulk.BulkProcessor.add(BulkProcessor.java:132)
	at org.elasticsearch.hadoop.rest.RestRepository.doWriteToIndex(RestRepository.java:192)
	at org.elasticsearch.hadoop.rest.RestRepository.writeToIndex(RestRepository.java:172)
	at org.elasticsearch.spark.rdd.EsRDDWriter.write(EsRDDWriter.scala:83)
	at org.elasticsearch.spark.sql.EsSparkSQL$.$anonfun$saveToEs$1(EsSparkSQL.scala:103)
	at org.elasticsearch.spark.sql.EsSparkSQL$.$anonfun$saveToEs$1$adapted(EsSparkSQL.scala:103)
	at org.apache.spark.scheduler.ResultTask.runTask(ResultTask.scala:93)
	at org.apache.spark.TaskContext.runTaskWithListeners(TaskContext.scala:161)
	at org.apache.spark.scheduler.Task.run(Task.scala:141)
	at org.apache.spark.executor.Executor$TaskRunner.$anonfun$run$4(Executor.scala:620)
	at org.apache.spark.util.SparkErrorUtils.tryWithSafeFinally(SparkErrorUtils.scala:64)
	at org.apache.spark.util.SparkErrorUtils.tryWithSafeFinally$(SparkErrorUtils.scala:61)
	at org.apache.spark.util.Utils$.tryWithSafeFinally(Utils.scala:94)
	at org.apache.spark.executor.Executor$TaskRunner.run(Executor.scala:623)
	at java.base/java.util.concurrent.ThreadPoolExecutor.runWorker(ThreadPoolExecutor.java:1128)
	at java.base/java.util.concurrent.ThreadPoolExecutor$Worker.run(ThreadPoolExecutor.java:628)
	... 1 more
	Suppressed: org.apache.spark.util.TaskCompletionListenerException: Connection error (check network and/or proxy settings)- all nodes failed; tried [[elasticsearch:9200]] 

Previous exception in task: Connection error (check network and/or proxy settings)- all nodes failed; tried [[elasticsearch:9200]] 
	org.elasticsearch.hadoop.rest.NetworkClient.execute(NetworkClient.java:160)
	org.elasticsearch.hadoop.rest.RestClient.execute(RestClient.java:442)
	org.elasticsearch.hadoop.rest.RestClient.execute(RestClient.java:438)
	org.elasticsearch.hadoop.rest.RestClient.execute(RestClient.java:418)
	org.elasticsearch.hadoop.rest.RestClient.bulk(RestClient.java:236)
	org.elasticsearch.hadoop.rest.bulk.BulkProcessor.tryFlush(BulkProcessor.java:215)
	org.elasticsearch.hadoop.rest.bulk.BulkProcessor.flush(BulkProcessor.java:518)
	org.elasticsearch.hadoop.rest.bulk.BulkProcessor.add(BulkProcessor.java:132)
	org.elasticsearch.hadoop.rest.RestRepository.doWriteToIndex(RestRepository.java:192)
	org.elasticsearch.hadoop.rest.RestRepository.writeToIndex(RestRepository.java:172)
	org.elasticsearch.spark.rdd.EsRDDWriter.write(EsRDDWriter.scala:83)
	org.elasticsearch.spark.sql.EsSparkSQL$.$anonfun$saveToEs$1(EsSparkSQL.scala:103)
	org.elasticsearch.spark.sql.EsSparkSQL$.$anonfun$saveToEs$1$adapted(EsSparkSQL.scala:103)
	org.apache.spark.scheduler.ResultTask.runTask(ResultTask.scala:93)
	org.apache.spark.TaskContext.runTaskWithListeners(TaskContext.scala:161)
	org.apache.spark.scheduler.Task.run(Task.scala:141)
	org.apache.spark.executor.Executor$TaskRunner.$anonfun$run$4(Executor.scala:620)
	org.apache.spark.util.SparkErrorUtils.tryWithSafeFinally(SparkErrorUtils.scala:64)
	org.apache.spark.util.SparkErrorUtils.tryWithSafeFinally$(SparkErrorUtils.scala:61)
	org.apache.spark.util.Utils$.tryWithSafeFinally(Utils.scala:94)
	org.apache.spark.executor.Executor$TaskRunner.run(Executor.scala:623)
	java.base/java.util.concurrent.ThreadPoolExecutor.runWorker(ThreadPoolExecutor.java:1128)
	java.base/java.util.concurrent.ThreadPoolExecutor$Worker.run(ThreadPoolExecutor.java:628)
	java.base/java.lang.Thread.run(Thread.java:829)
		at org.apache.spark.TaskContextImpl.invokeListeners(TaskContextImpl.scala:254)
		at org.apache.spark.TaskContextImpl.invokeTaskCompletionListeners(TaskContextImpl.scala:144)
		at org.apache.spark.TaskContextImpl.markTaskCompleted(TaskContextImpl.scala:137)
		at org.apache.spark.TaskContext.runTaskWithListeners(TaskContext.scala:172)
		... 9 more
		Suppressed: org.elasticsearch.hadoop.rest.EsHadoopNoNodesLeftException: Connection error (check network and/or proxy settings)- all nodes failed; tried [[elasticsearch:9200]] 
			at org.elasticsearch.hadoop.rest.NetworkClient.execute(NetworkClient.java:160)
			at org.elasticsearch.hadoop.rest.RestClient.execute(RestClient.java:442)
			at org.elasticsearch.hadoop.rest.RestClient.execute(RestClient.java:438)
			at org.elasticsearch.hadoop.rest.RestClient.execute(RestClient.java:398)
			at org.elasticsearch.hadoop.rest.RestClient.execute(RestClient.java:402)
			at org.elasticsearch.hadoop.rest.RestClient.refresh(RestClient.java:285)
			at org.elasticsearch.hadoop.rest.bulk.BulkProcessor.close(BulkProcessor.java:569)
			at org.elasticsearch.hadoop.rest.RestRepository.close(RestRepository.java:226)
			at org.elasticsearch.hadoop.rest.RestService$PartitionWriter.close(RestService.java:122)
			at org.elasticsearch.spark.rdd.EsRDDWriter$$anon$1.onTaskCompletion(EsRDDWriter.scala:74)
			at org.apache.spark.TaskContextImpl.$anonfun$invokeTaskCompletionListeners$1(TaskContextImpl.scala:144)
			at org.apache.spark.TaskContextImpl.$anonfun$invokeTaskCompletionListeners$1$adapted(TaskContextImpl.scala:144)
			at org.apache.spark.TaskContextImpl.invokeListeners(TaskContextImpl.scala:199)
			... 12 more

[2025-04-21T11:50:54.363+0000] {taskinstance.py:1400} INFO - Marking task as FAILED. dag_id=POC_orange_data2, task_id=spark_processing_and_es_write, execution_date=20250421T105744, start_date=20250421T105745, end_date=20250421T115054
[2025-04-21T11:50:54.593+0000] {standard_task_runner.py:104} ERROR - Failed to execute job 148 for task spark_processing_and_es_write (An error occurred while calling o57.save.
: org.apache.spark.SparkException: Job aborted due to stage failure: Task 90 in stage 7.0 failed 1 times, most recent failure: Lost task 90.0 in stage 7.0 (TID 432) (796f41b5c924 executor driver): org.elasticsearch.hadoop.rest.EsHadoopNoNodesLeftException: Connection error (check network and/or proxy settings)- all nodes failed; tried [[elasticsearch:9200]] 
	at org.elasticsearch.hadoop.rest.NetworkClient.execute(NetworkClient.java:160)
	at org.elasticsearch.hadoop.rest.RestClient.execute(RestClient.java:442)
	at org.elasticsearch.hadoop.rest.RestClient.execute(RestClient.java:438)
	at org.elasticsearch.hadoop.rest.RestClient.execute(RestClient.java:418)
	at org.elasticsearch.hadoop.rest.RestClient.bulk(RestClient.java:236)
	at org.elasticsearch.hadoop.rest.bulk.BulkProcessor.tryFlush(BulkProcessor.java:215)
	at org.elasticsearch.hadoop.rest.bulk.BulkProcessor.flush(BulkProcessor.java:518)
	at org.elasticsearch.hadoop.rest.bulk.BulkProcessor.add(BulkProcessor.java:132)
	at org.elasticsearch.hadoop.rest.RestRepository.doWriteToIndex(RestRepository.java:192)
	at org.elasticsearch.hadoop.rest.RestRepository.writeToIndex(RestRepository.java:172)
	at org.elasticsearch.spark.rdd.EsRDDWriter.write(EsRDDWriter.scala:83)
	at org.elasticsearch.spark.sql.EsSparkSQL$.$anonfun$saveToEs$1(EsSparkSQL.scala:103)
	at org.elasticsearch.spark.sql.EsSparkSQL$.$anonfun$saveToEs$1$adapted(EsSparkSQL.scala:103)
	at org.apache.spark.scheduler.ResultTask.runTask(ResultTask.scala:93)
	at org.apache.spark.TaskContext.runTaskWithListeners(TaskContext.scala:161)
	at org.apache.spark.scheduler.Task.run(Task.scala:141)
	at org.apache.spark.executor.Executor$TaskRunner.$anonfun$run$4(Executor.scala:620)
	at org.apache.spark.util.SparkErrorUtils.tryWithSafeFinally(SparkErrorUtils.scala:64)
	at org.apache.spark.util.SparkErrorUtils.tryWithSafeFinally$(SparkErrorUtils.scala:61)
	at org.apache.spark.util.Utils$.tryWithSafeFinally(Utils.scala:94)
	at org.apache.spark.executor.Executor$TaskRunner.run(Executor.scala:623)
	at java.base/java.util.concurrent.ThreadPoolExecutor.runWorker(ThreadPoolExecutor.java:1128)
	at java.base/java.util.concurrent.ThreadPoolExecutor$Worker.run(ThreadPoolExecutor.java:628)
	at java.base/java.lang.Thread.run(Thread.java:829)
	Suppressed: org.apache.spark.util.TaskCompletionListenerException: Connection error (check network and/or proxy settings)- all nodes failed; tried [[elasticsearch:9200]] 

Previous exception in task: Connection error (check network and/or proxy settings)- all nodes failed; tried [[elasticsearch:9200]] 
	org.elasticsearch.hadoop.rest.NetworkClient.execute(NetworkClient.java:160)
	org.elasticsearch.hadoop.rest.RestClient.execute(RestClient.java:442)
	org.elasticsearch.hadoop.rest.RestClient.execute(RestClient.java:438)
	org.elasticsearch.hadoop.rest.RestClient.execute(RestClient.java:418)
	org.elasticsearch.hadoop.rest.RestClient.bulk(RestClient.java:236)
	org.elasticsearch.hadoop.rest.bulk.BulkProcessor.tryFlush(BulkProcessor.java:215)
	org.elasticsearch.hadoop.rest.bulk.BulkProcessor.flush(BulkProcessor.java:518)
	org.elasticsearch.hadoop.rest.bulk.BulkProcessor.add(BulkProcessor.java:132)
	org.elasticsearch.hadoop.rest.RestRepository.doWriteToIndex(RestRepository.java:192)
	org.elasticsearch.hadoop.rest.RestRepository.writeToIndex(RestRepository.java:172)
	org.elasticsearch.spark.rdd.EsRDDWriter.write(EsRDDWriter.scala:83)
	org.elasticsearch.spark.sql.EsSparkSQL$.$anonfun$saveToEs$1(EsSparkSQL.scala:103)
	org.elasticsearch.spark.sql.EsSparkSQL$.$anonfun$saveToEs$1$adapted(EsSparkSQL.scala:103)
	org.apache.spark.scheduler.ResultTask.runTask(ResultTask.scala:93)
	org.apache.spark.TaskContext.runTaskWithListeners(TaskContext.scala:161)
	org.apache.spark.scheduler.Task.run(Task.scala:141)
	org.apache.spark.executor.Executor$TaskRunner.$anonfun$run$4(Executor.scala:620)
	org.apache.spark.util.SparkErrorUtils.tryWithSafeFinally(SparkErrorUtils.scala:64)
	org.apache.spark.util.SparkErrorUtils.tryWithSafeFinally$(SparkErrorUtils.scala:61)
	org.apache.spark.util.Utils$.tryWithSafeFinally(Utils.scala:94)
	org.apache.spark.executor.Executor$TaskRunner.run(Executor.scala:623)
	java.base/java.util.concurrent.ThreadPoolExecutor.runWorker(ThreadPoolExecutor.java:1128)
	java.base/java.util.concurrent.ThreadPoolExecutor$Worker.run(ThreadPoolExecutor.java:628)
	java.base/java.lang.Thread.run(Thread.java:829)
		at org.apache.spark.TaskContextImpl.invokeListeners(TaskContextImpl.scala:254)
		at org.apache.spark.TaskContextImpl.invokeTaskCompletionListeners(TaskContextImpl.scala:144)
		at org.apache.spark.TaskContextImpl.markTaskCompleted(TaskContextImpl.scala:137)
		at org.apache.spark.TaskContext.runTaskWithListeners(TaskContext.scala:172)
		... 9 more
		Suppressed: org.elasticsearch.hadoop.rest.EsHadoopNoNodesLeftException: Connection error (check network and/or proxy settings)- all nodes failed; tried [[elasticsearch:9200]] 
			at org.elasticsearch.hadoop.rest.NetworkClient.execute(NetworkClient.java:160)
			at org.elasticsearch.hadoop.rest.RestClient.execute(RestClient.java:442)
			at org.elasticsearch.hadoop.rest.RestClient.execute(RestClient.java:438)
			at org.elasticsearch.hadoop.rest.RestClient.execute(RestClient.java:398)
			at org.elasticsearch.hadoop.rest.RestClient.execute(RestClient.java:402)
			at org.elasticsearch.hadoop.rest.RestClient.refresh(RestClient.java:285)
			at org.elasticsearch.hadoop.rest.bulk.BulkProcessor.close(BulkProcessor.java:569)
			at org.elasticsearch.hadoop.rest.RestRepository.close(RestRepository.java:226)
			at org.elasticsearch.hadoop.rest.RestService$PartitionWriter.close(RestService.java:122)
			at org.elasticsearch.spark.rdd.EsRDDWriter$$anon$1.onTaskCompletion(EsRDDWriter.scala:74)
			at org.apache.spark.TaskContextImpl.$anonfun$invokeTaskCompletionListeners$1(TaskContextImpl.scala:144)
			at org.apache.spark.TaskContextImpl.$anonfun$invokeTaskCompletionListeners$1$adapted(TaskContextImpl.scala:144)
			at org.apache.spark.TaskContextImpl.invokeListeners(TaskContextImpl.scala:199)
			... 12 more

Driver stacktrace:
	at org.apache.spark.scheduler.DAGScheduler.failJobAndIndependentStages(DAGScheduler.scala:2844)
	at org.apache.spark.scheduler.DAGScheduler.$anonfun$abortStage$2(DAGScheduler.scala:2780)
	at org.apache.spark.scheduler.DAGScheduler.$anonfun$abortStage$2$adapted(DAGScheduler.scala:2779)
	at scala.collection.mutable.ResizableArray.foreach(ResizableArray.scala:62)
	at scala.collection.mutable.ResizableArray.foreach$(ResizableArray.scala:55)
	at scala.collection.mutable.ArrayBuffer.foreach(ArrayBuffer.scala:49)
	at org.apache.spark.scheduler.DAGScheduler.abortStage(DAGScheduler.scala:2779)
	at org.apache.spark.scheduler.DAGScheduler.$anonfun$handleTaskSetFailed$1(DAGScheduler.scala:1242)
	at org.apache.spark.scheduler.DAGScheduler.$anonfun$handleTaskSetFailed$1$adapted(DAGScheduler.scala:1242)
	at scala.Option.foreach(Option.scala:407)
	at org.apache.spark.scheduler.DAGScheduler.handleTaskSetFailed(DAGScheduler.scala:1242)
	at org.apache.spark.scheduler.DAGSchedulerEventProcessLoop.doOnReceive(DAGScheduler.scala:3048)
	at org.apache.spark.scheduler.DAGSchedulerEventProcessLoop.onReceive(DAGScheduler.scala:2982)
	at org.apache.spark.scheduler.DAGSchedulerEventProcessLoop.onReceive(DAGScheduler.scala:2971)
	at org.apache.spark.util.EventLoop$$anon$1.run(EventLoop.scala:49)
	at org.apache.spark.scheduler.DAGScheduler.runJob(DAGScheduler.scala:984)
	at org.apache.spark.SparkContext.runJob(SparkContext.scala:2398)
	at org.apache.spark.SparkContext.runJob(SparkContext.scala:2419)
	at org.apache.spark.SparkContext.runJob(SparkContext.scala:2451)
	at org.elasticsearch.spark.sql.EsSparkSQL$.saveToEs(EsSparkSQL.scala:103)
	at org.elasticsearch.spark.sql.ElasticsearchRelation.insert(DefaultSource.scala:629)
	at org.elasticsearch.spark.sql.DefaultSource.createRelation(DefaultSource.scala:107)
	at org.apache.spark.sql.execution.datasources.SaveIntoDataSourceCommand.run(SaveIntoDataSourceCommand.scala:48)
	at org.apache.spark.sql.execution.command.ExecutedCommandExec.sideEffectResult$lzycompute(commands.scala:75)
	at org.apache.spark.sql.execution.command.ExecutedCommandExec.sideEffectResult(commands.scala:73)
	at org.apache.spark.sql.execution.command.ExecutedCommandExec.executeCollect(commands.scala:84)
	at org.apache.spark.sql.execution.QueryExecution$$anonfun$eagerlyExecuteCommands$1.$anonfun$applyOrElse$1(QueryExecution.scala:107)
	at org.apache.spark.sql.execution.SQLExecution$.$anonfun$withNewExecutionId$6(SQLExecution.scala:125)
	at org.apache.spark.sql.execution.SQLExecution$.withSQLConfPropagated(SQLExecution.scala:201)
	at org.apache.spark.sql.execution.SQLExecution$.$anonfun$withNewExecutionId$1(SQLExecution.scala:108)
	at org.apache.spark.sql.SparkSession.withActive(SparkSession.scala:900)
	at org.apache.spark.sql.execution.SQLExecution$.withNewExecutionId(SQLExecution.scala:66)
	at org.apache.spark.sql.execution.QueryExecution$$anonfun$eagerlyExecuteCommands$1.applyOrElse(QueryExecution.scala:107)
	at org.apache.spark.sql.execution.QueryExecution$$anonfun$eagerlyExecuteCommands$1.applyOrElse(QueryExecution.scala:98)
	at org.apache.spark.sql.catalyst.trees.TreeNode.$anonfun$transformDownWithPruning$1(TreeNode.scala:461)
	at org.apache.spark.sql.catalyst.trees.CurrentOrigin$.withOrigin(origin.scala:76)
	at org.apache.spark.sql.catalyst.trees.TreeNode.transformDownWithPruning(TreeNode.scala:461)
	at org.apache.spark.sql.catalyst.plans.logical.LogicalPlan.org$apache$spark$sql$catalyst$plans$logical$AnalysisHelper$$super$transformDownWithPruning(LogicalPlan.scala:32)
	at org.apache.spark.sql.catalyst.plans.logical.AnalysisHelper.transformDownWithPruning(AnalysisHelper.scala:267)
	at org.apache.spark.sql.catalyst.plans.logical.AnalysisHelper.transformDownWithPruning$(AnalysisHelper.scala:263)
	at org.apache.spark.sql.catalyst.plans.logical.LogicalPlan.transformDownWithPruning(LogicalPlan.scala:32)
	at org.apache.spark.sql.catalyst.plans.logical.LogicalPlan.transformDownWithPruning(LogicalPlan.scala:32)
	at org.apache.spark.sql.catalyst.trees.TreeNode.transformDown(TreeNode.scala:437)
	at org.apache.spark.sql.execution.QueryExecution.eagerlyExecuteCommands(QueryExecution.scala:98)
	at org.apache.spark.sql.execution.QueryExecution.commandExecuted$lzycompute(QueryExecution.scala:85)
	at org.apache.spark.sql.execution.QueryExecution.commandExecuted(QueryExecution.scala:83)
	at org.apache.spark.sql.execution.QueryExecution.assertCommandExecuted(QueryExecution.scala:142)
	at org.apache.spark.sql.DataFrameWriter.runCommand(DataFrameWriter.scala:859)
	at org.apache.spark.sql.DataFrameWriter.saveToV1Source(DataFrameWriter.scala:388)
	at org.apache.spark.sql.DataFrameWriter.saveInternal(DataFrameWriter.scala:361)
	at org.apache.spark.sql.DataFrameWriter.save(DataFrameWriter.scala:248)
	at java.base/jdk.internal.reflect.NativeMethodAccessorImpl.invoke0(Native Method)
	at java.base/jdk.internal.reflect.NativeMethodAccessorImpl.invoke(NativeMethodAccessorImpl.java:62)
	at java.base/jdk.internal.reflect.DelegatingMethodAccessorImpl.invoke(DelegatingMethodAccessorImpl.java:43)
	at java.base/java.lang.reflect.Method.invoke(Method.java:566)
	at py4j.reflection.MethodInvoker.invoke(MethodInvoker.java:244)
	at py4j.reflection.ReflectionEngine.invoke(ReflectionEngine.java:374)
	at py4j.Gateway.invoke(Gateway.java:282)
	at py4j.commands.AbstractCommand.invokeMethod(AbstractCommand.java:132)
	at py4j.commands.CallCommand.execute(CallCommand.java:79)
	at py4j.ClientServerConnection.waitForCommands(ClientServerConnection.java:182)
	at py4j.ClientServerConnection.run(ClientServerConnection.java:106)
	at java.base/java.lang.Thread.run(Thread.java:829)
Caused by: org.elasticsearch.hadoop.rest.EsHadoopNoNodesLeftException: Connection error (check network and/or proxy settings)- all nodes failed; tried [[elasticsearch:9200]] 
	at org.elasticsearch.hadoop.rest.NetworkClient.execute(NetworkClient.java:160)
	at org.elasticsearch.hadoop.rest.RestClient.execute(RestClient.java:442)
	at org.elasticsearch.hadoop.rest.RestClient.execute(RestClient.java:438)
	at org.elasticsearch.hadoop.rest.RestClient.execute(RestClient.java:418)
	at org.elasticsearch.hadoop.rest.RestClient.bulk(RestClient.java:236)
	at org.elasticsearch.hadoop.rest.bulk.BulkProcessor.tryFlush(BulkProcessor.java:215)
	at org.elasticsearch.hadoop.rest.bulk.BulkProcessor.flush(BulkProcessor.java:518)
	at org.elasticsearch.hadoop.rest.bulk.BulkProcessor.add(BulkProcessor.java:132)
	at org.elasticsearch.hadoop.rest.RestRepository.doWriteToIndex(RestRepository.java:192)
	at org.elasticsearch.hadoop.rest.RestRepository.writeToIndex(RestRepository.java:172)
	at org.elasticsearch.spark.rdd.EsRDDWriter.write(EsRDDWriter.scala:83)
	at org.elasticsearch.spark.sql.EsSparkSQL$.$anonfun$saveToEs$1(EsSparkSQL.scala:103)
	at org.elasticsearch.spark.sql.EsSparkSQL$.$anonfun$saveToEs$1$adapted(EsSparkSQL.scala:103)
	at org.apache.spark.scheduler.ResultTask.runTask(ResultTask.scala:93)
	at org.apache.spark.TaskContext.runTaskWithListeners(TaskContext.scala:161)
	at org.apache.spark.scheduler.Task.run(Task.scala:141)
	at org.apache.spark.executor.Executor$TaskRunner.$anonfun$run$4(Executor.scala:620)
	at org.apache.spark.util.SparkErrorUtils.tryWithSafeFinally(SparkErrorUtils.scala:64)
	at org.apache.spark.util.SparkErrorUtils.tryWithSafeFinally$(SparkErrorUtils.scala:61)
	at org.apache.spark.util.Utils$.tryWithSafeFinally(Utils.scala:94)
	at org.apache.spark.executor.Executor$TaskRunner.run(Executor.scala:623)
	at java.base/java.util.concurrent.ThreadPoolExecutor.runWorker(ThreadPoolExecutor.java:1128)
	at java.base/java.util.concurrent.ThreadPoolExecutor$Worker.run(ThreadPoolExecutor.java:628)
	... 1 more
	Suppressed: org.apache.spark.util.TaskCompletionListenerException: Connection error (check network and/or proxy settings)- all nodes failed; tried [[elasticsearch:9200]] 

Previous exception in task: Connection error (check network and/or proxy settings)- all nodes failed; tried [[elasticsearch:9200]] 
	org.elasticsearch.hadoop.rest.NetworkClient.execute(NetworkClient.java:160)
	org.elasticsearch.hadoop.rest.RestClient.execute(RestClient.java:442)
	org.elasticsearch.hadoop.rest.RestClient.execute(RestClient.java:438)
	org.elasticsearch.hadoop.rest.RestClient.execute(RestClient.java:418)
	org.elasticsearch.hadoop.rest.RestClient.bulk(RestClient.java:236)
	org.elasticsearch.hadoop.rest.bulk.BulkProcessor.tryFlush(BulkProcessor.java:215)
	org.elasticsearch.hadoop.rest.bulk.BulkProcessor.flush(BulkProcessor.java:518)
	org.elasticsearch.hadoop.rest.bulk.BulkProcessor.add(BulkProcessor.java:132)
	org.elasticsearch.hadoop.rest.RestRepository.doWriteToIndex(RestRepository.java:192)
	org.elasticsearch.hadoop.rest.RestRepository.writeToIndex(RestRepository.java:172)
	org.elasticsearch.spark.rdd.EsRDDWriter.write(EsRDDWriter.scala:83)
	org.elasticsearch.spark.sql.EsSparkSQL$.$anonfun$saveToEs$1(EsSparkSQL.scala:103)
	org.elasticsearch.spark.sql.EsSparkSQL$.$anonfun$saveToEs$1$adapted(EsSparkSQL.scala:103)
	org.apache.spark.scheduler.ResultTask.runTask(ResultTask.scala:93)
	org.apache.spark.TaskContext.runTaskWithListeners(TaskContext.scala:161)
	org.apache.spark.scheduler.Task.run(Task.scala:141)
	org.apache.spark.executor.Executor$TaskRunner.$anonfun$run$4(Executor.scala:620)
	org.apache.spark.util.SparkErrorUtils.tryWithSafeFinally(SparkErrorUtils.scala:64)
	org.apache.spark.util.SparkErrorUtils.tryWithSafeFinally$(SparkErrorUtils.scala:61)
	org.apache.spark.util.Utils$.tryWithSafeFinally(Utils.scala:94)
	org.apache.spark.executor.Executor$TaskRunner.run(Executor.scala:623)
	java.base/java.util.concurrent.ThreadPoolExecutor.runWorker(ThreadPoolExecutor.java:1128)
	java.base/java.util.concurrent.ThreadPoolExecutor$Worker.run(ThreadPoolExecutor.java:628)
	java.base/java.lang.Thread.run(Thread.java:829)
		at org.apache.spark.TaskContextImpl.invokeListeners(TaskContextImpl.scala:254)
		at org.apache.spark.TaskContextImpl.invokeTaskCompletionListeners(TaskContextImpl.scala:144)
		at org.apache.spark.TaskContextImpl.markTaskCompleted(TaskContextImpl.scala:137)
		at org.apache.spark.TaskContext.runTaskWithListeners(TaskContext.scala:172)
		... 9 more
		Suppressed: org.elasticsearch.hadoop.rest.EsHadoopNoNodesLeftException: Connection error (check network and/or proxy settings)- all nodes failed; tried [[elasticsearch:9200]] 
			at org.elasticsearch.hadoop.rest.NetworkClient.execute(NetworkClient.java:160)
			at org.elasticsearch.hadoop.rest.RestClient.execute(RestClient.java:442)
			at org.elasticsearch.hadoop.rest.RestClient.execute(RestClient.java:438)
			at org.elasticsearch.hadoop.rest.RestClient.execute(RestClient.java:398)
			at org.elasticsearch.hadoop.rest.RestClient.execute(RestClient.java:402)
			at org.elasticsearch.hadoop.rest.RestClient.refresh(RestClient.java:285)
			at org.elasticsearch.hadoop.rest.bulk.BulkProcessor.close(BulkProcessor.java:569)
			at org.elasticsearch.hadoop.rest.RestRepository.close(RestRepository.java:226)
			at org.elasticsearch.hadoop.rest.RestService$PartitionWriter.close(RestService.java:122)
			at org.elasticsearch.spark.rdd.EsRDDWriter$$anon$1.onTaskCompletion(EsRDDWriter.scala:74)
			at org.apache.spark.TaskContextImpl.$anonfun$invokeTaskCompletionListeners$1(TaskContextImpl.scala:144)
			at org.apache.spark.TaskContextImpl.$anonfun$invokeTaskCompletionListeners$1$adapted(TaskContextImpl.scala:144)
			at org.apache.spark.TaskContextImpl.invokeListeners(TaskContextImpl.scala:199)
			... 12 more
; 1401)
[2025-04-21T11:50:54.648+0000] {local_task_job_runner.py:228} INFO - Task exited with return code 1
[2025-04-21T11:50:54.847+0000] {taskinstance.py:2778} INFO - 0 downstream tasks scheduled from follow-on schedule check
